<?xml version="1.0" encoding="UTF-8"?>
<testsuite xmlns:xsi="http://www.w3.org/2001/XMLSchema-instance" xsi:noNamespaceSchemaLocation="https://maven.apache.org/surefire/maven-surefire-plugin/xsd/surefire-test-report.xsd" version="3.0.2" name="com.hexaware.fastx.service.RefundServiceTest" time="1.043" tests="8" errors="0" skipped="0" failures="0" flakes="0">
  <properties>
[...]
</properties>
  <testcase name="testGetRefundsByStatus" classname="com.hexaware.fastx.service.RefundServiceTest" time="0.141">
    <system-out><![CDATA[2026-07-10T09:42:30.738+05:30  INFO 66787 --- [FastX-Test] [           main] t.c.s.AnnotationConfigContextLoaderUtils : Could not detect default configuration classes for test class [com.hexaware.fastx.service.RefundServiceTest]: RefundServiceTest does not declare any static, non-private, non-final, nested classes annotated with @Configuration.
2026-07-10T09:42:30.739+05:30  INFO 66787 --- [FastX-Test] [           main] .b.t.c.SpringBootTestContextBootstrapper : Found @SpringBootConfiguration com.hexaware.fastx.FastXApplication for test class com.hexaware.fastx.service.RefundServiceTest
2026-07-10T09:42:30.744+05:30 DEBUG 66787 --- [FastX-Test] [           main] org.hibernate.SQL                        : 
    insert 
    into
        roles
        (role_name, role_id) 
    values
        (?, default)
Hibernate: 
    insert 
    into
        roles
        (role_name, role_id) 
    values
        (?, default)
2026-07-10T09:42:30.744+05:30  INFO 66787 --- [FastX-Test] [           main] c.h.fastx.service.impl.RoleServiceImpl   : Role created with ID: 35
2026-07-10T09:42:30.746+05:30 DEBUG 66787 --- [FastX-Test] [           main] org.hibernate.SQL                        : 
    select
        u1_0.user_id 
    from
        users u1_0 
    where
        u1_0.email=? 
    fetch
        first ? rows only
Hibernate: 
    select
        u1_0.user_id 
    from
        users u1_0 
    where
        u1_0.email=? 
    fetch
        first ? rows only
2026-07-10T09:42:30.803+05:30 DEBUG 66787 --- [FastX-Test] [           main] org.hibernate.SQL                        : 
    insert 
    into
        users
        (address, auth_provider, created_at, email, full_name, gender, google_id, is_active, password, phone_number, role_id, updated_at, user_id) 
    values
        (?, ?, ?, ?, ?, ?, ?, ?, ?, ?, ?, ?, default)
Hibernate: 
    insert 
    into
        users
        (address, auth_provider, created_at, email, full_name, gender, google_id, is_active, password, phone_number, role_id, updated_at, user_id) 
    values
        (?, ?, ?, ?, ?, ?, ?, ?, ?, ?, ?, ?, default)
2026-07-10T09:42:30.804+05:30  INFO 66787 --- [FastX-Test] [           main] c.h.fastx.service.impl.UserServiceImpl   : User created with ID: 29
2026-07-10T09:42:30.860+05:30 DEBUG 66787 --- [FastX-Test] [           main] org.hibernate.SQL                        : 
    insert 
    into
        bus_operators
        (address, company_name, created_at, email, is_active, password, phone_number, updated_at, operator_id) 
    values
        (?, ?, ?, ?, ?, ?, ?, ?, default)
Hibernate: 
    insert 
    into
        bus_operators
        (address, company_name, created_at, email, is_active, password, phone_number, updated_at, operator_id) 
    values
        (?, ?, ?, ?, ?, ?, ?, ?, default)
2026-07-10T09:42:30.861+05:30  INFO 66787 --- [FastX-Test] [           main] c.h.f.s.impl.BusOperatorServiceImpl      : Bus Operator created with ID: 42
2026-07-10T09:42:30.861+05:30 DEBUG 66787 --- [FastX-Test] [           main] org.hibernate.SQL                        : 
    insert 
    into
        buses
        (arrival_time, bus_name, bus_number, operator_id, bus_type, created_at, departure_time, destination, fare, journey_date, origin, total_seats, updated_at, bus_id) 
    values
        (?, ?, ?, ?, ?, ?, ?, ?, ?, ?, ?, ?, ?, default)
Hibernate: 
    insert 
    into
        buses
        (arrival_time, bus_name, bus_number, operator_id, bus_type, created_at, departure_time, destination, fare, journey_date, origin, total_seats, updated_at, bus_id) 
    values
        (?, ?, ?, ?, ?, ?, ?, ?, ?, ?, ?, ?, ?, default)
2026-07-10T09:42:30.861+05:30  INFO 66787 --- [FastX-Test] [           main] c.h.fastx.service.impl.BusServiceImpl    : Bus added with ID: 35
2026-07-10T09:42:30.862+05:30 DEBUG 66787 --- [FastX-Test] [           main] org.hibernate.SQL                        : 
    insert 
    into
        seats
        (bus_id, created_at, reserved_booking_id, seat_number, seat_status, seat_type, updated_at, seat_id) 
    values
        (?, ?, ?, ?, ?, ?, ?, default)
Hibernate: 
    insert 
    into
        seats
        (bus_id, created_at, reserved_booking_id, seat_number, seat_status, seat_type, updated_at, seat_id) 
    values
        (?, ?, ?, ?, ?, ?, ?, default)
2026-07-10T09:42:30.862+05:30 DEBUG 66787 --- [FastX-Test] [           main] org.hibernate.SQL                        : 
    insert 
    into
        seats
        (bus_id, created_at, reserved_booking_id, seat_number, seat_status, seat_type, updated_at, seat_id) 
    values
        (?, ?, ?, ?, ?, ?, ?, default)
Hibernate: 
    insert 
    into
        seats
        (bus_id, created_at, reserved_booking_id, seat_number, seat_status, seat_type, updated_at, seat_id) 
    values
        (?, ?, ?, ?, ?, ?, ?, default)
2026-07-10T09:42:30.862+05:30 DEBUG 66787 --- [FastX-Test] [           main] org.hibernate.SQL                        : 
    insert 
    into
        seats
        (bus_id, created_at, reserved_booking_id, seat_number, seat_status, seat_type, updated_at, seat_id) 
    values
        (?, ?, ?, ?, ?, ?, ?, default)
Hibernate: 
    insert 
    into
        seats
        (bus_id, created_at, reserved_booking_id, seat_number, seat_status, seat_type, updated_at, seat_id) 
    values
        (?, ?, ?, ?, ?, ?, ?, default)
2026-07-10T09:42:30.862+05:30 DEBUG 66787 --- [FastX-Test] [           main] org.hibernate.SQL                        : 
    insert 
    into
        seats
        (bus_id, created_at, reserved_booking_id, seat_number, seat_status, seat_type, updated_at, seat_id) 
    values
        (?, ?, ?, ?, ?, ?, ?, default)
Hibernate: 
    insert 
    into
        seats
        (bus_id, created_at, reserved_booking_id, seat_number, seat_status, seat_type, updated_at, seat_id) 
    values
        (?, ?, ?, ?, ?, ?, ?, default)
2026-07-10T09:42:30.863+05:30 DEBUG 66787 --- [FastX-Test] [           main] org.hibernate.SQL                        : 
    insert 
    into
        seats
        (bus_id, created_at, reserved_booking_id, seat_number, seat_status, seat_type, updated_at, seat_id) 
    values
        (?, ?, ?, ?, ?, ?, ?, default)
Hibernate: 
    insert 
    into
        seats
        (bus_id, created_at, reserved_booking_id, seat_number, seat_status, seat_type, updated_at, seat_id) 
    values
        (?, ?, ?, ?, ?, ?, ?, default)
2026-07-10T09:42:30.863+05:30 DEBUG 66787 --- [FastX-Test] [           main] org.hibernate.SQL                        : 
    insert 
    into
        seats
        (bus_id, created_at, reserved_booking_id, seat_number, seat_status, seat_type, updated_at, seat_id) 
    values
        (?, ?, ?, ?, ?, ?, ?, default)
Hibernate: 
    insert 
    into
        seats
        (bus_id, created_at, reserved_booking_id, seat_number, seat_status, seat_type, updated_at, seat_id) 
    values
        (?, ?, ?, ?, ?, ?, ?, default)
2026-07-10T09:42:30.863+05:30 DEBUG 66787 --- [FastX-Test] [           main] org.hibernate.SQL                        : 
    insert 
    into
        seats
        (bus_id, created_at, reserved_booking_id, seat_number, seat_status, seat_type, updated_at, seat_id) 
    values
        (?, ?, ?, ?, ?, ?, ?, default)
Hibernate: 
    insert 
    into
        seats
        (bus_id, created_at, reserved_booking_id, seat_number, seat_status, seat_type, updated_at, seat_id) 
    values
        (?, ?, ?, ?, ?, ?, ?, default)
2026-07-10T09:42:30.863+05:30 DEBUG 66787 --- [FastX-Test] [           main] org.hibernate.SQL                        : 
    insert 
    into
        seats
        (bus_id, created_at, reserved_booking_id, seat_number, seat_status, seat_type, updated_at, seat_id) 
    values
        (?, ?, ?, ?, ?, ?, ?, default)
Hibernate: 
    insert 
    into
        seats
        (bus_id, created_at, reserved_booking_id, seat_number, seat_status, seat_type, updated_at, seat_id) 
    values
        (?, ?, ?, ?, ?, ?, ?, default)
2026-07-10T09:42:30.863+05:30 DEBUG 66787 --- [FastX-Test] [           main] org.hibernate.SQL                        : 
    insert 
    into
        seats
        (bus_id, created_at, reserved_booking_id, seat_number, seat_status, seat_type, updated_at, seat_id) 
    values
        (?, ?, ?, ?, ?, ?, ?, default)
Hibernate: 
    insert 
    into
        seats
        (bus_id, created_at, reserved_booking_id, seat_number, seat_status, seat_type, updated_at, seat_id) 
    values
        (?, ?, ?, ?, ?, ?, ?, default)
2026-07-10T09:42:30.863+05:30 DEBUG 66787 --- [FastX-Test] [           main] org.hibernate.SQL                        : 
    insert 
    into
        seats
        (bus_id, created_at, reserved_booking_id, seat_number, seat_status, seat_type, updated_at, seat_id) 
    values
        (?, ?, ?, ?, ?, ?, ?, default)
Hibernate: 
    insert 
    into
        seats
        (bus_id, created_at, reserved_booking_id, seat_number, seat_status, seat_type, updated_at, seat_id) 
    values
        (?, ?, ?, ?, ?, ?, ?, default)
2026-07-10T09:42:30.863+05:30 DEBUG 66787 --- [FastX-Test] [           main] org.hibernate.SQL                        : 
    insert 
    into
        seats
        (bus_id, created_at, reserved_booking_id, seat_number, seat_status, seat_type, updated_at, seat_id) 
    values
        (?, ?, ?, ?, ?, ?, ?, default)
Hibernate: 
    insert 
    into
        seats
        (bus_id, created_at, reserved_booking_id, seat_number, seat_status, seat_type, updated_at, seat_id) 
    values
        (?, ?, ?, ?, ?, ?, ?, default)
2026-07-10T09:42:30.864+05:30 DEBUG 66787 --- [FastX-Test] [           main] org.hibernate.SQL                        : 
    insert 
    into
        seats
        (bus_id, created_at, reserved_booking_id, seat_number, seat_status, seat_type, updated_at, seat_id) 
    values
        (?, ?, ?, ?, ?, ?, ?, default)
Hibernate: 
    insert 
    into
        seats
        (bus_id, created_at, reserved_booking_id, seat_number, seat_status, seat_type, updated_at, seat_id) 
    values
        (?, ?, ?, ?, ?, ?, ?, default)
2026-07-10T09:42:30.864+05:30 DEBUG 66787 --- [FastX-Test] [           main] org.hibernate.SQL                        : 
    insert 
    into
        seats
        (bus_id, created_at, reserved_booking_id, seat_number, seat_status, seat_type, updated_at, seat_id) 
    values
        (?, ?, ?, ?, ?, ?, ?, default)
Hibernate: 
    insert 
    into
        seats
        (bus_id, created_at, reserved_booking_id, seat_number, seat_status, seat_type, updated_at, seat_id) 
    values
        (?, ?, ?, ?, ?, ?, ?, default)
2026-07-10T09:42:30.864+05:30 DEBUG 66787 --- [FastX-Test] [           main] org.hibernate.SQL                        : 
    insert 
    into
        seats
        (bus_id, created_at, reserved_booking_id, seat_number, seat_status, seat_type, updated_at, seat_id) 
    values
        (?, ?, ?, ?, ?, ?, ?, default)
Hibernate: 
    insert 
    into
        seats
        (bus_id, created_at, reserved_booking_id, seat_number, seat_status, seat_type, updated_at, seat_id) 
    values
        (?, ?, ?, ?, ?, ?, ?, default)
2026-07-10T09:42:30.864+05:30 DEBUG 66787 --- [FastX-Test] [           main] org.hibernate.SQL                        : 
    insert 
    into
        seats
        (bus_id, created_at, reserved_booking_id, seat_number, seat_status, seat_type, updated_at, seat_id) 
    values
        (?, ?, ?, ?, ?, ?, ?, default)
Hibernate: 
    insert 
    into
        seats
        (bus_id, created_at, reserved_booking_id, seat_number, seat_status, seat_type, updated_at, seat_id) 
    values
        (?, ?, ?, ?, ?, ?, ?, default)
2026-07-10T09:42:30.864+05:30 DEBUG 66787 --- [FastX-Test] [           main] org.hibernate.SQL                        : 
    insert 
    into
        seats
        (bus_id, created_at, reserved_booking_id, seat_number, seat_status, seat_type, updated_at, seat_id) 
    values
        (?, ?, ?, ?, ?, ?, ?, default)
Hibernate: 
    insert 
    into
        seats
        (bus_id, created_at, reserved_booking_id, seat_number, seat_status, seat_type, updated_at, seat_id) 
    values
        (?, ?, ?, ?, ?, ?, ?, default)
2026-07-10T09:42:30.864+05:30 DEBUG 66787 --- [FastX-Test] [           main] org.hibernate.SQL                        : 
    insert 
    into
        seats
        (bus_id, created_at, reserved_booking_id, seat_number, seat_status, seat_type, updated_at, seat_id) 
    values
        (?, ?, ?, ?, ?, ?, ?, default)
Hibernate: 
    insert 
    into
        seats
        (bus_id, created_at, reserved_booking_id, seat_number, seat_status, seat_type, updated_at, seat_id) 
    values
        (?, ?, ?, ?, ?, ?, ?, default)
2026-07-10T09:42:30.865+05:30 DEBUG 66787 --- [FastX-Test] [           main] org.hibernate.SQL                        : 
    insert 
    into
        seats
        (bus_id, created_at, reserved_booking_id, seat_number, seat_status, seat_type, updated_at, seat_id) 
    values
        (?, ?, ?, ?, ?, ?, ?, default)
Hibernate: 
    insert 
    into
        seats
        (bus_id, created_at, reserved_booking_id, seat_number, seat_status, seat_type, updated_at, seat_id) 
    values
        (?, ?, ?, ?, ?, ?, ?, default)
2026-07-10T09:42:30.865+05:30 DEBUG 66787 --- [FastX-Test] [           main] org.hibernate.SQL                        : 
    insert 
    into
        seats
        (bus_id, created_at, reserved_booking_id, seat_number, seat_status, seat_type, updated_at, seat_id) 
    values
        (?, ?, ?, ?, ?, ?, ?, default)
Hibernate: 
    insert 
    into
        seats
        (bus_id, created_at, reserved_booking_id, seat_number, seat_status, seat_type, updated_at, seat_id) 
    values
        (?, ?, ?, ?, ?, ?, ?, default)
2026-07-10T09:42:30.865+05:30 DEBUG 66787 --- [FastX-Test] [           main] org.hibernate.SQL                        : 
    insert 
    into
        seats
        (bus_id, created_at, reserved_booking_id, seat_number, seat_status, seat_type, updated_at, seat_id) 
    values
        (?, ?, ?, ?, ?, ?, ?, default)
Hibernate: 
    insert 
    into
        seats
        (bus_id, created_at, reserved_booking_id, seat_number, seat_status, seat_type, updated_at, seat_id) 
    values
        (?, ?, ?, ?, ?, ?, ?, default)
2026-07-10T09:42:30.865+05:30 DEBUG 66787 --- [FastX-Test] [           main] org.hibernate.SQL                        : 
    insert 
    into
        seats
        (bus_id, created_at, reserved_booking_id, seat_number, seat_status, seat_type, updated_at, seat_id) 
    values
        (?, ?, ?, ?, ?, ?, ?, default)
Hibernate: 
    insert 
    into
        seats
        (bus_id, created_at, reserved_booking_id, seat_number, seat_status, seat_type, updated_at, seat_id) 
    values
        (?, ?, ?, ?, ?, ?, ?, default)
2026-07-10T09:42:30.865+05:30 DEBUG 66787 --- [FastX-Test] [           main] org.hibernate.SQL                        : 
    insert 
    into
        seats
        (bus_id, created_at, reserved_booking_id, seat_number, seat_status, seat_type, updated_at, seat_id) 
    values
        (?, ?, ?, ?, ?, ?, ?, default)
Hibernate: 
    insert 
    into
        seats
        (bus_id, created_at, reserved_booking_id, seat_number, seat_status, seat_type, updated_at, seat_id) 
    values
        (?, ?, ?, ?, ?, ?, ?, default)
2026-07-10T09:42:30.865+05:30 DEBUG 66787 --- [FastX-Test] [           main] org.hibernate.SQL                        : 
    insert 
    into
        seats
        (bus_id, created_at, reserved_booking_id, seat_number, seat_status, seat_type, updated_at, seat_id) 
    values
        (?, ?, ?, ?, ?, ?, ?, default)
Hibernate: 
    insert 
    into
        seats
        (bus_id, created_at, reserved_booking_id, seat_number, seat_status, seat_type, updated_at, seat_id) 
    values
        (?, ?, ?, ?, ?, ?, ?, default)
2026-07-10T09:42:30.866+05:30 DEBUG 66787 --- [FastX-Test] [           main] org.hibernate.SQL                        : 
    insert 
    into
        seats
        (bus_id, created_at, reserved_booking_id, seat_number, seat_status, seat_type, updated_at, seat_id) 
    values
        (?, ?, ?, ?, ?, ?, ?, default)
Hibernate: 
    insert 
    into
        seats
        (bus_id, created_at, reserved_booking_id, seat_number, seat_status, seat_type, updated_at, seat_id) 
    values
        (?, ?, ?, ?, ?, ?, ?, default)
2026-07-10T09:42:30.866+05:30 DEBUG 66787 --- [FastX-Test] [           main] org.hibernate.SQL                        : 
    insert 
    into
        seats
        (bus_id, created_at, reserved_booking_id, seat_number, seat_status, seat_type, updated_at, seat_id) 
    values
        (?, ?, ?, ?, ?, ?, ?, default)
Hibernate: 
    insert 
    into
        seats
        (bus_id, created_at, reserved_booking_id, seat_number, seat_status, seat_type, updated_at, seat_id) 
    values
        (?, ?, ?, ?, ?, ?, ?, default)
2026-07-10T09:42:30.866+05:30 DEBUG 66787 --- [FastX-Test] [           main] org.hibernate.SQL                        : 
    insert 
    into
        seats
        (bus_id, created_at, reserved_booking_id, seat_number, seat_status, seat_type, updated_at, seat_id) 
    values
        (?, ?, ?, ?, ?, ?, ?, default)
Hibernate: 
    insert 
    into
        seats
        (bus_id, created_at, reserved_booking_id, seat_number, seat_status, seat_type, updated_at, seat_id) 
    values
        (?, ?, ?, ?, ?, ?, ?, default)
2026-07-10T09:42:30.866+05:30 DEBUG 66787 --- [FastX-Test] [           main] org.hibernate.SQL                        : 
    insert 
    into
        seats
        (bus_id, created_at, reserved_booking_id, seat_number, seat_status, seat_type, updated_at, seat_id) 
    values
        (?, ?, ?, ?, ?, ?, ?, default)
Hibernate: 
    insert 
    into
        seats
        (bus_id, created_at, reserved_booking_id, seat_number, seat_status, seat_type, updated_at, seat_id) 
    values
        (?, ?, ?, ?, ?, ?, ?, default)
2026-07-10T09:42:30.866+05:30 DEBUG 66787 --- [FastX-Test] [           main] org.hibernate.SQL                        : 
    insert 
    into
        seats
        (bus_id, created_at, reserved_booking_id, seat_number, seat_status, seat_type, updated_at, seat_id) 
    values
        (?, ?, ?, ?, ?, ?, ?, default)
Hibernate: 
    insert 
    into
        seats
        (bus_id, created_at, reserved_booking_id, seat_number, seat_status, seat_type, updated_at, seat_id) 
    values
        (?, ?, ?, ?, ?, ?, ?, default)
2026-07-10T09:42:30.866+05:30 DEBUG 66787 --- [FastX-Test] [           main] org.hibernate.SQL                        : 
    insert 
    into
        seats
        (bus_id, created_at, reserved_booking_id, seat_number, seat_status, seat_type, updated_at, seat_id) 
    values
        (?, ?, ?, ?, ?, ?, ?, default)
Hibernate: 
    insert 
    into
        seats
        (bus_id, created_at, reserved_booking_id, seat_number, seat_status, seat_type, updated_at, seat_id) 
    values
        (?, ?, ?, ?, ?, ?, ?, default)
2026-07-10T09:42:30.867+05:30 DEBUG 66787 --- [FastX-Test] [           main] org.hibernate.SQL                        : 
    insert 
    into
        seats
        (bus_id, created_at, reserved_booking_id, seat_number, seat_status, seat_type, updated_at, seat_id) 
    values
        (?, ?, ?, ?, ?, ?, ?, default)
Hibernate: 
    insert 
    into
        seats
        (bus_id, created_at, reserved_booking_id, seat_number, seat_status, seat_type, updated_at, seat_id) 
    values
        (?, ?, ?, ?, ?, ?, ?, default)
2026-07-10T09:42:30.867+05:30 DEBUG 66787 --- [FastX-Test] [           main] org.hibernate.SQL                        : 
    insert 
    into
        seats
        (bus_id, created_at, reserved_booking_id, seat_number, seat_status, seat_type, updated_at, seat_id) 
    values
        (?, ?, ?, ?, ?, ?, ?, default)
Hibernate: 
    insert 
    into
        seats
        (bus_id, created_at, reserved_booking_id, seat_number, seat_status, seat_type, updated_at, seat_id) 
    values
        (?, ?, ?, ?, ?, ?, ?, default)
2026-07-10T09:42:30.867+05:30 DEBUG 66787 --- [FastX-Test] [           main] org.hibernate.SQL                        : 
    insert 
    into
        seats
        (bus_id, created_at, reserved_booking_id, seat_number, seat_status, seat_type, updated_at, seat_id) 
    values
        (?, ?, ?, ?, ?, ?, ?, default)
Hibernate: 
    insert 
    into
        seats
        (bus_id, created_at, reserved_booking_id, seat_number, seat_status, seat_type, updated_at, seat_id) 
    values
        (?, ?, ?, ?, ?, ?, ?, default)
2026-07-10T09:42:30.867+05:30 DEBUG 66787 --- [FastX-Test] [           main] org.hibernate.SQL                        : 
    insert 
    into
        seats
        (bus_id, created_at, reserved_booking_id, seat_number, seat_status, seat_type, updated_at, seat_id) 
    values
        (?, ?, ?, ?, ?, ?, ?, default)
Hibernate: 
    insert 
    into
        seats
        (bus_id, created_at, reserved_booking_id, seat_number, seat_status, seat_type, updated_at, seat_id) 
    values
        (?, ?, ?, ?, ?, ?, ?, default)
2026-07-10T09:42:30.867+05:30 DEBUG 66787 --- [FastX-Test] [           main] org.hibernate.SQL                        : 
    insert 
    into
        seats
        (bus_id, created_at, reserved_booking_id, seat_number, seat_status, seat_type, updated_at, seat_id) 
    values
        (?, ?, ?, ?, ?, ?, ?, default)
Hibernate: 
    insert 
    into
        seats
        (bus_id, created_at, reserved_booking_id, seat_number, seat_status, seat_type, updated_at, seat_id) 
    values
        (?, ?, ?, ?, ?, ?, ?, default)
2026-07-10T09:42:30.867+05:30 DEBUG 66787 --- [FastX-Test] [           main] org.hibernate.SQL                        : 
    insert 
    into
        seats
        (bus_id, created_at, reserved_booking_id, seat_number, seat_status, seat_type, updated_at, seat_id) 
    values
        (?, ?, ?, ?, ?, ?, ?, default)
Hibernate: 
    insert 
    into
        seats
        (bus_id, created_at, reserved_booking_id, seat_number, seat_status, seat_type, updated_at, seat_id) 
    values
        (?, ?, ?, ?, ?, ?, ?, default)
2026-07-10T09:42:30.867+05:30 DEBUG 66787 --- [FastX-Test] [           main] org.hibernate.SQL                        : 
    insert 
    into
        seats
        (bus_id, created_at, reserved_booking_id, seat_number, seat_status, seat_type, updated_at, seat_id) 
    values
        (?, ?, ?, ?, ?, ?, ?, default)
Hibernate: 
    insert 
    into
        seats
        (bus_id, created_at, reserved_booking_id, seat_number, seat_status, seat_type, updated_at, seat_id) 
    values
        (?, ?, ?, ?, ?, ?, ?, default)
2026-07-10T09:42:30.867+05:30 DEBUG 66787 --- [FastX-Test] [           main] org.hibernate.SQL                        : 
    insert 
    into
        seats
        (bus_id, created_at, reserved_booking_id, seat_number, seat_status, seat_type, updated_at, seat_id) 
    values
        (?, ?, ?, ?, ?, ?, ?, default)
Hibernate: 
    insert 
    into
        seats
        (bus_id, created_at, reserved_booking_id, seat_number, seat_status, seat_type, updated_at, seat_id) 
    values
        (?, ?, ?, ?, ?, ?, ?, default)
2026-07-10T09:42:30.868+05:30 DEBUG 66787 --- [FastX-Test] [           main] org.hibernate.SQL                        : 
    insert 
    into
        seats
        (bus_id, created_at, reserved_booking_id, seat_number, seat_status, seat_type, updated_at, seat_id) 
    values
        (?, ?, ?, ?, ?, ?, ?, default)
Hibernate: 
    insert 
    into
        seats
        (bus_id, created_at, reserved_booking_id, seat_number, seat_status, seat_type, updated_at, seat_id) 
    values
        (?, ?, ?, ?, ?, ?, ?, default)
2026-07-10T09:42:30.868+05:30 DEBUG 66787 --- [FastX-Test] [           main] org.hibernate.SQL                        : 
    insert 
    into
        seats
        (bus_id, created_at, reserved_booking_id, seat_number, seat_status, seat_type, updated_at, seat_id) 
    values
        (?, ?, ?, ?, ?, ?, ?, default)
Hibernate: 
    insert 
    into
        seats
        (bus_id, created_at, reserved_booking_id, seat_number, seat_status, seat_type, updated_at, seat_id) 
    values
        (?, ?, ?, ?, ?, ?, ?, default)
2026-07-10T09:42:30.868+05:30 DEBUG 66787 --- [FastX-Test] [           main] org.hibernate.SQL                        : 
    insert 
    into
        seats
        (bus_id, created_at, reserved_booking_id, seat_number, seat_status, seat_type, updated_at, seat_id) 
    values
        (?, ?, ?, ?, ?, ?, ?, default)
Hibernate: 
    insert 
    into
        seats
        (bus_id, created_at, reserved_booking_id, seat_number, seat_status, seat_type, updated_at, seat_id) 
    values
        (?, ?, ?, ?, ?, ?, ?, default)
2026-07-10T09:42:30.868+05:30  INFO 66787 --- [FastX-Test] [           main] c.h.fastx.service.impl.BusServiceImpl    : 40 seats created for Bus ID: 35
2026-07-10T09:42:30.869+05:30 DEBUG 66787 --- [FastX-Test] [           main] org.hibernate.SQL                        : 
    select
        s1_0.seat_id,
        s1_0.bus_id,
        s1_0.created_at,
        s1_0.reserved_booking_id,
        s1_0.seat_number,
        s1_0.seat_status,
        s1_0.seat_type,
        s1_0.updated_at 
    from
        seats s1_0 
    where
        s1_0.bus_id=? 
        and s1_0.seat_status=?
Hibernate: 
    select
        s1_0.seat_id,
        s1_0.bus_id,
        s1_0.created_at,
        s1_0.reserved_booking_id,
        s1_0.seat_number,
        s1_0.seat_status,
        s1_0.seat_type,
        s1_0.updated_at 
    from
        seats s1_0 
    where
        s1_0.bus_id=? 
        and s1_0.seat_status=?
2026-07-10T09:42:30.870+05:30  INFO 66787 --- [FastX-Test] [           main] c.h.f.service.impl.BookingServiceImpl    : Creating booking for User ID: 29 on Bus ID: 35
2026-07-10T09:42:30.870+05:30  INFO 66787 --- [FastX-Test] [           main] c.h.f.service.impl.BookingServiceImpl    : Number of passengers: 1
2026-07-10T09:42:30.871+05:30 DEBUG 66787 --- [FastX-Test] [           main] org.hibernate.SQL                        : 
    select
        count(s1_0.seat_id) 
    from
        seats s1_0 
    where
        s1_0.bus_id=? 
        and s1_0.seat_status=?
Hibernate: 
    select
        count(s1_0.seat_id) 
    from
        seats s1_0 
    where
        s1_0.bus_id=? 
        and s1_0.seat_status=?
2026-07-10T09:42:30.871+05:30  INFO 66787 --- [FastX-Test] [           main] c.h.f.service.impl.BookingServiceImpl    : Total amount calculated: 500.0 (fare 500.0 x 1 passengers)
2026-07-10T09:42:30.871+05:30  INFO 66787 --- [FastX-Test] [           main] c.h.f.service.impl.BookingServiceImpl    : Reservation expires at: 2026-07-10T10:12:30.871743505 (30-minute window)
2026-07-10T09:42:30.871+05:30 DEBUG 66787 --- [FastX-Test] [           main] org.hibernate.SQL                        : 
    insert 
    into
        bookings
        (booking_date, booking_status, bus_id, created_at, reservation_expires_at, total_amount, updated_at, user_id, booking_id) 
    values
        (?, ?, ?, ?, ?, ?, ?, ?, default)
Hibernate: 
    insert 
    into
        bookings
        (booking_date, booking_status, bus_id, created_at, reservation_expires_at, total_amount, updated_at, user_id, booking_id) 
    values
        (?, ?, ?, ?, ?, ?, ?, ?, default)
2026-07-10T09:42:30.872+05:30  INFO 66787 --- [FastX-Test] [           main] c.h.f.service.impl.BookingServiceImpl    : Booking saved with auto-generated ID: 20. User will use this ID to complete payment.
2026-07-10T09:42:30.872+05:30  INFO 66787 --- [FastX-Test] [           main] c.h.fastx.service.impl.SeatServiceImpl   : Seat reserved (held for payment): B35-01 for Booking ID: 20
2026-07-10T09:42:30.872+05:30 DEBUG 66787 --- [FastX-Test] [           main] org.hibernate.SQL                        : 
    insert 
    into
        passengers
        (age, booking_id, created_at, gender, name, seat_id, updated_at, passenger_id) 
    values
        (?, ?, ?, ?, ?, ?, ?, default)
Hibernate: 
    insert 
    into
        passengers
        (age, booking_id, created_at, gender, name, seat_id, updated_at, passenger_id) 
    values
        (?, ?, ?, ?, ?, ?, ?, default)
2026-07-10T09:42:30.873+05:30  INFO 66787 --- [FastX-Test] [           main] c.h.f.service.impl.BookingServiceImpl    : Passenger added: Buddy (Age: 21) -> Seat: B35-01
2026-07-10T09:42:30.873+05:30 DEBUG 66787 --- [FastX-Test] [           main] org.hibernate.SQL                        : 
    insert 
    into
        payments
        (amount, booking_id, created_at, payment_date, payment_method, payment_status, transaction_id, updated_at, payment_id) 
    values
        (?, ?, ?, ?, ?, ?, ?, ?, default)
Hibernate: 
    insert 
    into
        payments
        (amount, booking_id, created_at, payment_date, payment_method, payment_status, transaction_id, updated_at, payment_id) 
    values
        (?, ?, ?, ?, ?, ?, ?, ?, default)
2026-07-10T09:42:30.873+05:30  INFO 66787 --- [FastX-Test] [           main] c.h.f.service.impl.BookingServiceImpl    : Pending payment record created for Booking ID: 20
2026-07-10T09:42:30.873+05:30  INFO 66787 --- [FastX-Test] [           main] c.h.f.service.impl.BookingServiceImpl    : Booking created successfully! Booking ID: 20 | Status: PENDING | Seats: RESERVED for 30 mins | Complete payment to confirm.
2026-07-10T09:42:30.873+05:30  INFO 66787 --- [FastX-Test] [           main] c.h.f.service.impl.BookingServiceImpl    : Cancelling booking with ID: 20 and reason: null
2026-07-10T09:42:30.873+05:30  INFO 66787 --- [FastX-Test] [           main] c.h.fastx.service.impl.SeatServiceImpl   : Seat released: B35-01
2026-07-10T09:42:30.873+05:30  INFO 66787 --- [FastX-Test] [           main] c.h.f.service.impl.BookingServiceImpl    : Released 1 seats for cancelled Booking ID: 20
2026-07-10T09:42:30.874+05:30 DEBUG 66787 --- [FastX-Test] [           main] org.hibernate.SQL                        : 
    update
        bookings 
    set
        booking_date=?,
        booking_status=?,
        bus_id=?,
        created_at=?,
        reservation_expires_at=?,
        total_amount=?,
        updated_at=?,
        user_id=? 
    where
        booking_id=?
Hibernate: 
    update
        bookings 
    set
        booking_date=?,
        booking_status=?,
        bus_id=?,
        created_at=?,
        reservation_expires_at=?,
        total_amount=?,
        updated_at=?,
        user_id=? 
    where
        booking_id=?
2026-07-10T09:42:30.875+05:30  INFO 66787 --- [FastX-Test] [           main] c.h.f.service.impl.BookingServiceImpl    : Deleted 1 passenger records for cancelled Booking ID: 20
2026-07-10T09:42:30.875+05:30  INFO 66787 --- [FastX-Test] [           main] c.h.f.service.impl.BookingServiceImpl    : No refund created for Booking ID: 20 — payment was not completed (status: PENDING/no payment)
2026-07-10T09:42:30.875+05:30  INFO 66787 --- [FastX-Test] [           main] c.h.f.service.impl.BookingServiceImpl    : Booking cancelled successfully. Booking ID: 20 | Refund created: false
2026-07-10T09:42:30.876+05:30 DEBUG 66787 --- [FastX-Test] [           main] org.hibernate.SQL                        : 
    select
        r1_0.refund_id,
        r1_0.booking_id,
        r1_0.created_at,
        r1_0.reason,
        r1_0.refund_amount,
        r1_0.refund_date,
        r1_0.refund_status,
        r1_0.updated_at 
    from
        refunds r1_0 
    where
        r1_0.booking_id=?
Hibernate: 
    select
        r1_0.refund_id,
        r1_0.booking_id,
        r1_0.created_at,
        r1_0.reason,
        r1_0.refund_amount,
        r1_0.refund_date,
        r1_0.refund_status,
        r1_0.updated_at 
    from
        refunds r1_0 
    where
        r1_0.booking_id=?
2026-07-10T09:42:30.877+05:30 DEBUG 66787 --- [FastX-Test] [           main] org.hibernate.SQL                        : 
    insert 
    into
        refunds
        (booking_id, created_at, reason, refund_amount, refund_date, refund_status, updated_at, refund_id) 
    values
        (?, ?, ?, ?, ?, ?, ?, default)
Hibernate: 
    insert 
    into
        refunds
        (booking_id, created_at, reason, refund_amount, refund_date, refund_status, updated_at, refund_id) 
    values
        (?, ?, ?, ?, ?, ?, ?, default)
2026-07-10T09:42:30.877+05:30  INFO 66787 --- [FastX-Test] [           main] c.h.f.service.impl.RefundServiceImpl     : Refund created for Booking ID: 20. Refund Amount: 500.0
2026-07-10T09:42:30.879+05:30 DEBUG 66787 --- [FastX-Test] [           main] org.hibernate.SQL                        : 
    select
        r1_0.refund_id,
        r1_0.booking_id,
        r1_0.created_at,
        r1_0.reason,
        r1_0.refund_amount,
        r1_0.refund_date,
        r1_0.refund_status,
        r1_0.updated_at 
    from
        refunds r1_0 
    where
        r1_0.refund_status=?
Hibernate: 
    select
        r1_0.refund_id,
        r1_0.booking_id,
        r1_0.created_at,
        r1_0.reason,
        r1_0.refund_amount,
        r1_0.refund_date,
        r1_0.refund_status,
        r1_0.updated_at 
    from
        refunds r1_0 
    where
        r1_0.refund_status=?
]]></system-out>
  </testcase>
  <testcase name="testCreateRefund" classname="com.hexaware.fastx.service.RefundServiceTest" time="0.134">
    <system-out><![CDATA[2026-07-10T09:42:30.885+05:30 DEBUG 66787 --- [FastX-Test] [           main] org.hibernate.SQL                        : 
    insert 
    into
        roles
        (role_name, role_id) 
    values
        (?, default)
Hibernate: 
    insert 
    into
        roles
        (role_name, role_id) 
    values
        (?, default)
2026-07-10T09:42:30.885+05:30  INFO 66787 --- [FastX-Test] [           main] c.h.fastx.service.impl.RoleServiceImpl   : Role created with ID: 36
2026-07-10T09:42:30.887+05:30 DEBUG 66787 --- [FastX-Test] [           main] org.hibernate.SQL                        : 
    select
        u1_0.user_id 
    from
        users u1_0 
    where
        u1_0.email=? 
    fetch
        first ? rows only
Hibernate: 
    select
        u1_0.user_id 
    from
        users u1_0 
    where
        u1_0.email=? 
    fetch
        first ? rows only
2026-07-10T09:42:30.947+05:30 DEBUG 66787 --- [FastX-Test] [           main] org.hibernate.SQL                        : 
    insert 
    into
        users
        (address, auth_provider, created_at, email, full_name, gender, google_id, is_active, password, phone_number, role_id, updated_at, user_id) 
    values
        (?, ?, ?, ?, ?, ?, ?, ?, ?, ?, ?, ?, default)
Hibernate: 
    insert 
    into
        users
        (address, auth_provider, created_at, email, full_name, gender, google_id, is_active, password, phone_number, role_id, updated_at, user_id) 
    values
        (?, ?, ?, ?, ?, ?, ?, ?, ?, ?, ?, ?, default)
2026-07-10T09:42:30.948+05:30  INFO 66787 --- [FastX-Test] [           main] c.h.fastx.service.impl.UserServiceImpl   : User created with ID: 30
2026-07-10T09:42:31.003+05:30 DEBUG 66787 --- [FastX-Test] [           main] org.hibernate.SQL                        : 
    insert 
    into
        bus_operators
        (address, company_name, created_at, email, is_active, password, phone_number, updated_at, operator_id) 
    values
        (?, ?, ?, ?, ?, ?, ?, ?, default)
Hibernate: 
    insert 
    into
        bus_operators
        (address, company_name, created_at, email, is_active, password, phone_number, updated_at, operator_id) 
    values
        (?, ?, ?, ?, ?, ?, ?, ?, default)
2026-07-10T09:42:31.003+05:30  INFO 66787 --- [FastX-Test] [           main] c.h.f.s.impl.BusOperatorServiceImpl      : Bus Operator created with ID: 43
2026-07-10T09:42:31.004+05:30 DEBUG 66787 --- [FastX-Test] [           main] org.hibernate.SQL                        : 
    insert 
    into
        buses
        (arrival_time, bus_name, bus_number, operator_id, bus_type, created_at, departure_time, destination, fare, journey_date, origin, total_seats, updated_at, bus_id) 
    values
        (?, ?, ?, ?, ?, ?, ?, ?, ?, ?, ?, ?, ?, default)
Hibernate: 
    insert 
    into
        buses
        (arrival_time, bus_name, bus_number, operator_id, bus_type, created_at, departure_time, destination, fare, journey_date, origin, total_seats, updated_at, bus_id) 
    values
        (?, ?, ?, ?, ?, ?, ?, ?, ?, ?, ?, ?, ?, default)
2026-07-10T09:42:31.004+05:30  INFO 66787 --- [FastX-Test] [           main] c.h.fastx.service.impl.BusServiceImpl    : Bus added with ID: 36
2026-07-10T09:42:31.004+05:30 DEBUG 66787 --- [FastX-Test] [           main] org.hibernate.SQL                        : 
    insert 
    into
        seats
        (bus_id, created_at, reserved_booking_id, seat_number, seat_status, seat_type, updated_at, seat_id) 
    values
        (?, ?, ?, ?, ?, ?, ?, default)
Hibernate: 
    insert 
    into
        seats
        (bus_id, created_at, reserved_booking_id, seat_number, seat_status, seat_type, updated_at, seat_id) 
    values
        (?, ?, ?, ?, ?, ?, ?, default)
2026-07-10T09:42:31.004+05:30 DEBUG 66787 --- [FastX-Test] [           main] org.hibernate.SQL                        : 
    insert 
    into
        seats
        (bus_id, created_at, reserved_booking_id, seat_number, seat_status, seat_type, updated_at, seat_id) 
    values
        (?, ?, ?, ?, ?, ?, ?, default)
Hibernate: 
    insert 
    into
        seats
        (bus_id, created_at, reserved_booking_id, seat_number, seat_status, seat_type, updated_at, seat_id) 
    values
        (?, ?, ?, ?, ?, ?, ?, default)
2026-07-10T09:42:31.005+05:30 DEBUG 66787 --- [FastX-Test] [           main] org.hibernate.SQL                        : 
    insert 
    into
        seats
        (bus_id, created_at, reserved_booking_id, seat_number, seat_status, seat_type, updated_at, seat_id) 
    values
        (?, ?, ?, ?, ?, ?, ?, default)
Hibernate: 
    insert 
    into
        seats
        (bus_id, created_at, reserved_booking_id, seat_number, seat_status, seat_type, updated_at, seat_id) 
    values
        (?, ?, ?, ?, ?, ?, ?, default)
2026-07-10T09:42:31.005+05:30 DEBUG 66787 --- [FastX-Test] [           main] org.hibernate.SQL                        : 
    insert 
    into
        seats
        (bus_id, created_at, reserved_booking_id, seat_number, seat_status, seat_type, updated_at, seat_id) 
    values
        (?, ?, ?, ?, ?, ?, ?, default)
Hibernate: 
    insert 
    into
        seats
        (bus_id, created_at, reserved_booking_id, seat_number, seat_status, seat_type, updated_at, seat_id) 
    values
        (?, ?, ?, ?, ?, ?, ?, default)
2026-07-10T09:42:31.005+05:30 DEBUG 66787 --- [FastX-Test] [           main] org.hibernate.SQL                        : 
    insert 
    into
        seats
        (bus_id, created_at, reserved_booking_id, seat_number, seat_status, seat_type, updated_at, seat_id) 
    values
        (?, ?, ?, ?, ?, ?, ?, default)
Hibernate: 
    insert 
    into
        seats
        (bus_id, created_at, reserved_booking_id, seat_number, seat_status, seat_type, updated_at, seat_id) 
    values
        (?, ?, ?, ?, ?, ?, ?, default)
2026-07-10T09:42:31.005+05:30 DEBUG 66787 --- [FastX-Test] [           main] org.hibernate.SQL                        : 
    insert 
    into
        seats
        (bus_id, created_at, reserved_booking_id, seat_number, seat_status, seat_type, updated_at, seat_id) 
    values
        (?, ?, ?, ?, ?, ?, ?, default)
Hibernate: 
    insert 
    into
        seats
        (bus_id, created_at, reserved_booking_id, seat_number, seat_status, seat_type, updated_at, seat_id) 
    values
        (?, ?, ?, ?, ?, ?, ?, default)
2026-07-10T09:42:31.005+05:30 DEBUG 66787 --- [FastX-Test] [           main] org.hibernate.SQL                        : 
    insert 
    into
        seats
        (bus_id, created_at, reserved_booking_id, seat_number, seat_status, seat_type, updated_at, seat_id) 
    values
        (?, ?, ?, ?, ?, ?, ?, default)
Hibernate: 
    insert 
    into
        seats
        (bus_id, created_at, reserved_booking_id, seat_number, seat_status, seat_type, updated_at, seat_id) 
    values
        (?, ?, ?, ?, ?, ?, ?, default)
2026-07-10T09:42:31.005+05:30 DEBUG 66787 --- [FastX-Test] [           main] org.hibernate.SQL                        : 
    insert 
    into
        seats
        (bus_id, created_at, reserved_booking_id, seat_number, seat_status, seat_type, updated_at, seat_id) 
    values
        (?, ?, ?, ?, ?, ?, ?, default)
Hibernate: 
    insert 
    into
        seats
        (bus_id, created_at, reserved_booking_id, seat_number, seat_status, seat_type, updated_at, seat_id) 
    values
        (?, ?, ?, ?, ?, ?, ?, default)
2026-07-10T09:42:31.005+05:30 DEBUG 66787 --- [FastX-Test] [           main] org.hibernate.SQL                        : 
    insert 
    into
        seats
        (bus_id, created_at, reserved_booking_id, seat_number, seat_status, seat_type, updated_at, seat_id) 
    values
        (?, ?, ?, ?, ?, ?, ?, default)
Hibernate: 
    insert 
    into
        seats
        (bus_id, created_at, reserved_booking_id, seat_number, seat_status, seat_type, updated_at, seat_id) 
    values
        (?, ?, ?, ?, ?, ?, ?, default)
2026-07-10T09:42:31.005+05:30 DEBUG 66787 --- [FastX-Test] [           main] org.hibernate.SQL                        : 
    insert 
    into
        seats
        (bus_id, created_at, reserved_booking_id, seat_number, seat_status, seat_type, updated_at, seat_id) 
    values
        (?, ?, ?, ?, ?, ?, ?, default)
Hibernate: 
    insert 
    into
        seats
        (bus_id, created_at, reserved_booking_id, seat_number, seat_status, seat_type, updated_at, seat_id) 
    values
        (?, ?, ?, ?, ?, ?, ?, default)
2026-07-10T09:42:31.006+05:30 DEBUG 66787 --- [FastX-Test] [           main] org.hibernate.SQL                        : 
    insert 
    into
        seats
        (bus_id, created_at, reserved_booking_id, seat_number, seat_status, seat_type, updated_at, seat_id) 
    values
        (?, ?, ?, ?, ?, ?, ?, default)
Hibernate: 
    insert 
    into
        seats
        (bus_id, created_at, reserved_booking_id, seat_number, seat_status, seat_type, updated_at, seat_id) 
    values
        (?, ?, ?, ?, ?, ?, ?, default)
2026-07-10T09:42:31.006+05:30 DEBUG 66787 --- [FastX-Test] [           main] org.hibernate.SQL                        : 
    insert 
    into
        seats
        (bus_id, created_at, reserved_booking_id, seat_number, seat_status, seat_type, updated_at, seat_id) 
    values
        (?, ?, ?, ?, ?, ?, ?, default)
Hibernate: 
    insert 
    into
        seats
        (bus_id, created_at, reserved_booking_id, seat_number, seat_status, seat_type, updated_at, seat_id) 
    values
        (?, ?, ?, ?, ?, ?, ?, default)
2026-07-10T09:42:31.006+05:30 DEBUG 66787 --- [FastX-Test] [           main] org.hibernate.SQL                        : 
    insert 
    into
        seats
        (bus_id, created_at, reserved_booking_id, seat_number, seat_status, seat_type, updated_at, seat_id) 
    values
        (?, ?, ?, ?, ?, ?, ?, default)
Hibernate: 
    insert 
    into
        seats
        (bus_id, created_at, reserved_booking_id, seat_number, seat_status, seat_type, updated_at, seat_id) 
    values
        (?, ?, ?, ?, ?, ?, ?, default)
2026-07-10T09:42:31.006+05:30 DEBUG 66787 --- [FastX-Test] [           main] org.hibernate.SQL                        : 
    insert 
    into
        seats
        (bus_id, created_at, reserved_booking_id, seat_number, seat_status, seat_type, updated_at, seat_id) 
    values
        (?, ?, ?, ?, ?, ?, ?, default)
Hibernate: 
    insert 
    into
        seats
        (bus_id, created_at, reserved_booking_id, seat_number, seat_status, seat_type, updated_at, seat_id) 
    values
        (?, ?, ?, ?, ?, ?, ?, default)
2026-07-10T09:42:31.006+05:30 DEBUG 66787 --- [FastX-Test] [           main] org.hibernate.SQL                        : 
    insert 
    into
        seats
        (bus_id, created_at, reserved_booking_id, seat_number, seat_status, seat_type, updated_at, seat_id) 
    values
        (?, ?, ?, ?, ?, ?, ?, default)
Hibernate: 
    insert 
    into
        seats
        (bus_id, created_at, reserved_booking_id, seat_number, seat_status, seat_type, updated_at, seat_id) 
    values
        (?, ?, ?, ?, ?, ?, ?, default)
2026-07-10T09:42:31.006+05:30 DEBUG 66787 --- [FastX-Test] [           main] org.hibernate.SQL                        : 
    insert 
    into
        seats
        (bus_id, created_at, reserved_booking_id, seat_number, seat_status, seat_type, updated_at, seat_id) 
    values
        (?, ?, ?, ?, ?, ?, ?, default)
Hibernate: 
    insert 
    into
        seats
        (bus_id, created_at, reserved_booking_id, seat_number, seat_status, seat_type, updated_at, seat_id) 
    values
        (?, ?, ?, ?, ?, ?, ?, default)
2026-07-10T09:42:31.006+05:30 DEBUG 66787 --- [FastX-Test] [           main] org.hibernate.SQL                        : 
    insert 
    into
        seats
        (bus_id, created_at, reserved_booking_id, seat_number, seat_status, seat_type, updated_at, seat_id) 
    values
        (?, ?, ?, ?, ?, ?, ?, default)
Hibernate: 
    insert 
    into
        seats
        (bus_id, created_at, reserved_booking_id, seat_number, seat_status, seat_type, updated_at, seat_id) 
    values
        (?, ?, ?, ?, ?, ?, ?, default)
2026-07-10T09:42:31.006+05:30 DEBUG 66787 --- [FastX-Test] [           main] org.hibernate.SQL                        : 
    insert 
    into
        seats
        (bus_id, created_at, reserved_booking_id, seat_number, seat_status, seat_type, updated_at, seat_id) 
    values
        (?, ?, ?, ?, ?, ?, ?, default)
Hibernate: 
    insert 
    into
        seats
        (bus_id, created_at, reserved_booking_id, seat_number, seat_status, seat_type, updated_at, seat_id) 
    values
        (?, ?, ?, ?, ?, ?, ?, default)
2026-07-10T09:42:31.006+05:30 DEBUG 66787 --- [FastX-Test] [           main] org.hibernate.SQL                        : 
    insert 
    into
        seats
        (bus_id, created_at, reserved_booking_id, seat_number, seat_status, seat_type, updated_at, seat_id) 
    values
        (?, ?, ?, ?, ?, ?, ?, default)
Hibernate: 
    insert 
    into
        seats
        (bus_id, created_at, reserved_booking_id, seat_number, seat_status, seat_type, updated_at, seat_id) 
    values
        (?, ?, ?, ?, ?, ?, ?, default)
2026-07-10T09:42:31.006+05:30 DEBUG 66787 --- [FastX-Test] [           main] org.hibernate.SQL                        : 
    insert 
    into
        seats
        (bus_id, created_at, reserved_booking_id, seat_number, seat_status, seat_type, updated_at, seat_id) 
    values
        (?, ?, ?, ?, ?, ?, ?, default)
Hibernate: 
    insert 
    into
        seats
        (bus_id, created_at, reserved_booking_id, seat_number, seat_status, seat_type, updated_at, seat_id) 
    values
        (?, ?, ?, ?, ?, ?, ?, default)
2026-07-10T09:42:31.007+05:30 DEBUG 66787 --- [FastX-Test] [           main] org.hibernate.SQL                        : 
    insert 
    into
        seats
        (bus_id, created_at, reserved_booking_id, seat_number, seat_status, seat_type, updated_at, seat_id) 
    values
        (?, ?, ?, ?, ?, ?, ?, default)
Hibernate: 
    insert 
    into
        seats
        (bus_id, created_at, reserved_booking_id, seat_number, seat_status, seat_type, updated_at, seat_id) 
    values
        (?, ?, ?, ?, ?, ?, ?, default)
2026-07-10T09:42:31.007+05:30 DEBUG 66787 --- [FastX-Test] [           main] org.hibernate.SQL                        : 
    insert 
    into
        seats
        (bus_id, created_at, reserved_booking_id, seat_number, seat_status, seat_type, updated_at, seat_id) 
    values
        (?, ?, ?, ?, ?, ?, ?, default)
Hibernate: 
    insert 
    into
        seats
        (bus_id, created_at, reserved_booking_id, seat_number, seat_status, seat_type, updated_at, seat_id) 
    values
        (?, ?, ?, ?, ?, ?, ?, default)
2026-07-10T09:42:31.007+05:30 DEBUG 66787 --- [FastX-Test] [           main] org.hibernate.SQL                        : 
    insert 
    into
        seats
        (bus_id, created_at, reserved_booking_id, seat_number, seat_status, seat_type, updated_at, seat_id) 
    values
        (?, ?, ?, ?, ?, ?, ?, default)
Hibernate: 
    insert 
    into
        seats
        (bus_id, created_at, reserved_booking_id, seat_number, seat_status, seat_type, updated_at, seat_id) 
    values
        (?, ?, ?, ?, ?, ?, ?, default)
2026-07-10T09:42:31.007+05:30 DEBUG 66787 --- [FastX-Test] [           main] org.hibernate.SQL                        : 
    insert 
    into
        seats
        (bus_id, created_at, reserved_booking_id, seat_number, seat_status, seat_type, updated_at, seat_id) 
    values
        (?, ?, ?, ?, ?, ?, ?, default)
Hibernate: 
    insert 
    into
        seats
        (bus_id, created_at, reserved_booking_id, seat_number, seat_status, seat_type, updated_at, seat_id) 
    values
        (?, ?, ?, ?, ?, ?, ?, default)
2026-07-10T09:42:31.007+05:30 DEBUG 66787 --- [FastX-Test] [           main] org.hibernate.SQL                        : 
    insert 
    into
        seats
        (bus_id, created_at, reserved_booking_id, seat_number, seat_status, seat_type, updated_at, seat_id) 
    values
        (?, ?, ?, ?, ?, ?, ?, default)
Hibernate: 
    insert 
    into
        seats
        (bus_id, created_at, reserved_booking_id, seat_number, seat_status, seat_type, updated_at, seat_id) 
    values
        (?, ?, ?, ?, ?, ?, ?, default)
2026-07-10T09:42:31.007+05:30 DEBUG 66787 --- [FastX-Test] [           main] org.hibernate.SQL                        : 
    insert 
    into
        seats
        (bus_id, created_at, reserved_booking_id, seat_number, seat_status, seat_type, updated_at, seat_id) 
    values
        (?, ?, ?, ?, ?, ?, ?, default)
Hibernate: 
    insert 
    into
        seats
        (bus_id, created_at, reserved_booking_id, seat_number, seat_status, seat_type, updated_at, seat_id) 
    values
        (?, ?, ?, ?, ?, ?, ?, default)
2026-07-10T09:42:31.007+05:30 DEBUG 66787 --- [FastX-Test] [           main] org.hibernate.SQL                        : 
    insert 
    into
        seats
        (bus_id, created_at, reserved_booking_id, seat_number, seat_status, seat_type, updated_at, seat_id) 
    values
        (?, ?, ?, ?, ?, ?, ?, default)
Hibernate: 
    insert 
    into
        seats
        (bus_id, created_at, reserved_booking_id, seat_number, seat_status, seat_type, updated_at, seat_id) 
    values
        (?, ?, ?, ?, ?, ?, ?, default)
2026-07-10T09:42:31.007+05:30 DEBUG 66787 --- [FastX-Test] [           main] org.hibernate.SQL                        : 
    insert 
    into
        seats
        (bus_id, created_at, reserved_booking_id, seat_number, seat_status, seat_type, updated_at, seat_id) 
    values
        (?, ?, ?, ?, ?, ?, ?, default)
Hibernate: 
    insert 
    into
        seats
        (bus_id, created_at, reserved_booking_id, seat_number, seat_status, seat_type, updated_at, seat_id) 
    values
        (?, ?, ?, ?, ?, ?, ?, default)
2026-07-10T09:42:31.008+05:30 DEBUG 66787 --- [FastX-Test] [           main] org.hibernate.SQL                        : 
    insert 
    into
        seats
        (bus_id, created_at, reserved_booking_id, seat_number, seat_status, seat_type, updated_at, seat_id) 
    values
        (?, ?, ?, ?, ?, ?, ?, default)
Hibernate: 
    insert 
    into
        seats
        (bus_id, created_at, reserved_booking_id, seat_number, seat_status, seat_type, updated_at, seat_id) 
    values
        (?, ?, ?, ?, ?, ?, ?, default)
2026-07-10T09:42:31.008+05:30 DEBUG 66787 --- [FastX-Test] [           main] org.hibernate.SQL                        : 
    insert 
    into
        seats
        (bus_id, created_at, reserved_booking_id, seat_number, seat_status, seat_type, updated_at, seat_id) 
    values
        (?, ?, ?, ?, ?, ?, ?, default)
Hibernate: 
    insert 
    into
        seats
        (bus_id, created_at, reserved_booking_id, seat_number, seat_status, seat_type, updated_at, seat_id) 
    values
        (?, ?, ?, ?, ?, ?, ?, default)
2026-07-10T09:42:31.008+05:30 DEBUG 66787 --- [FastX-Test] [           main] org.hibernate.SQL                        : 
    insert 
    into
        seats
        (bus_id, created_at, reserved_booking_id, seat_number, seat_status, seat_type, updated_at, seat_id) 
    values
        (?, ?, ?, ?, ?, ?, ?, default)
Hibernate: 
    insert 
    into
        seats
        (bus_id, created_at, reserved_booking_id, seat_number, seat_status, seat_type, updated_at, seat_id) 
    values
        (?, ?, ?, ?, ?, ?, ?, default)
2026-07-10T09:42:31.008+05:30 DEBUG 66787 --- [FastX-Test] [           main] org.hibernate.SQL                        : 
    insert 
    into
        seats
        (bus_id, created_at, reserved_booking_id, seat_number, seat_status, seat_type, updated_at, seat_id) 
    values
        (?, ?, ?, ?, ?, ?, ?, default)
Hibernate: 
    insert 
    into
        seats
        (bus_id, created_at, reserved_booking_id, seat_number, seat_status, seat_type, updated_at, seat_id) 
    values
        (?, ?, ?, ?, ?, ?, ?, default)
2026-07-10T09:42:31.008+05:30 DEBUG 66787 --- [FastX-Test] [           main] org.hibernate.SQL                        : 
    insert 
    into
        seats
        (bus_id, created_at, reserved_booking_id, seat_number, seat_status, seat_type, updated_at, seat_id) 
    values
        (?, ?, ?, ?, ?, ?, ?, default)
Hibernate: 
    insert 
    into
        seats
        (bus_id, created_at, reserved_booking_id, seat_number, seat_status, seat_type, updated_at, seat_id) 
    values
        (?, ?, ?, ?, ?, ?, ?, default)
2026-07-10T09:42:31.008+05:30 DEBUG 66787 --- [FastX-Test] [           main] org.hibernate.SQL                        : 
    insert 
    into
        seats
        (bus_id, created_at, reserved_booking_id, seat_number, seat_status, seat_type, updated_at, seat_id) 
    values
        (?, ?, ?, ?, ?, ?, ?, default)
Hibernate: 
    insert 
    into
        seats
        (bus_id, created_at, reserved_booking_id, seat_number, seat_status, seat_type, updated_at, seat_id) 
    values
        (?, ?, ?, ?, ?, ?, ?, default)
2026-07-10T09:42:31.008+05:30 DEBUG 66787 --- [FastX-Test] [           main] org.hibernate.SQL                        : 
    insert 
    into
        seats
        (bus_id, created_at, reserved_booking_id, seat_number, seat_status, seat_type, updated_at, seat_id) 
    values
        (?, ?, ?, ?, ?, ?, ?, default)
Hibernate: 
    insert 
    into
        seats
        (bus_id, created_at, reserved_booking_id, seat_number, seat_status, seat_type, updated_at, seat_id) 
    values
        (?, ?, ?, ?, ?, ?, ?, default)
2026-07-10T09:42:31.008+05:30 DEBUG 66787 --- [FastX-Test] [           main] org.hibernate.SQL                        : 
    insert 
    into
        seats
        (bus_id, created_at, reserved_booking_id, seat_number, seat_status, seat_type, updated_at, seat_id) 
    values
        (?, ?, ?, ?, ?, ?, ?, default)
Hibernate: 
    insert 
    into
        seats
        (bus_id, created_at, reserved_booking_id, seat_number, seat_status, seat_type, updated_at, seat_id) 
    values
        (?, ?, ?, ?, ?, ?, ?, default)
2026-07-10T09:42:31.008+05:30 DEBUG 66787 --- [FastX-Test] [           main] org.hibernate.SQL                        : 
    insert 
    into
        seats
        (bus_id, created_at, reserved_booking_id, seat_number, seat_status, seat_type, updated_at, seat_id) 
    values
        (?, ?, ?, ?, ?, ?, ?, default)
Hibernate: 
    insert 
    into
        seats
        (bus_id, created_at, reserved_booking_id, seat_number, seat_status, seat_type, updated_at, seat_id) 
    values
        (?, ?, ?, ?, ?, ?, ?, default)
2026-07-10T09:42:31.009+05:30 DEBUG 66787 --- [FastX-Test] [           main] org.hibernate.SQL                        : 
    insert 
    into
        seats
        (bus_id, created_at, reserved_booking_id, seat_number, seat_status, seat_type, updated_at, seat_id) 
    values
        (?, ?, ?, ?, ?, ?, ?, default)
Hibernate: 
    insert 
    into
        seats
        (bus_id, created_at, reserved_booking_id, seat_number, seat_status, seat_type, updated_at, seat_id) 
    values
        (?, ?, ?, ?, ?, ?, ?, default)
2026-07-10T09:42:31.009+05:30 DEBUG 66787 --- [FastX-Test] [           main] org.hibernate.SQL                        : 
    insert 
    into
        seats
        (bus_id, created_at, reserved_booking_id, seat_number, seat_status, seat_type, updated_at, seat_id) 
    values
        (?, ?, ?, ?, ?, ?, ?, default)
Hibernate: 
    insert 
    into
        seats
        (bus_id, created_at, reserved_booking_id, seat_number, seat_status, seat_type, updated_at, seat_id) 
    values
        (?, ?, ?, ?, ?, ?, ?, default)
2026-07-10T09:42:31.009+05:30 DEBUG 66787 --- [FastX-Test] [           main] org.hibernate.SQL                        : 
    insert 
    into
        seats
        (bus_id, created_at, reserved_booking_id, seat_number, seat_status, seat_type, updated_at, seat_id) 
    values
        (?, ?, ?, ?, ?, ?, ?, default)
Hibernate: 
    insert 
    into
        seats
        (bus_id, created_at, reserved_booking_id, seat_number, seat_status, seat_type, updated_at, seat_id) 
    values
        (?, ?, ?, ?, ?, ?, ?, default)
2026-07-10T09:42:31.009+05:30  INFO 66787 --- [FastX-Test] [           main] c.h.fastx.service.impl.BusServiceImpl    : 40 seats created for Bus ID: 36
2026-07-10T09:42:31.009+05:30 DEBUG 66787 --- [FastX-Test] [           main] org.hibernate.SQL                        : 
    select
        s1_0.seat_id,
        s1_0.bus_id,
        s1_0.created_at,
        s1_0.reserved_booking_id,
        s1_0.seat_number,
        s1_0.seat_status,
        s1_0.seat_type,
        s1_0.updated_at 
    from
        seats s1_0 
    where
        s1_0.bus_id=? 
        and s1_0.seat_status=?
Hibernate: 
    select
        s1_0.seat_id,
        s1_0.bus_id,
        s1_0.created_at,
        s1_0.reserved_booking_id,
        s1_0.seat_number,
        s1_0.seat_status,
        s1_0.seat_type,
        s1_0.updated_at 
    from
        seats s1_0 
    where
        s1_0.bus_id=? 
        and s1_0.seat_status=?
2026-07-10T09:42:31.010+05:30  INFO 66787 --- [FastX-Test] [           main] c.h.f.service.impl.BookingServiceImpl    : Creating booking for User ID: 30 on Bus ID: 36
2026-07-10T09:42:31.010+05:30  INFO 66787 --- [FastX-Test] [           main] c.h.f.service.impl.BookingServiceImpl    : Number of passengers: 1
2026-07-10T09:42:31.010+05:30 DEBUG 66787 --- [FastX-Test] [           main] org.hibernate.SQL                        : 
    select
        count(s1_0.seat_id) 
    from
        seats s1_0 
    where
        s1_0.bus_id=? 
        and s1_0.seat_status=?
Hibernate: 
    select
        count(s1_0.seat_id) 
    from
        seats s1_0 
    where
        s1_0.bus_id=? 
        and s1_0.seat_status=?
2026-07-10T09:42:31.011+05:30  INFO 66787 --- [FastX-Test] [           main] c.h.f.service.impl.BookingServiceImpl    : Total amount calculated: 500.0 (fare 500.0 x 1 passengers)
2026-07-10T09:42:31.011+05:30  INFO 66787 --- [FastX-Test] [           main] c.h.f.service.impl.BookingServiceImpl    : Reservation expires at: 2026-07-10T10:12:31.011260704 (30-minute window)
2026-07-10T09:42:31.011+05:30 DEBUG 66787 --- [FastX-Test] [           main] org.hibernate.SQL                        : 
    insert 
    into
        bookings
        (booking_date, booking_status, bus_id, created_at, reservation_expires_at, total_amount, updated_at, user_id, booking_id) 
    values
        (?, ?, ?, ?, ?, ?, ?, ?, default)
Hibernate: 
    insert 
    into
        bookings
        (booking_date, booking_status, bus_id, created_at, reservation_expires_at, total_amount, updated_at, user_id, booking_id) 
    values
        (?, ?, ?, ?, ?, ?, ?, ?, default)
2026-07-10T09:42:31.011+05:30  INFO 66787 --- [FastX-Test] [           main] c.h.f.service.impl.BookingServiceImpl    : Booking saved with auto-generated ID: 21. User will use this ID to complete payment.
2026-07-10T09:42:31.011+05:30  INFO 66787 --- [FastX-Test] [           main] c.h.fastx.service.impl.SeatServiceImpl   : Seat reserved (held for payment): B36-01 for Booking ID: 21
2026-07-10T09:42:31.011+05:30 DEBUG 66787 --- [FastX-Test] [           main] org.hibernate.SQL                        : 
    insert 
    into
        passengers
        (age, booking_id, created_at, gender, name, seat_id, updated_at, passenger_id) 
    values
        (?, ?, ?, ?, ?, ?, ?, default)
Hibernate: 
    insert 
    into
        passengers
        (age, booking_id, created_at, gender, name, seat_id, updated_at, passenger_id) 
    values
        (?, ?, ?, ?, ?, ?, ?, default)
2026-07-10T09:42:31.011+05:30  INFO 66787 --- [FastX-Test] [           main] c.h.f.service.impl.BookingServiceImpl    : Passenger added: Buddy (Age: 21) -> Seat: B36-01
2026-07-10T09:42:31.012+05:30 DEBUG 66787 --- [FastX-Test] [           main] org.hibernate.SQL                        : 
    insert 
    into
        payments
        (amount, booking_id, created_at, payment_date, payment_method, payment_status, transaction_id, updated_at, payment_id) 
    values
        (?, ?, ?, ?, ?, ?, ?, ?, default)
Hibernate: 
    insert 
    into
        payments
        (amount, booking_id, created_at, payment_date, payment_method, payment_status, transaction_id, updated_at, payment_id) 
    values
        (?, ?, ?, ?, ?, ?, ?, ?, default)
2026-07-10T09:42:31.012+05:30  INFO 66787 --- [FastX-Test] [           main] c.h.f.service.impl.BookingServiceImpl    : Pending payment record created for Booking ID: 21
2026-07-10T09:42:31.012+05:30  INFO 66787 --- [FastX-Test] [           main] c.h.f.service.impl.BookingServiceImpl    : Booking created successfully! Booking ID: 21 | Status: PENDING | Seats: RESERVED for 30 mins | Complete payment to confirm.
2026-07-10T09:42:31.012+05:30  INFO 66787 --- [FastX-Test] [           main] c.h.f.service.impl.BookingServiceImpl    : Cancelling booking with ID: 21 and reason: null
2026-07-10T09:42:31.012+05:30  INFO 66787 --- [FastX-Test] [           main] c.h.fastx.service.impl.SeatServiceImpl   : Seat released: B36-01
2026-07-10T09:42:31.012+05:30  INFO 66787 --- [FastX-Test] [           main] c.h.f.service.impl.BookingServiceImpl    : Released 1 seats for cancelled Booking ID: 21
2026-07-10T09:42:31.013+05:30 DEBUG 66787 --- [FastX-Test] [           main] org.hibernate.SQL                        : 
    update
        bookings 
    set
        booking_date=?,
        booking_status=?,
        bus_id=?,
        created_at=?,
        reservation_expires_at=?,
        total_amount=?,
        updated_at=?,
        user_id=? 
    where
        booking_id=?
Hibernate: 
    update
        bookings 
    set
        booking_date=?,
        booking_status=?,
        bus_id=?,
        created_at=?,
        reservation_expires_at=?,
        total_amount=?,
        updated_at=?,
        user_id=? 
    where
        booking_id=?
2026-07-10T09:42:31.013+05:30  INFO 66787 --- [FastX-Test] [           main] c.h.f.service.impl.BookingServiceImpl    : Deleted 1 passenger records for cancelled Booking ID: 21
2026-07-10T09:42:31.013+05:30  INFO 66787 --- [FastX-Test] [           main] c.h.f.service.impl.BookingServiceImpl    : No refund created for Booking ID: 21 — payment was not completed (status: PENDING/no payment)
2026-07-10T09:42:31.013+05:30  INFO 66787 --- [FastX-Test] [           main] c.h.f.service.impl.BookingServiceImpl    : Booking cancelled successfully. Booking ID: 21 | Refund created: false
2026-07-10T09:42:31.014+05:30 DEBUG 66787 --- [FastX-Test] [           main] org.hibernate.SQL                        : 
    select
        r1_0.refund_id,
        r1_0.booking_id,
        r1_0.created_at,
        r1_0.reason,
        r1_0.refund_amount,
        r1_0.refund_date,
        r1_0.refund_status,
        r1_0.updated_at 
    from
        refunds r1_0 
    where
        r1_0.booking_id=?
Hibernate: 
    select
        r1_0.refund_id,
        r1_0.booking_id,
        r1_0.created_at,
        r1_0.reason,
        r1_0.refund_amount,
        r1_0.refund_date,
        r1_0.refund_status,
        r1_0.updated_at 
    from
        refunds r1_0 
    where
        r1_0.booking_id=?
2026-07-10T09:42:31.014+05:30 DEBUG 66787 --- [FastX-Test] [           main] org.hibernate.SQL                        : 
    insert 
    into
        refunds
        (booking_id, created_at, reason, refund_amount, refund_date, refund_status, updated_at, refund_id) 
    values
        (?, ?, ?, ?, ?, ?, ?, default)
Hibernate: 
    insert 
    into
        refunds
        (booking_id, created_at, reason, refund_amount, refund_date, refund_status, updated_at, refund_id) 
    values
        (?, ?, ?, ?, ?, ?, ?, default)
2026-07-10T09:42:31.015+05:30  INFO 66787 --- [FastX-Test] [           main] c.h.f.service.impl.RefundServiceImpl     : Refund created for Booking ID: 21. Refund Amount: 500.0
]]></system-out>
  </testcase>
  <testcase name="testApproveRefund" classname="com.hexaware.fastx.service.RefundServiceTest" time="0.127">
    <system-out><![CDATA[2026-07-10T09:42:31.018+05:30 DEBUG 66787 --- [FastX-Test] [           main] org.hibernate.SQL                        : 
    insert 
    into
        roles
        (role_name, role_id) 
    values
        (?, default)
Hibernate: 
    insert 
    into
        roles
        (role_name, role_id) 
    values
        (?, default)
2026-07-10T09:42:31.018+05:30  INFO 66787 --- [FastX-Test] [           main] c.h.fastx.service.impl.RoleServiceImpl   : Role created with ID: 37
2026-07-10T09:42:31.019+05:30 DEBUG 66787 --- [FastX-Test] [           main] org.hibernate.SQL                        : 
    select
        u1_0.user_id 
    from
        users u1_0 
    where
        u1_0.email=? 
    fetch
        first ? rows only
Hibernate: 
    select
        u1_0.user_id 
    from
        users u1_0 
    where
        u1_0.email=? 
    fetch
        first ? rows only
2026-07-10T09:42:31.074+05:30 DEBUG 66787 --- [FastX-Test] [           main] org.hibernate.SQL                        : 
    insert 
    into
        users
        (address, auth_provider, created_at, email, full_name, gender, google_id, is_active, password, phone_number, role_id, updated_at, user_id) 
    values
        (?, ?, ?, ?, ?, ?, ?, ?, ?, ?, ?, ?, default)
Hibernate: 
    insert 
    into
        users
        (address, auth_provider, created_at, email, full_name, gender, google_id, is_active, password, phone_number, role_id, updated_at, user_id) 
    values
        (?, ?, ?, ?, ?, ?, ?, ?, ?, ?, ?, ?, default)
2026-07-10T09:42:31.074+05:30  INFO 66787 --- [FastX-Test] [           main] c.h.fastx.service.impl.UserServiceImpl   : User created with ID: 31
2026-07-10T09:42:31.127+05:30 DEBUG 66787 --- [FastX-Test] [           main] org.hibernate.SQL                        : 
    insert 
    into
        bus_operators
        (address, company_name, created_at, email, is_active, password, phone_number, updated_at, operator_id) 
    values
        (?, ?, ?, ?, ?, ?, ?, ?, default)
Hibernate: 
    insert 
    into
        bus_operators
        (address, company_name, created_at, email, is_active, password, phone_number, updated_at, operator_id) 
    values
        (?, ?, ?, ?, ?, ?, ?, ?, default)
2026-07-10T09:42:31.128+05:30  INFO 66787 --- [FastX-Test] [           main] c.h.f.s.impl.BusOperatorServiceImpl      : Bus Operator created with ID: 44
2026-07-10T09:42:31.128+05:30 DEBUG 66787 --- [FastX-Test] [           main] org.hibernate.SQL                        : 
    insert 
    into
        buses
        (arrival_time, bus_name, bus_number, operator_id, bus_type, created_at, departure_time, destination, fare, journey_date, origin, total_seats, updated_at, bus_id) 
    values
        (?, ?, ?, ?, ?, ?, ?, ?, ?, ?, ?, ?, ?, default)
Hibernate: 
    insert 
    into
        buses
        (arrival_time, bus_name, bus_number, operator_id, bus_type, created_at, departure_time, destination, fare, journey_date, origin, total_seats, updated_at, bus_id) 
    values
        (?, ?, ?, ?, ?, ?, ?, ?, ?, ?, ?, ?, ?, default)
2026-07-10T09:42:31.128+05:30  INFO 66787 --- [FastX-Test] [           main] c.h.fastx.service.impl.BusServiceImpl    : Bus added with ID: 37
2026-07-10T09:42:31.128+05:30 DEBUG 66787 --- [FastX-Test] [           main] org.hibernate.SQL                        : 
    insert 
    into
        seats
        (bus_id, created_at, reserved_booking_id, seat_number, seat_status, seat_type, updated_at, seat_id) 
    values
        (?, ?, ?, ?, ?, ?, ?, default)
Hibernate: 
    insert 
    into
        seats
        (bus_id, created_at, reserved_booking_id, seat_number, seat_status, seat_type, updated_at, seat_id) 
    values
        (?, ?, ?, ?, ?, ?, ?, default)
2026-07-10T09:42:31.128+05:30 DEBUG 66787 --- [FastX-Test] [           main] org.hibernate.SQL                        : 
    insert 
    into
        seats
        (bus_id, created_at, reserved_booking_id, seat_number, seat_status, seat_type, updated_at, seat_id) 
    values
        (?, ?, ?, ?, ?, ?, ?, default)
Hibernate: 
    insert 
    into
        seats
        (bus_id, created_at, reserved_booking_id, seat_number, seat_status, seat_type, updated_at, seat_id) 
    values
        (?, ?, ?, ?, ?, ?, ?, default)
2026-07-10T09:42:31.129+05:30 DEBUG 66787 --- [FastX-Test] [           main] org.hibernate.SQL                        : 
    insert 
    into
        seats
        (bus_id, created_at, reserved_booking_id, seat_number, seat_status, seat_type, updated_at, seat_id) 
    values
        (?, ?, ?, ?, ?, ?, ?, default)
Hibernate: 
    insert 
    into
        seats
        (bus_id, created_at, reserved_booking_id, seat_number, seat_status, seat_type, updated_at, seat_id) 
    values
        (?, ?, ?, ?, ?, ?, ?, default)
2026-07-10T09:42:31.129+05:30 DEBUG 66787 --- [FastX-Test] [           main] org.hibernate.SQL                        : 
    insert 
    into
        seats
        (bus_id, created_at, reserved_booking_id, seat_number, seat_status, seat_type, updated_at, seat_id) 
    values
        (?, ?, ?, ?, ?, ?, ?, default)
Hibernate: 
    insert 
    into
        seats
        (bus_id, created_at, reserved_booking_id, seat_number, seat_status, seat_type, updated_at, seat_id) 
    values
        (?, ?, ?, ?, ?, ?, ?, default)
2026-07-10T09:42:31.129+05:30 DEBUG 66787 --- [FastX-Test] [           main] org.hibernate.SQL                        : 
    insert 
    into
        seats
        (bus_id, created_at, reserved_booking_id, seat_number, seat_status, seat_type, updated_at, seat_id) 
    values
        (?, ?, ?, ?, ?, ?, ?, default)
Hibernate: 
    insert 
    into
        seats
        (bus_id, created_at, reserved_booking_id, seat_number, seat_status, seat_type, updated_at, seat_id) 
    values
        (?, ?, ?, ?, ?, ?, ?, default)
2026-07-10T09:42:31.129+05:30 DEBUG 66787 --- [FastX-Test] [           main] org.hibernate.SQL                        : 
    insert 
    into
        seats
        (bus_id, created_at, reserved_booking_id, seat_number, seat_status, seat_type, updated_at, seat_id) 
    values
        (?, ?, ?, ?, ?, ?, ?, default)
Hibernate: 
    insert 
    into
        seats
        (bus_id, created_at, reserved_booking_id, seat_number, seat_status, seat_type, updated_at, seat_id) 
    values
        (?, ?, ?, ?, ?, ?, ?, default)
2026-07-10T09:42:31.129+05:30 DEBUG 66787 --- [FastX-Test] [           main] org.hibernate.SQL                        : 
    insert 
    into
        seats
        (bus_id, created_at, reserved_booking_id, seat_number, seat_status, seat_type, updated_at, seat_id) 
    values
        (?, ?, ?, ?, ?, ?, ?, default)
Hibernate: 
    insert 
    into
        seats
        (bus_id, created_at, reserved_booking_id, seat_number, seat_status, seat_type, updated_at, seat_id) 
    values
        (?, ?, ?, ?, ?, ?, ?, default)
2026-07-10T09:42:31.129+05:30 DEBUG 66787 --- [FastX-Test] [           main] org.hibernate.SQL                        : 
    insert 
    into
        seats
        (bus_id, created_at, reserved_booking_id, seat_number, seat_status, seat_type, updated_at, seat_id) 
    values
        (?, ?, ?, ?, ?, ?, ?, default)
Hibernate: 
    insert 
    into
        seats
        (bus_id, created_at, reserved_booking_id, seat_number, seat_status, seat_type, updated_at, seat_id) 
    values
        (?, ?, ?, ?, ?, ?, ?, default)
2026-07-10T09:42:31.129+05:30 DEBUG 66787 --- [FastX-Test] [           main] org.hibernate.SQL                        : 
    insert 
    into
        seats
        (bus_id, created_at, reserved_booking_id, seat_number, seat_status, seat_type, updated_at, seat_id) 
    values
        (?, ?, ?, ?, ?, ?, ?, default)
Hibernate: 
    insert 
    into
        seats
        (bus_id, created_at, reserved_booking_id, seat_number, seat_status, seat_type, updated_at, seat_id) 
    values
        (?, ?, ?, ?, ?, ?, ?, default)
2026-07-10T09:42:31.129+05:30 DEBUG 66787 --- [FastX-Test] [           main] org.hibernate.SQL                        : 
    insert 
    into
        seats
        (bus_id, created_at, reserved_booking_id, seat_number, seat_status, seat_type, updated_at, seat_id) 
    values
        (?, ?, ?, ?, ?, ?, ?, default)
Hibernate: 
    insert 
    into
        seats
        (bus_id, created_at, reserved_booking_id, seat_number, seat_status, seat_type, updated_at, seat_id) 
    values
        (?, ?, ?, ?, ?, ?, ?, default)
2026-07-10T09:42:31.130+05:30 DEBUG 66787 --- [FastX-Test] [           main] org.hibernate.SQL                        : 
    insert 
    into
        seats
        (bus_id, created_at, reserved_booking_id, seat_number, seat_status, seat_type, updated_at, seat_id) 
    values
        (?, ?, ?, ?, ?, ?, ?, default)
Hibernate: 
    insert 
    into
        seats
        (bus_id, created_at, reserved_booking_id, seat_number, seat_status, seat_type, updated_at, seat_id) 
    values
        (?, ?, ?, ?, ?, ?, ?, default)
2026-07-10T09:42:31.130+05:30 DEBUG 66787 --- [FastX-Test] [           main] org.hibernate.SQL                        : 
    insert 
    into
        seats
        (bus_id, created_at, reserved_booking_id, seat_number, seat_status, seat_type, updated_at, seat_id) 
    values
        (?, ?, ?, ?, ?, ?, ?, default)
Hibernate: 
    insert 
    into
        seats
        (bus_id, created_at, reserved_booking_id, seat_number, seat_status, seat_type, updated_at, seat_id) 
    values
        (?, ?, ?, ?, ?, ?, ?, default)
2026-07-10T09:42:31.130+05:30 DEBUG 66787 --- [FastX-Test] [           main] org.hibernate.SQL                        : 
    insert 
    into
        seats
        (bus_id, created_at, reserved_booking_id, seat_number, seat_status, seat_type, updated_at, seat_id) 
    values
        (?, ?, ?, ?, ?, ?, ?, default)
Hibernate: 
    insert 
    into
        seats
        (bus_id, created_at, reserved_booking_id, seat_number, seat_status, seat_type, updated_at, seat_id) 
    values
        (?, ?, ?, ?, ?, ?, ?, default)
2026-07-10T09:42:31.130+05:30 DEBUG 66787 --- [FastX-Test] [           main] org.hibernate.SQL                        : 
    insert 
    into
        seats
        (bus_id, created_at, reserved_booking_id, seat_number, seat_status, seat_type, updated_at, seat_id) 
    values
        (?, ?, ?, ?, ?, ?, ?, default)
Hibernate: 
    insert 
    into
        seats
        (bus_id, created_at, reserved_booking_id, seat_number, seat_status, seat_type, updated_at, seat_id) 
    values
        (?, ?, ?, ?, ?, ?, ?, default)
2026-07-10T09:42:31.130+05:30 DEBUG 66787 --- [FastX-Test] [           main] org.hibernate.SQL                        : 
    insert 
    into
        seats
        (bus_id, created_at, reserved_booking_id, seat_number, seat_status, seat_type, updated_at, seat_id) 
    values
        (?, ?, ?, ?, ?, ?, ?, default)
Hibernate: 
    insert 
    into
        seats
        (bus_id, created_at, reserved_booking_id, seat_number, seat_status, seat_type, updated_at, seat_id) 
    values
        (?, ?, ?, ?, ?, ?, ?, default)
2026-07-10T09:42:31.130+05:30 DEBUG 66787 --- [FastX-Test] [           main] org.hibernate.SQL                        : 
    insert 
    into
        seats
        (bus_id, created_at, reserved_booking_id, seat_number, seat_status, seat_type, updated_at, seat_id) 
    values
        (?, ?, ?, ?, ?, ?, ?, default)
Hibernate: 
    insert 
    into
        seats
        (bus_id, created_at, reserved_booking_id, seat_number, seat_status, seat_type, updated_at, seat_id) 
    values
        (?, ?, ?, ?, ?, ?, ?, default)
2026-07-10T09:42:31.130+05:30 DEBUG 66787 --- [FastX-Test] [           main] org.hibernate.SQL                        : 
    insert 
    into
        seats
        (bus_id, created_at, reserved_booking_id, seat_number, seat_status, seat_type, updated_at, seat_id) 
    values
        (?, ?, ?, ?, ?, ?, ?, default)
Hibernate: 
    insert 
    into
        seats
        (bus_id, created_at, reserved_booking_id, seat_number, seat_status, seat_type, updated_at, seat_id) 
    values
        (?, ?, ?, ?, ?, ?, ?, default)
2026-07-10T09:42:31.130+05:30 DEBUG 66787 --- [FastX-Test] [           main] org.hibernate.SQL                        : 
    insert 
    into
        seats
        (bus_id, created_at, reserved_booking_id, seat_number, seat_status, seat_type, updated_at, seat_id) 
    values
        (?, ?, ?, ?, ?, ?, ?, default)
Hibernate: 
    insert 
    into
        seats
        (bus_id, created_at, reserved_booking_id, seat_number, seat_status, seat_type, updated_at, seat_id) 
    values
        (?, ?, ?, ?, ?, ?, ?, default)
2026-07-10T09:42:31.131+05:30 DEBUG 66787 --- [FastX-Test] [           main] org.hibernate.SQL                        : 
    insert 
    into
        seats
        (bus_id, created_at, reserved_booking_id, seat_number, seat_status, seat_type, updated_at, seat_id) 
    values
        (?, ?, ?, ?, ?, ?, ?, default)
Hibernate: 
    insert 
    into
        seats
        (bus_id, created_at, reserved_booking_id, seat_number, seat_status, seat_type, updated_at, seat_id) 
    values
        (?, ?, ?, ?, ?, ?, ?, default)
2026-07-10T09:42:31.131+05:30 DEBUG 66787 --- [FastX-Test] [           main] org.hibernate.SQL                        : 
    insert 
    into
        seats
        (bus_id, created_at, reserved_booking_id, seat_number, seat_status, seat_type, updated_at, seat_id) 
    values
        (?, ?, ?, ?, ?, ?, ?, default)
Hibernate: 
    insert 
    into
        seats
        (bus_id, created_at, reserved_booking_id, seat_number, seat_status, seat_type, updated_at, seat_id) 
    values
        (?, ?, ?, ?, ?, ?, ?, default)
2026-07-10T09:42:31.131+05:30 DEBUG 66787 --- [FastX-Test] [           main] org.hibernate.SQL                        : 
    insert 
    into
        seats
        (bus_id, created_at, reserved_booking_id, seat_number, seat_status, seat_type, updated_at, seat_id) 
    values
        (?, ?, ?, ?, ?, ?, ?, default)
Hibernate: 
    insert 
    into
        seats
        (bus_id, created_at, reserved_booking_id, seat_number, seat_status, seat_type, updated_at, seat_id) 
    values
        (?, ?, ?, ?, ?, ?, ?, default)
2026-07-10T09:42:31.131+05:30 DEBUG 66787 --- [FastX-Test] [           main] org.hibernate.SQL                        : 
    insert 
    into
        seats
        (bus_id, created_at, reserved_booking_id, seat_number, seat_status, seat_type, updated_at, seat_id) 
    values
        (?, ?, ?, ?, ?, ?, ?, default)
Hibernate: 
    insert 
    into
        seats
[...]
    values
        (?, ?, ?, ?, ?, ?, ?, default)
Hibernate: 
    insert 
    into
        seats
        (bus_id, created_at, reserved_booking_id, seat_number, seat_status, seat_type, updated_at, seat_id) 
    values
        (?, ?, ?, ?, ?, ?, ?, default)
2026-07-10T09:42:31.769+05:30 DEBUG 66787 --- [FastX-Test] [           main] org.hibernate.SQL                        : 
    insert 
    into
        seats
        (bus_id, created_at, reserved_booking_id, seat_number, seat_status, seat_type, updated_at, seat_id) 
    values
        (?, ?, ?, ?, ?, ?, ?, default)
Hibernate: 
    insert 
    into
        seats
        (bus_id, created_at, reserved_booking_id, seat_number, seat_status, seat_type, updated_at, seat_id) 
    values
        (?, ?, ?, ?, ?, ?, ?, default)
2026-07-10T09:42:31.769+05:30 DEBUG 66787 --- [FastX-Test] [           main] org.hibernate.SQL                        : 
    insert 
    into
        seats
        (bus_id, created_at, reserved_booking_id, seat_number, seat_status, seat_type, updated_at, seat_id) 
    values
        (?, ?, ?, ?, ?, ?, ?, default)
Hibernate: 
    insert 
    into
        seats
        (bus_id, created_at, reserved_booking_id, seat_number, seat_status, seat_type, updated_at, seat_id) 
    values
        (?, ?, ?, ?, ?, ?, ?, default)
2026-07-10T09:42:31.770+05:30 DEBUG 66787 --- [FastX-Test] [           main] org.hibernate.SQL                        : 
    insert 
    into
        seats
        (bus_id, created_at, reserved_booking_id, seat_number, seat_status, seat_type, updated_at, seat_id) 
    values
        (?, ?, ?, ?, ?, ?, ?, default)
Hibernate: 
    insert 
    into
        seats
        (bus_id, created_at, reserved_booking_id, seat_number, seat_status, seat_type, updated_at, seat_id) 
    values
        (?, ?, ?, ?, ?, ?, ?, default)
2026-07-10T09:42:31.770+05:30 DEBUG 66787 --- [FastX-Test] [           main] org.hibernate.SQL                        : 
    insert 
    into
        seats
        (bus_id, created_at, reserved_booking_id, seat_number, seat_status, seat_type, updated_at, seat_id) 
    values
        (?, ?, ?, ?, ?, ?, ?, default)
Hibernate: 
    insert 
    into
        seats
        (bus_id, created_at, reserved_booking_id, seat_number, seat_status, seat_type, updated_at, seat_id) 
    values
        (?, ?, ?, ?, ?, ?, ?, default)
2026-07-10T09:42:31.770+05:30 DEBUG 66787 --- [FastX-Test] [           main] org.hibernate.SQL                        : 
    insert 
    into
        seats
        (bus_id, created_at, reserved_booking_id, seat_number, seat_status, seat_type, updated_at, seat_id) 
    values
        (?, ?, ?, ?, ?, ?, ?, default)
Hibernate: 
    insert 
    into
        seats
        (bus_id, created_at, reserved_booking_id, seat_number, seat_status, seat_type, updated_at, seat_id) 
    values
        (?, ?, ?, ?, ?, ?, ?, default)
2026-07-10T09:42:31.770+05:30 DEBUG 66787 --- [FastX-Test] [           main] org.hibernate.SQL                        : 
    insert 
    into
        seats
        (bus_id, created_at, reserved_booking_id, seat_number, seat_status, seat_type, updated_at, seat_id) 
    values
        (?, ?, ?, ?, ?, ?, ?, default)
Hibernate: 
    insert 
    into
        seats
        (bus_id, created_at, reserved_booking_id, seat_number, seat_status, seat_type, updated_at, seat_id) 
    values
        (?, ?, ?, ?, ?, ?, ?, default)
2026-07-10T09:42:31.770+05:30 DEBUG 66787 --- [FastX-Test] [           main] org.hibernate.SQL                        : 
    insert 
    into
        seats
        (bus_id, created_at, reserved_booking_id, seat_number, seat_status, seat_type, updated_at, seat_id) 
    values
        (?, ?, ?, ?, ?, ?, ?, default)
Hibernate: 
    insert 
    into
        seats
        (bus_id, created_at, reserved_booking_id, seat_number, seat_status, seat_type, updated_at, seat_id) 
    values
        (?, ?, ?, ?, ?, ?, ?, default)
2026-07-10T09:42:31.770+05:30 DEBUG 66787 --- [FastX-Test] [           main] org.hibernate.SQL                        : 
    insert 
    into
        seats
        (bus_id, created_at, reserved_booking_id, seat_number, seat_status, seat_type, updated_at, seat_id) 
    values
        (?, ?, ?, ?, ?, ?, ?, default)
Hibernate: 
    insert 
    into
        seats
        (bus_id, created_at, reserved_booking_id, seat_number, seat_status, seat_type, updated_at, seat_id) 
    values
        (?, ?, ?, ?, ?, ?, ?, default)
2026-07-10T09:42:31.770+05:30 DEBUG 66787 --- [FastX-Test] [           main] org.hibernate.SQL                        : 
    insert 
    into
        seats
        (bus_id, created_at, reserved_booking_id, seat_number, seat_status, seat_type, updated_at, seat_id) 
    values
        (?, ?, ?, ?, ?, ?, ?, default)
Hibernate: 
    insert 
    into
        seats
        (bus_id, created_at, reserved_booking_id, seat_number, seat_status, seat_type, updated_at, seat_id) 
    values
        (?, ?, ?, ?, ?, ?, ?, default)
2026-07-10T09:42:31.771+05:30 DEBUG 66787 --- [FastX-Test] [           main] org.hibernate.SQL                        : 
    insert 
    into
        seats
        (bus_id, created_at, reserved_booking_id, seat_number, seat_status, seat_type, updated_at, seat_id) 
    values
        (?, ?, ?, ?, ?, ?, ?, default)
Hibernate: 
    insert 
    into
        seats
        (bus_id, created_at, reserved_booking_id, seat_number, seat_status, seat_type, updated_at, seat_id) 
    values
        (?, ?, ?, ?, ?, ?, ?, default)
2026-07-10T09:42:31.771+05:30 DEBUG 66787 --- [FastX-Test] [           main] org.hibernate.SQL                        : 
    insert 
    into
        seats
        (bus_id, created_at, reserved_booking_id, seat_number, seat_status, seat_type, updated_at, seat_id) 
    values
        (?, ?, ?, ?, ?, ?, ?, default)
Hibernate: 
    insert 
    into
        seats
        (bus_id, created_at, reserved_booking_id, seat_number, seat_status, seat_type, updated_at, seat_id) 
    values
        (?, ?, ?, ?, ?, ?, ?, default)
2026-07-10T09:42:31.771+05:30 DEBUG 66787 --- [FastX-Test] [           main] org.hibernate.SQL                        : 
    insert 
    into
        seats
        (bus_id, created_at, reserved_booking_id, seat_number, seat_status, seat_type, updated_at, seat_id) 
    values
        (?, ?, ?, ?, ?, ?, ?, default)
Hibernate: 
    insert 
    into
        seats
        (bus_id, created_at, reserved_booking_id, seat_number, seat_status, seat_type, updated_at, seat_id) 
    values
        (?, ?, ?, ?, ?, ?, ?, default)
2026-07-10T09:42:31.771+05:30 DEBUG 66787 --- [FastX-Test] [           main] org.hibernate.SQL                        : 
    insert 
    into
        seats
        (bus_id, created_at, reserved_booking_id, seat_number, seat_status, seat_type, updated_at, seat_id) 
    values
        (?, ?, ?, ?, ?, ?, ?, default)
Hibernate: 
    insert 
    into
        seats
        (bus_id, created_at, reserved_booking_id, seat_number, seat_status, seat_type, updated_at, seat_id) 
    values
        (?, ?, ?, ?, ?, ?, ?, default)
2026-07-10T09:42:31.771+05:30 DEBUG 66787 --- [FastX-Test] [           main] org.hibernate.SQL                        : 
    insert 
    into
        seats
        (bus_id, created_at, reserved_booking_id, seat_number, seat_status, seat_type, updated_at, seat_id) 
    values
        (?, ?, ?, ?, ?, ?, ?, default)
Hibernate: 
    insert 
    into
        seats
        (bus_id, created_at, reserved_booking_id, seat_number, seat_status, seat_type, updated_at, seat_id) 
    values
        (?, ?, ?, ?, ?, ?, ?, default)
2026-07-10T09:42:31.771+05:30 DEBUG 66787 --- [FastX-Test] [           main] org.hibernate.SQL                        : 
    insert 
    into
        seats
        (bus_id, created_at, reserved_booking_id, seat_number, seat_status, seat_type, updated_at, seat_id) 
    values
        (?, ?, ?, ?, ?, ?, ?, default)
Hibernate: 
    insert 
    into
        seats
        (bus_id, created_at, reserved_booking_id, seat_number, seat_status, seat_type, updated_at, seat_id) 
    values
        (?, ?, ?, ?, ?, ?, ?, default)
2026-07-10T09:42:31.772+05:30 DEBUG 66787 --- [FastX-Test] [           main] org.hibernate.SQL                        : 
    insert 
    into
        seats
        (bus_id, created_at, reserved_booking_id, seat_number, seat_status, seat_type, updated_at, seat_id) 
    values
        (?, ?, ?, ?, ?, ?, ?, default)
Hibernate: 
    insert 
    into
        seats
        (bus_id, created_at, reserved_booking_id, seat_number, seat_status, seat_type, updated_at, seat_id) 
    values
        (?, ?, ?, ?, ?, ?, ?, default)
2026-07-10T09:42:31.772+05:30 DEBUG 66787 --- [FastX-Test] [           main] org.hibernate.SQL                        : 
    insert 
    into
        seats
        (bus_id, created_at, reserved_booking_id, seat_number, seat_status, seat_type, updated_at, seat_id) 
    values
        (?, ?, ?, ?, ?, ?, ?, default)
Hibernate: 
    insert 
    into
        seats
        (bus_id, created_at, reserved_booking_id, seat_number, seat_status, seat_type, updated_at, seat_id) 
    values
        (?, ?, ?, ?, ?, ?, ?, default)
2026-07-10T09:42:31.772+05:30 DEBUG 66787 --- [FastX-Test] [           main] org.hibernate.SQL                        : 
    insert 
    into
        seats
        (bus_id, created_at, reserved_booking_id, seat_number, seat_status, seat_type, updated_at, seat_id) 
    values
        (?, ?, ?, ?, ?, ?, ?, default)
Hibernate: 
    insert 
    into
        seats
        (bus_id, created_at, reserved_booking_id, seat_number, seat_status, seat_type, updated_at, seat_id) 
    values
        (?, ?, ?, ?, ?, ?, ?, default)
2026-07-10T09:42:31.772+05:30 DEBUG 66787 --- [FastX-Test] [           main] org.hibernate.SQL                        : 
    insert 
    into
        seats
        (bus_id, created_at, reserved_booking_id, seat_number, seat_status, seat_type, updated_at, seat_id) 
    values
        (?, ?, ?, ?, ?, ?, ?, default)
Hibernate: 
    insert 
    into
        seats
        (bus_id, created_at, reserved_booking_id, seat_number, seat_status, seat_type, updated_at, seat_id) 
    values
        (?, ?, ?, ?, ?, ?, ?, default)
2026-07-10T09:42:31.772+05:30 DEBUG 66787 --- [FastX-Test] [           main] org.hibernate.SQL                        : 
    insert 
    into
        seats
        (bus_id, created_at, reserved_booking_id, seat_number, seat_status, seat_type, updated_at, seat_id) 
    values
        (?, ?, ?, ?, ?, ?, ?, default)
Hibernate: 
    insert 
    into
        seats
        (bus_id, created_at, reserved_booking_id, seat_number, seat_status, seat_type, updated_at, seat_id) 
    values
        (?, ?, ?, ?, ?, ?, ?, default)
2026-07-10T09:42:31.772+05:30 DEBUG 66787 --- [FastX-Test] [           main] org.hibernate.SQL                        : 
    insert 
    into
        seats
        (bus_id, created_at, reserved_booking_id, seat_number, seat_status, seat_type, updated_at, seat_id) 
    values
        (?, ?, ?, ?, ?, ?, ?, default)
Hibernate: 
    insert 
    into
        seats
        (bus_id, created_at, reserved_booking_id, seat_number, seat_status, seat_type, updated_at, seat_id) 
    values
        (?, ?, ?, ?, ?, ?, ?, default)
2026-07-10T09:42:31.772+05:30 DEBUG 66787 --- [FastX-Test] [           main] org.hibernate.SQL                        : 
    insert 
    into
        seats
        (bus_id, created_at, reserved_booking_id, seat_number, seat_status, seat_type, updated_at, seat_id) 
    values
        (?, ?, ?, ?, ?, ?, ?, default)
Hibernate: 
    insert 
    into
        seats
        (bus_id, created_at, reserved_booking_id, seat_number, seat_status, seat_type, updated_at, seat_id) 
    values
        (?, ?, ?, ?, ?, ?, ?, default)
2026-07-10T09:42:31.772+05:30 DEBUG 66787 --- [FastX-Test] [           main] org.hibernate.SQL                        : 
    insert 
    into
        seats
        (bus_id, created_at, reserved_booking_id, seat_number, seat_status, seat_type, updated_at, seat_id) 
    values
        (?, ?, ?, ?, ?, ?, ?, default)
Hibernate: 
    insert 
    into
        seats
        (bus_id, created_at, reserved_booking_id, seat_number, seat_status, seat_type, updated_at, seat_id) 
    values
        (?, ?, ?, ?, ?, ?, ?, default)
2026-07-10T09:42:31.772+05:30  INFO 66787 --- [FastX-Test] [           main] c.h.fastx.service.impl.BusServiceImpl    : 40 seats created for Bus ID: 42
2026-07-10T09:42:31.773+05:30 DEBUG 66787 --- [FastX-Test] [           main] org.hibernate.SQL                        : 
    select
        s1_0.seat_id,
        s1_0.bus_id,
        s1_0.created_at,
        s1_0.reserved_booking_id,
        s1_0.seat_number,
        s1_0.seat_status,
        s1_0.seat_type,
        s1_0.updated_at 
    from
        seats s1_0 
    where
        s1_0.bus_id=? 
        and s1_0.seat_status=?
Hibernate: 
    select
        s1_0.seat_id,
        s1_0.bus_id,
        s1_0.created_at,
        s1_0.reserved_booking_id,
        s1_0.seat_number,
        s1_0.seat_status,
        s1_0.seat_type,
        s1_0.updated_at 
    from
        seats s1_0 
    where
        s1_0.bus_id=? 
        and s1_0.seat_status=?
2026-07-10T09:42:31.774+05:30  INFO 66787 --- [FastX-Test] [           main] c.h.f.service.impl.BookingServiceImpl    : Creating booking for User ID: 36 on Bus ID: 42
2026-07-10T09:42:31.774+05:30  INFO 66787 --- [FastX-Test] [           main] c.h.f.service.impl.BookingServiceImpl    : Number of passengers: 1
2026-07-10T09:42:31.774+05:30 DEBUG 66787 --- [FastX-Test] [           main] org.hibernate.SQL                        : 
    select
        count(s1_0.seat_id) 
    from
        seats s1_0 
    where
        s1_0.bus_id=? 
        and s1_0.seat_status=?
Hibernate: 
    select
        count(s1_0.seat_id) 
    from
        seats s1_0 
    where
        s1_0.bus_id=? 
        and s1_0.seat_status=?
2026-07-10T09:42:31.774+05:30  INFO 66787 --- [FastX-Test] [           main] c.h.f.service.impl.BookingServiceImpl    : Total amount calculated: 500.0 (fare 500.0 x 1 passengers)
2026-07-10T09:42:31.775+05:30  INFO 66787 --- [FastX-Test] [           main] c.h.f.service.impl.BookingServiceImpl    : Reservation expires at: 2026-07-10T10:12:31.775023981 (30-minute window)
2026-07-10T09:42:31.775+05:30 DEBUG 66787 --- [FastX-Test] [           main] org.hibernate.SQL                        : 
    insert 
    into
        bookings
        (booking_date, booking_status, bus_id, created_at, reservation_expires_at, total_amount, updated_at, user_id, booking_id) 
    values
        (?, ?, ?, ?, ?, ?, ?, ?, default)
Hibernate: 
    insert 
    into
        bookings
        (booking_date, booking_status, bus_id, created_at, reservation_expires_at, total_amount, updated_at, user_id, booking_id) 
    values
        (?, ?, ?, ?, ?, ?, ?, ?, default)
2026-07-10T09:42:31.775+05:30  INFO 66787 --- [FastX-Test] [           main] c.h.f.service.impl.BookingServiceImpl    : Booking saved with auto-generated ID: 27. User will use this ID to complete payment.
2026-07-10T09:42:31.775+05:30  INFO 66787 --- [FastX-Test] [           main] c.h.fastx.service.impl.SeatServiceImpl   : Seat reserved (held for payment): B42-01 for Booking ID: 27
2026-07-10T09:42:31.775+05:30 DEBUG 66787 --- [FastX-Test] [           main] org.hibernate.SQL                        : 
    insert 
    into
        passengers
        (age, booking_id, created_at, gender, name, seat_id, updated_at, passenger_id) 
    values
        (?, ?, ?, ?, ?, ?, ?, default)
Hibernate: 
    insert 
    into
        passengers
        (age, booking_id, created_at, gender, name, seat_id, updated_at, passenger_id) 
    values
        (?, ?, ?, ?, ?, ?, ?, default)
2026-07-10T09:42:31.775+05:30  INFO 66787 --- [FastX-Test] [           main] c.h.f.service.impl.BookingServiceImpl    : Passenger added: Buddy (Age: 21) -> Seat: B42-01
2026-07-10T09:42:31.775+05:30 DEBUG 66787 --- [FastX-Test] [           main] org.hibernate.SQL                        : 
    insert 
    into
        payments
        (amount, booking_id, created_at, payment_date, payment_method, payment_status, transaction_id, updated_at, payment_id) 
    values
        (?, ?, ?, ?, ?, ?, ?, ?, default)
Hibernate: 
    insert 
    into
        payments
        (amount, booking_id, created_at, payment_date, payment_method, payment_status, transaction_id, updated_at, payment_id) 
    values
        (?, ?, ?, ?, ?, ?, ?, ?, default)
2026-07-10T09:42:31.775+05:30  INFO 66787 --- [FastX-Test] [           main] c.h.f.service.impl.BookingServiceImpl    : Pending payment record created for Booking ID: 27
2026-07-10T09:42:31.775+05:30  INFO 66787 --- [FastX-Test] [           main] c.h.f.service.impl.BookingServiceImpl    : Booking created successfully! Booking ID: 27 | Status: PENDING | Seats: RESERVED for 30 mins | Complete payment to confirm.
2026-07-10T09:42:31.776+05:30  INFO 66787 --- [FastX-Test] [           main] c.h.f.service.impl.BookingServiceImpl    : Cancelling booking with ID: 27 and reason: null
2026-07-10T09:42:31.776+05:30  INFO 66787 --- [FastX-Test] [           main] c.h.fastx.service.impl.SeatServiceImpl   : Seat released: B42-01
2026-07-10T09:42:31.776+05:30  INFO 66787 --- [FastX-Test] [           main] c.h.f.service.impl.BookingServiceImpl    : Released 1 seats for cancelled Booking ID: 27
2026-07-10T09:42:31.776+05:30 DEBUG 66787 --- [FastX-Test] [           main] org.hibernate.SQL                        : 
    update
        bookings 
    set
        booking_date=?,
        booking_status=?,
        bus_id=?,
        created_at=?,
        reservation_expires_at=?,
        total_amount=?,
        updated_at=?,
        user_id=? 
    where
        booking_id=?
Hibernate: 
    update
        bookings 
    set
        booking_date=?,
        booking_status=?,
        bus_id=?,
        created_at=?,
        reservation_expires_at=?,
        total_amount=?,
        updated_at=?,
        user_id=? 
    where
        booking_id=?
2026-07-10T09:42:31.777+05:30  INFO 66787 --- [FastX-Test] [           main] c.h.f.service.impl.BookingServiceImpl    : Deleted 1 passenger records for cancelled Booking ID: 27
2026-07-10T09:42:31.777+05:30  INFO 66787 --- [FastX-Test] [           main] c.h.f.service.impl.BookingServiceImpl    : No refund created for Booking ID: 27 — payment was not completed (status: PENDING/no payment)
2026-07-10T09:42:31.777+05:30  INFO 66787 --- [FastX-Test] [           main] c.h.f.service.impl.BookingServiceImpl    : Booking cancelled successfully. Booking ID: 27 | Refund created: false
2026-07-10T09:42:31.777+05:30 DEBUG 66787 --- [FastX-Test] [           main] org.hibernate.SQL                        : 
    select
        r1_0.refund_id,
        r1_0.booking_id,
        r1_0.created_at,
        r1_0.reason,
        r1_0.refund_amount,
        r1_0.refund_date,
        r1_0.refund_status,
        r1_0.updated_at 
    from
        refunds r1_0 
    where
        r1_0.booking_id=?
Hibernate: 
    select
        r1_0.refund_id,
        r1_0.booking_id,
        r1_0.created_at,
        r1_0.reason,
        r1_0.refund_amount,
        r1_0.refund_date,
        r1_0.refund_status,
        r1_0.updated_at 
    from
        refunds r1_0 
    where
        r1_0.booking_id=?
2026-07-10T09:42:31.778+05:30 DEBUG 66787 --- [FastX-Test] [           main] org.hibernate.SQL                        : 
    insert 
    into
        refunds
        (booking_id, created_at, reason, refund_amount, refund_date, refund_status, updated_at, refund_id) 
    values
        (?, ?, ?, ?, ?, ?, ?, default)
Hibernate: 
    insert 
    into
        refunds
        (booking_id, created_at, reason, refund_amount, refund_date, refund_status, updated_at, refund_id) 
    values
        (?, ?, ?, ?, ?, ?, ?, default)
2026-07-10T09:42:31.778+05:30  INFO 66787 --- [FastX-Test] [           main] c.h.f.service.impl.RefundServiceImpl     : Refund created for Booking ID: 27. Refund Amount: 500.0
]]></system-out>
  </testcase>
</testsuite>