<?xml version="1.0" encoding="UTF-8"?>
<testsuite xmlns:xsi="http://www.w3.org/2001/XMLSchema-instance" xsi:noNamespaceSchemaLocation="https://maven.apache.org/surefire/maven-surefire-plugin/xsd/surefire-test-report.xsd" version="3.0.2" name="com.hexaware.fastx.FastXApplicationTests" time="5.566" tests="1" errors="0" skipped="0" failures="0" flakes="0">
  <properties>
[...]
</properties>
  <testcase name="contextLoads" classname="com.hexaware.fastx.FastXApplicationTests" time="0.315">
    <system-out><![CDATA[Standard Commons Logging discovery in action with spring-jcl: please remove commons-logging.jar from classpath in order to avoid potential conflicts
09:42:20.195 [main] INFO org.springframework.test.context.support.AnnotationConfigContextLoaderUtils -- Could not detect default configuration classes for test class [com.hexaware.fastx.FastXApplicationTests]: FastXApplicationTests does not declare any static, non-private, non-final, nested classes annotated with @Configuration.
09:42:20.288 [main] INFO org.springframework.boot.test.context.SpringBootTestContextBootstrapper -- Found @SpringBootConfiguration com.hexaware.fastx.FastXApplication for test class com.hexaware.fastx.FastXApplicationTests

  .   ____          _            __ _ _
 /\\ / ___'_ __ _ _(_)_ __  __ _ \ \ \ \
( ( )\___ | '_ | '_| | '_ \/ _` | \ \ \ \
 \\/  ___)| |_)| | | | | || (_| |  ) ) ) )
  '  |____| .__|_| |_|_| |_\__, | / / / /
 =========|_|==============|___/=/_/_/_/

 :: Spring Boot ::               (v3.5.15)

2026-07-10T09:42:20.577+05:30  WARN 66787 --- [FastX-Test] [           main] ory$DuplicateJsonObjectContextCustomizer : 

Found multiple occurrences of org.json.JSONObject on the class path:

	jar:file:/home/adhitya/.m2/repository/org/json/json/20180130/json-20180130.jar!/org/json/JSONObject.class
	jar:file:/home/adhitya/.m2/repository/com/vaadin/external/google/android-json/0.0.20131108.vaadin1/android-json-0.0.20131108.vaadin1.jar!/org/json/JSONObject.class

You may wish to exclude one of them to ensure predictable runtime behavior

2026-07-10T09:42:20.589+05:30  INFO 66787 --- [FastX-Test] [           main] c.hexaware.fastx.FastXApplicationTests   : Starting FastXApplicationTests using Java 17.0.19 with PID 66787 (started by adhitya in /media/adhitya/My Space/Academy/FastX_Full_Designed/FastX_Backend)
2026-07-10T09:42:20.590+05:30  INFO 66787 --- [FastX-Test] [           main] c.hexaware.fastx.FastXApplicationTests   : The following 1 profile is active: "test"
2026-07-10T09:42:21.271+05:30  INFO 66787 --- [FastX-Test] [           main] .s.d.r.c.RepositoryConfigurationDelegate : Bootstrapping Spring Data JPA repositories in DEFAULT mode.
2026-07-10T09:42:21.332+05:30  INFO 66787 --- [FastX-Test] [           main] .s.d.r.c.RepositoryConfigurationDelegate : Finished Spring Data repository scanning in 53 ms. Found 11 JPA repository interfaces.
2026-07-10T09:42:21.730+05:30  INFO 66787 --- [FastX-Test] [           main] o.hibernate.jpa.internal.util.LogHelper  : HHH000204: Processing PersistenceUnitInfo [name: default]
2026-07-10T09:42:21.769+05:30  INFO 66787 --- [FastX-Test] [           main] org.hibernate.Version                    : HHH000412: Hibernate ORM core version 6.6.53.Final
2026-07-10T09:42:21.795+05:30  INFO 66787 --- [FastX-Test] [           main] o.h.c.internal.RegionFactoryInitiator    : HHH000026: Second-level cache disabled
2026-07-10T09:42:22.026+05:30  INFO 66787 --- [FastX-Test] [           main] o.s.o.j.p.SpringPersistenceUnitInfo      : No LoadTimeWeaver setup: ignoring JPA class transformer
2026-07-10T09:42:22.054+05:30  INFO 66787 --- [FastX-Test] [           main] com.zaxxer.hikari.HikariDataSource       : HikariPool-1 - Starting...
2026-07-10T09:42:22.244+05:30  INFO 66787 --- [FastX-Test] [           main] com.zaxxer.hikari.pool.HikariPool        : HikariPool-1 - Added connection conn0: url=jdbc:h2:mem:testdb user=SA
2026-07-10T09:42:22.246+05:30  INFO 66787 --- [FastX-Test] [           main] com.zaxxer.hikari.HikariDataSource       : HikariPool-1 - Start completed.
2026-07-10T09:42:22.266+05:30  WARN 66787 --- [FastX-Test] [           main] org.hibernate.orm.deprecation            : HHH90000025: H2Dialect does not need to be specified explicitly using 'hibernate.dialect' (remove the property setting and it will be selected by default)
2026-07-10T09:42:22.284+05:30  INFO 66787 --- [FastX-Test] [           main] org.hibernate.orm.connections.pooling    : HHH10001005: Database info:
	Database JDBC URL [Connecting through datasource 'HikariDataSource (HikariPool-1)']
	Database driver: undefined/unknown
	Database version: 2.3.232
	Autocommit mode: undefined/unknown
	Isolation level: undefined/unknown
	Minimum pool size: undefined/unknown
	Maximum pool size: undefined/unknown
2026-07-10T09:42:23.106+05:30  INFO 66787 --- [FastX-Test] [           main] o.h.e.t.j.p.i.JtaPlatformInitiator       : HHH000489: No JTA platform available (set 'hibernate.transaction.jta.platform' to enable JTA platform integration)
2026-07-10T09:42:23.120+05:30 DEBUG 66787 --- [FastX-Test] [           main] org.hibernate.SQL                        : 
    drop table if exists amenities cascade 
Hibernate: 
    drop table if exists amenities cascade 
2026-07-10T09:42:23.123+05:30 DEBUG 66787 --- [FastX-Test] [           main] org.hibernate.SQL                        : 
    drop table if exists bookings cascade 
Hibernate: 
    drop table if exists bookings cascade 
2026-07-10T09:42:23.124+05:30 DEBUG 66787 --- [FastX-Test] [           main] org.hibernate.SQL                        : 
    drop table if exists bus_amenities cascade 
Hibernate: 
    drop table if exists bus_amenities cascade 
2026-07-10T09:42:23.124+05:30 DEBUG 66787 --- [FastX-Test] [           main] org.hibernate.SQL                        : 
    drop table if exists bus_operators cascade 
Hibernate: 
    drop table if exists bus_operators cascade 
2026-07-10T09:42:23.124+05:30 DEBUG 66787 --- [FastX-Test] [           main] org.hibernate.SQL                        : 
    drop table if exists buses cascade 
Hibernate: 
    drop table if exists buses cascade 
2026-07-10T09:42:23.124+05:30 DEBUG 66787 --- [FastX-Test] [           main] org.hibernate.SQL                        : 
    drop table if exists passengers cascade 
Hibernate: 
    drop table if exists passengers cascade 
2026-07-10T09:42:23.124+05:30 DEBUG 66787 --- [FastX-Test] [           main] org.hibernate.SQL                        : 
    drop table if exists password_reset_tokens cascade 
Hibernate: 
    drop table if exists password_reset_tokens cascade 
2026-07-10T09:42:23.125+05:30 DEBUG 66787 --- [FastX-Test] [           main] org.hibernate.SQL                        : 
    drop table if exists payments cascade 
Hibernate: 
    drop table if exists payments cascade 
2026-07-10T09:42:23.125+05:30 DEBUG 66787 --- [FastX-Test] [           main] org.hibernate.SQL                        : 
    drop table if exists refunds cascade 
Hibernate: 
    drop table if exists refunds cascade 
2026-07-10T09:42:23.126+05:30 DEBUG 66787 --- [FastX-Test] [           main] org.hibernate.SQL                        : 
    drop table if exists roles cascade 
Hibernate: 
    drop table if exists roles cascade 
2026-07-10T09:42:23.126+05:30 DEBUG 66787 --- [FastX-Test] [           main] org.hibernate.SQL                        : 
    drop table if exists seats cascade 
Hibernate: 
    drop table if exists seats cascade 
2026-07-10T09:42:23.126+05:30 DEBUG 66787 --- [FastX-Test] [           main] org.hibernate.SQL                        : 
    drop table if exists users cascade 
Hibernate: 
    drop table if exists users cascade 
2026-07-10T09:42:23.132+05:30 DEBUG 66787 --- [FastX-Test] [           main] org.hibernate.SQL                        : 
    create table amenities (
        amenity_id bigint generated by default as identity,
        created_at timestamp(6),
        updated_at timestamp(6),
        amenity_name varchar(255),
        primary key (amenity_id)
    )
Hibernate: 
    create table amenities (
        amenity_id bigint generated by default as identity,
        created_at timestamp(6),
        updated_at timestamp(6),
        amenity_name varchar(255),
        primary key (amenity_id)
    )
2026-07-10T09:42:23.142+05:30 DEBUG 66787 --- [FastX-Test] [           main] org.hibernate.SQL                        : 
    create table bookings (
        booking_date date,
        total_amount float(53),
        booking_id bigint generated by default as identity,
        bus_id bigint,
        created_at timestamp(6),
        reservation_expires_at timestamp(6),
        updated_at timestamp(6),
        user_id bigint,
        booking_status enum ('CANCELLED','CONFIRMED','EXPIRED','PENDING'),
        primary key (booking_id)
    )
Hibernate: 
    create table bookings (
        booking_date date,
        total_amount float(53),
        booking_id bigint generated by default as identity,
        bus_id bigint,
        created_at timestamp(6),
        reservation_expires_at timestamp(6),
        updated_at timestamp(6),
        user_id bigint,
        booking_status enum ('CANCELLED','CONFIRMED','EXPIRED','PENDING'),
        primary key (booking_id)
    )
2026-07-10T09:42:23.144+05:30 DEBUG 66787 --- [FastX-Test] [           main] org.hibernate.SQL                        : 
    create table bus_amenities (
        amenity_id bigint not null,
        bus_id bigint not null
    )
Hibernate: 
    create table bus_amenities (
        amenity_id bigint not null,
        bus_id bigint not null
    )
2026-07-10T09:42:23.145+05:30 DEBUG 66787 --- [FastX-Test] [           main] org.hibernate.SQL                        : 
    create table bus_operators (
        is_active boolean,
        created_at timestamp(6),
        operator_id bigint generated by default as identity,
        updated_at timestamp(6),
        address varchar(255),
        company_name varchar(255),
        email varchar(255),
        password varchar(255),
        phone_number varchar(255),
        primary key (operator_id)
    )
Hibernate: 
    create table bus_operators (
        is_active boolean,
        created_at timestamp(6),
        operator_id bigint generated by default as identity,
        updated_at timestamp(6),
        address varchar(255),
        company_name varchar(255),
        email varchar(255),
        password varchar(255),
        phone_number varchar(255),
        primary key (operator_id)
    )
2026-07-10T09:42:23.147+05:30 DEBUG 66787 --- [FastX-Test] [           main] org.hibernate.SQL                        : 
    create table buses (
        arrival_time time(6),
        departure_time time(6),
        fare float(53),
        journey_date date,
        total_seats integer,
        bus_id bigint generated by default as identity,
        created_at timestamp(6),
        operator_id bigint,
        updated_at timestamp(6),
        bus_name varchar(255),
        bus_number varchar(255),
        destination varchar(255),
        origin varchar(255),
        bus_type enum ('AC_SEATER','AC_SLEEPER','NON_AC_SEATER','NON_AC_SLEEPER','VOLVO'),
        primary key (bus_id)
    )
Hibernate: 
    create table buses (
        arrival_time time(6),
        departure_time time(6),
        fare float(53),
        journey_date date,
        total_seats integer,
        bus_id bigint generated by default as identity,
        created_at timestamp(6),
        operator_id bigint,
        updated_at timestamp(6),
        bus_name varchar(255),
        bus_number varchar(255),
        destination varchar(255),
        origin varchar(255),
        bus_type enum ('AC_SEATER','AC_SLEEPER','NON_AC_SEATER','NON_AC_SLEEPER','VOLVO'),
        primary key (bus_id)
    )
2026-07-10T09:42:23.149+05:30 DEBUG 66787 --- [FastX-Test] [           main] org.hibernate.SQL                        : 
    create table passengers (
        age integer,
        booking_id bigint,
        created_at timestamp(6),
        passenger_id bigint generated by default as identity,
        seat_id bigint,
        updated_at timestamp(6),
        name varchar(255),
        gender enum ('FEMALE','MALE','OTHER'),
        primary key (passenger_id)
    )
Hibernate: 
    create table passengers (
        age integer,
        booking_id bigint,
        created_at timestamp(6),
        passenger_id bigint generated by default as identity,
        seat_id bigint,
        updated_at timestamp(6),
        name varchar(255),
        gender enum ('FEMALE','MALE','OTHER'),
        primary key (passenger_id)
    )
2026-07-10T09:42:23.151+05:30 DEBUG 66787 --- [FastX-Test] [           main] org.hibernate.SQL                        : 
    create table password_reset_tokens (
        used boolean not null,
        created_at timestamp(6) not null,
        expiry_date timestamp(6) not null,
        id bigint generated by default as identity,
        token_hash varchar(64) not null unique,
        account_type varchar(255) not null,
        email varchar(255) not null,
        primary key (id)
    )
Hibernate: 
    create table password_reset_tokens (
        used boolean not null,
        created_at timestamp(6) not null,
        expiry_date timestamp(6) not null,
        id bigint generated by default as identity,
        token_hash varchar(64) not null unique,
        account_type varchar(255) not null,
        email varchar(255) not null,
        primary key (id)
    )
2026-07-10T09:42:23.154+05:30 DEBUG 66787 --- [FastX-Test] [           main] org.hibernate.SQL                        : 
    create table payments (
        amount float(53),
        booking_id bigint unique,
        created_at timestamp(6),
        payment_date timestamp(6),
        payment_id bigint generated by default as identity,
        updated_at timestamp(6),
        transaction_id varchar(255),
        payment_method enum ('CREDIT_CARD','DEBIT_CARD','NET_BANKING','UPI'),
        payment_status enum ('COMPLETED','FAILED','PENDING','REFUNDED'),
        primary key (payment_id)
    )
Hibernate: 
    create table payments (
        amount float(53),
        booking_id bigint unique,
        created_at timestamp(6),
        payment_date timestamp(6),
        payment_id bigint generated by default as identity,
        updated_at timestamp(6),
        transaction_id varchar(255),
        payment_method enum ('CREDIT_CARD','DEBIT_CARD','NET_BANKING','UPI'),
        payment_status enum ('COMPLETED','FAILED','PENDING','REFUNDED'),
        primary key (payment_id)
    )
2026-07-10T09:42:23.155+05:30 DEBUG 66787 --- [FastX-Test] [           main] org.hibernate.SQL                        : 
    create table refunds (
        refund_amount float(53),
        booking_id bigint unique,
        created_at timestamp(6),
        refund_date timestamp(6),
        refund_id bigint generated by default as identity,
        updated_at timestamp(6),
        reason varchar(255),
        refund_status enum ('APPROVED','PENDING','PROCESSED','REJECTED'),
        primary key (refund_id)
    )
Hibernate: 
    create table refunds (
        refund_amount float(53),
        booking_id bigint unique,
        created_at timestamp(6),
        refund_date timestamp(6),
        refund_id bigint generated by default as identity,
        updated_at timestamp(6),
        reason varchar(255),
        refund_status enum ('APPROVED','PENDING','PROCESSED','REJECTED'),
        primary key (refund_id)
    )
2026-07-10T09:42:23.157+05:30 DEBUG 66787 --- [FastX-Test] [           main] org.hibernate.SQL                        : 
    create table roles (
        role_id bigint generated by default as identity,
        role_name varchar(255),
        primary key (role_id)
    )
Hibernate: 
    create table roles (
        role_id bigint generated by default as identity,
        role_name varchar(255),
        primary key (role_id)
    )
2026-07-10T09:42:23.158+05:30 DEBUG 66787 --- [FastX-Test] [           main] org.hibernate.SQL                        : 
    create table seats (
        bus_id bigint,
        created_at timestamp(6),
        reserved_booking_id bigint,
        seat_id bigint generated by default as identity,
        updated_at timestamp(6),
        seat_number varchar(255),
        seat_status enum ('AVAILABLE','BOOKED','RESERVED'),
        seat_type varchar(50),
        primary key (seat_id)
    )
Hibernate: 
    create table seats (
        bus_id bigint,
        created_at timestamp(6),
        reserved_booking_id bigint,
        seat_id bigint generated by default as identity,
        updated_at timestamp(6),
        seat_number varchar(255),
        seat_status enum ('AVAILABLE','BOOKED','RESERVED'),
        seat_type varchar(50),
        primary key (seat_id)
    )
2026-07-10T09:42:23.161+05:30 DEBUG 66787 --- [FastX-Test] [           main] org.hibernate.SQL                        : 
    create table users (
        is_active boolean,
        created_at timestamp(6),
        role_id bigint,
        updated_at timestamp(6),
        user_id bigint generated by default as identity,
        address varchar(255),
        email varchar(255),
        full_name varchar(255),
        google_id varchar(255),
        password varchar(255),
        phone_number varchar(255),
        auth_provider enum ('GOOGLE','LOCAL'),
        gender enum ('FEMALE','MALE','OTHER'),
        primary key (user_id)
    )
Hibernate: 
    create table users (
        is_active boolean,
        created_at timestamp(6),
        role_id bigint,
        updated_at timestamp(6),
        user_id bigint generated by default as identity,
        address varchar(255),
        email varchar(255),
        full_name varchar(255),
        google_id varchar(255),
        password varchar(255),
        phone_number varchar(255),
        auth_provider enum ('GOOGLE','LOCAL'),
        gender enum ('FEMALE','MALE','OTHER'),
        primary key (user_id)
    )
2026-07-10T09:42:23.163+05:30 DEBUG 66787 --- [FastX-Test] [           main] org.hibernate.SQL                        : 
    alter table if exists bookings 
       add constraint FKebb19pi5yjjixd0xjxdfx3ru8 
       foreign key (bus_id) 
       references buses
Hibernate: 
    alter table if exists bookings 
       add constraint FKebb19pi5yjjixd0xjxdfx3ru8 
       foreign key (bus_id) 
       references buses
2026-07-10T09:42:23.175+05:30 DEBUG 66787 --- [FastX-Test] [           main] org.hibernate.SQL                        : 
    alter table if exists bookings 
       add constraint FKeyog2oic85xg7hsu2je2lx3s6 
       foreign key (user_id) 
       references users
Hibernate: 
    alter table if exists bookings 
       add constraint FKeyog2oic85xg7hsu2je2lx3s6 
       foreign key (user_id) 
       references users
2026-07-10T09:42:23.177+05:30 DEBUG 66787 --- [FastX-Test] [           main] org.hibernate.SQL                        : 
    alter table if exists bus_amenities 
       add constraint FK53uilhogvlv4miyrgoknay2jo 
       foreign key (amenity_id) 
       references amenities
Hibernate: 
    alter table if exists bus_amenities 
       add constraint FK53uilhogvlv4miyrgoknay2jo 
       foreign key (amenity_id) 
       references amenities
2026-07-10T09:42:23.178+05:30 DEBUG 66787 --- [FastX-Test] [           main] org.hibernate.SQL                        : 
    alter table if exists bus_amenities 
       add constraint FKisgwl7rx09lovdd8cd5wal0mr 
       foreign key (bus_id) 
       references buses
Hibernate: 
    alter table if exists bus_amenities 
       add constraint FKisgwl7rx09lovdd8cd5wal0mr 
       foreign key (bus_id) 
       references buses
2026-07-10T09:42:23.179+05:30 DEBUG 66787 --- [FastX-Test] [           main] org.hibernate.SQL                        : 
    alter table if exists buses 
       add constraint FKwmt4p1sd2pys4x800ha06ste 
       foreign key (operator_id) 
       references bus_operators
Hibernate: 
    alter table if exists buses 
       add constraint FKwmt4p1sd2pys4x800ha06ste 
       foreign key (operator_id) 
       references bus_operators
2026-07-10T09:42:23.180+05:30 DEBUG 66787 --- [FastX-Test] [           main] org.hibernate.SQL                        : 
    alter table if exists passengers 
       add constraint FKgc7vcfrut3vamougerwse2m2u 
       foreign key (booking_id) 
       references bookings
Hibernate: 
    alter table if exists passengers 
       add constraint FKgc7vcfrut3vamougerwse2m2u 
       foreign key (booking_id) 
       references bookings
2026-07-10T09:42:23.182+05:30 DEBUG 66787 --- [FastX-Test] [           main] org.hibernate.SQL                        : 
    alter table if exists passengers 
       add constraint FKn2q4p31xfjef3d9bqcbbk26i9 
       foreign key (seat_id) 
       references seats
Hibernate: 
    alter table if exists passengers 
       add constraint FKn2q4p31xfjef3d9bqcbbk26i9 
       foreign key (seat_id) 
       references seats
2026-07-10T09:42:23.183+05:30 DEBUG 66787 --- [FastX-Test] [           main] org.hibernate.SQL                        : 
    alter table if exists payments 
       add constraint FKc52o2b1jkxttngufqp3t7jr3h 
       foreign key (booking_id) 
       references bookings
Hibernate: 
    alter table if exists payments 
       add constraint FKc52o2b1jkxttngufqp3t7jr3h 
       foreign key (booking_id) 
       references bookings
2026-07-10T09:42:23.184+05:30 DEBUG 66787 --- [FastX-Test] [           main] org.hibernate.SQL                        : 
    alter table if exists refunds 
       add constraint FK3nlfu8o4nsl1kcfp2sg8q4gnd 
       foreign key (booking_id) 
       references bookings
Hibernate: 
    alter table if exists refunds 
       add constraint FK3nlfu8o4nsl1kcfp2sg8q4gnd 
       foreign key (booking_id) 
       references bookings
2026-07-10T09:42:23.186+05:30 DEBUG 66787 --- [FastX-Test] [           main] org.hibernate.SQL                        : 
    alter table if exists seats 
       add constraint FKdysgofh5bvo6ijbxunf7x6fa6 
       foreign key (bus_id) 
       references buses
Hibernate: 
    alter table if exists seats 
       add constraint FKdysgofh5bvo6ijbxunf7x6fa6 
       foreign key (bus_id) 
       references buses
2026-07-10T09:42:23.187+05:30 DEBUG 66787 --- [FastX-Test] [           main] org.hibernate.SQL                        : 
    alter table if exists seats 
       add constraint FKroh4bcs75bcrkd23lr2syvwdq 
       foreign key (reserved_booking_id) 
       references bookings
Hibernate: 
    alter table if exists seats 
       add constraint FKroh4bcs75bcrkd23lr2syvwdq 
       foreign key (reserved_booking_id) 
       references bookings
2026-07-10T09:42:23.188+05:30 DEBUG 66787 --- [FastX-Test] [           main] org.hibernate.SQL                        : 
    alter table if exists users 
       add constraint FKp56c1712k691lhsyewcssf40f 
       foreign key (role_id) 
       references roles
Hibernate: 
    alter table if exists users 
       add constraint FKp56c1712k691lhsyewcssf40f 
       foreign key (role_id) 
       references roles
2026-07-10T09:42:23.193+05:30  INFO 66787 --- [FastX-Test] [           main] j.LocalContainerEntityManagerFactoryBean : Initialized JPA EntityManagerFactory for persistence unit 'default'
2026-07-10T09:42:23.485+05:30  INFO 66787 --- [FastX-Test] [           main] o.s.d.j.r.query.QueryEnhancerFactory     : Hibernate is in classpath; If applicable, HQL parser will be used.
2026-07-10T09:42:24.186+05:30  INFO 66787 --- [FastX-Test] [           main] eAuthenticationProviderManagerConfigurer : Global AuthenticationManager configured with AuthenticationProvider bean with name authenticationProvider
2026-07-10T09:42:24.187+05:30  WARN 66787 --- [FastX-Test] [           main] r$InitializeUserDetailsManagerConfigurer : Global AuthenticationManager configured with an AuthenticationProvider bean. UserDetailsService beans will not be used by Spring Security for automatically configuring username/password login. Consider removing the AuthenticationProvider bean. Alternatively, consider using the UserDetailsService in a manually instantiated DaoAuthenticationProvider. If the current configuration is intentional, to turn off this warning, increase the logging level of 'org.springframework.security.config.annotation.authentication.configuration.InitializeUserDetailsBeanManagerConfigurer' to ERROR
2026-07-10T09:42:24.583+05:30  WARN 66787 --- [FastX-Test] [           main] JpaBaseConfiguration$JpaWebConfiguration : spring.jpa.open-in-view is enabled by default. Therefore, database queries may be performed during view rendering. Explicitly configure spring.jpa.open-in-view to disable this warning
2026-07-10T09:42:25.296+05:30  INFO 66787 --- [FastX-Test] [           main] c.hexaware.fastx.FastXApplicationTests   : Started FastXApplicationTests in 4.906 seconds (process running for 5.841)
2026-07-10T09:42:25.355+05:30 DEBUG 66787 --- [FastX-Test] [   scheduling-1] org.hibernate.SQL                        : 
    select
        b1_0.booking_id,
        b1_0.booking_date,
        b1_0.booking_status,
        b1_0.bus_id,
        b1_0.created_at,
        b1_0.reservation_expires_at,
        b1_0.total_amount,
        b1_0.updated_at,
        b1_0.user_id 
    from
        bookings b1_0 
    where
        b1_0.booking_status=? 
        and b1_0.reservation_expires_at<?
Hibernate: 
    select
        b1_0.booking_id,
        b1_0.booking_date,
        b1_0.booking_status,
        b1_0.bus_id,
        b1_0.created_at,
        b1_0.reservation_expires_at,
        b1_0.total_amount,
        b1_0.updated_at,
        b1_0.user_id 
    from
        bookings b1_0 
    where
        b1_0.booking_status=? 
        and b1_0.reservation_expires_at<?
]]></system-out>
  </testcase>
</testsuite>