<?xml version="1.0" encoding="UTF-8"?>
<testsuite xmlns:xsi="http://www.w3.org/2001/XMLSchema-instance" xsi:noNamespaceSchemaLocation="https://maven.apache.org/surefire/maven-surefire-plugin/xsd/surefire-test-report.xsd" version="3.0.2" name="com.hexaware.fastx.service.BookingServiceTest" time="1.407" tests="10" errors="0" skipped="0" failures="0" flakes="0">
  <properties>
[...]
</properties>
  <testcase name="testCancelledPendingBookingNoAutoRefund" classname="com.hexaware.fastx.service.BookingServiceTest" time="0.144">
    <system-out><![CDATA[2026-07-10T09:42:26.574+05:30  INFO 66787 --- [FastX-Test] [           main] t.c.s.AnnotationConfigContextLoaderUtils : Could not detect default configuration classes for test class [com.hexaware.fastx.service.BookingServiceTest]: BookingServiceTest does not declare any static, non-private, non-final, nested classes annotated with @Configuration.
2026-07-10T09:42:26.575+05:30  INFO 66787 --- [FastX-Test] [           main] .b.t.c.SpringBootTestContextBootstrapper : Found @SpringBootConfiguration com.hexaware.fastx.FastXApplication for test class com.hexaware.fastx.service.BookingServiceTest
2026-07-10T09:42:26.580+05:30 DEBUG 66787 --- [FastX-Test] [           main] org.hibernate.SQL                        : 
    insert 
    into
        roles
        (role_name, role_id) 
    values
        (?, default)
Hibernate: 
    insert 
    into
        roles
        (role_name, role_id) 
    values
        (?, default)
2026-07-10T09:42:26.581+05:30  INFO 66787 --- [FastX-Test] [           main] c.h.fastx.service.impl.RoleServiceImpl   : Role created with ID: 6
2026-07-10T09:42:26.582+05:30 DEBUG 66787 --- [FastX-Test] [           main] org.hibernate.SQL                        : 
    select
        u1_0.user_id 
    from
        users u1_0 
    where
        u1_0.email=? 
    fetch
        first ? rows only
Hibernate: 
    select
        u1_0.user_id 
    from
        users u1_0 
    where
        u1_0.email=? 
    fetch
        first ? rows only
2026-07-10T09:42:26.638+05:30 DEBUG 66787 --- [FastX-Test] [           main] org.hibernate.SQL                        : 
    insert 
    into
        users
        (address, auth_provider, created_at, email, full_name, gender, google_id, is_active, password, phone_number, role_id, updated_at, user_id) 
    values
        (?, ?, ?, ?, ?, ?, ?, ?, ?, ?, ?, ?, default)
Hibernate: 
    insert 
    into
        users
        (address, auth_provider, created_at, email, full_name, gender, google_id, is_active, password, phone_number, role_id, updated_at, user_id) 
    values
        (?, ?, ?, ?, ?, ?, ?, ?, ?, ?, ?, ?, default)
2026-07-10T09:42:26.639+05:30  INFO 66787 --- [FastX-Test] [           main] c.h.fastx.service.impl.UserServiceImpl   : User created with ID: 6
2026-07-10T09:42:26.693+05:30 DEBUG 66787 --- [FastX-Test] [           main] org.hibernate.SQL                        : 
    insert 
    into
        bus_operators
        (address, company_name, created_at, email, is_active, password, phone_number, updated_at, operator_id) 
    values
        (?, ?, ?, ?, ?, ?, ?, ?, default)
Hibernate: 
    insert 
    into
        bus_operators
        (address, company_name, created_at, email, is_active, password, phone_number, updated_at, operator_id) 
    values
        (?, ?, ?, ?, ?, ?, ?, ?, default)
2026-07-10T09:42:26.694+05:30  INFO 66787 --- [FastX-Test] [           main] c.h.f.s.impl.BusOperatorServiceImpl      : Bus Operator created with ID: 6
2026-07-10T09:42:26.694+05:30 DEBUG 66787 --- [FastX-Test] [           main] org.hibernate.SQL                        : 
    insert 
    into
        buses
        (arrival_time, bus_name, bus_number, operator_id, bus_type, created_at, departure_time, destination, fare, journey_date, origin, total_seats, updated_at, bus_id) 
    values
        (?, ?, ?, ?, ?, ?, ?, ?, ?, ?, ?, ?, ?, default)
Hibernate: 
    insert 
    into
        buses
        (arrival_time, bus_name, bus_number, operator_id, bus_type, created_at, departure_time, destination, fare, journey_date, origin, total_seats, updated_at, bus_id) 
    values
        (?, ?, ?, ?, ?, ?, ?, ?, ?, ?, ?, ?, ?, default)
2026-07-10T09:42:26.694+05:30  INFO 66787 --- [FastX-Test] [           main] c.h.fastx.service.impl.BusServiceImpl    : Bus added with ID: 6
2026-07-10T09:42:26.695+05:30 DEBUG 66787 --- [FastX-Test] [           main] org.hibernate.SQL                        : 
    insert 
    into
        seats
        (bus_id, created_at, reserved_booking_id, seat_number, seat_status, seat_type, updated_at, seat_id) 
    values
        (?, ?, ?, ?, ?, ?, ?, default)
Hibernate: 
    insert 
    into
        seats
        (bus_id, created_at, reserved_booking_id, seat_number, seat_status, seat_type, updated_at, seat_id) 
    values
        (?, ?, ?, ?, ?, ?, ?, default)
2026-07-10T09:42:26.695+05:30 DEBUG 66787 --- [FastX-Test] [           main] org.hibernate.SQL                        : 
    insert 
    into
        seats
        (bus_id, created_at, reserved_booking_id, seat_number, seat_status, seat_type, updated_at, seat_id) 
    values
        (?, ?, ?, ?, ?, ?, ?, default)
Hibernate: 
    insert 
    into
        seats
        (bus_id, created_at, reserved_booking_id, seat_number, seat_status, seat_type, updated_at, seat_id) 
    values
        (?, ?, ?, ?, ?, ?, ?, default)
2026-07-10T09:42:26.696+05:30 DEBUG 66787 --- [FastX-Test] [           main] org.hibernate.SQL                        : 
    insert 
    into
        seats
        (bus_id, created_at, reserved_booking_id, seat_number, seat_status, seat_type, updated_at, seat_id) 
    values
        (?, ?, ?, ?, ?, ?, ?, default)
Hibernate: 
    insert 
    into
        seats
        (bus_id, created_at, reserved_booking_id, seat_number, seat_status, seat_type, updated_at, seat_id) 
    values
        (?, ?, ?, ?, ?, ?, ?, default)
2026-07-10T09:42:26.696+05:30 DEBUG 66787 --- [FastX-Test] [           main] org.hibernate.SQL                        : 
    insert 
    into
        seats
        (bus_id, created_at, reserved_booking_id, seat_number, seat_status, seat_type, updated_at, seat_id) 
    values
        (?, ?, ?, ?, ?, ?, ?, default)
Hibernate: 
    insert 
    into
        seats
        (bus_id, created_at, reserved_booking_id, seat_number, seat_status, seat_type, updated_at, seat_id) 
    values
        (?, ?, ?, ?, ?, ?, ?, default)
2026-07-10T09:42:26.696+05:30 DEBUG 66787 --- [FastX-Test] [           main] org.hibernate.SQL                        : 
    insert 
    into
        seats
        (bus_id, created_at, reserved_booking_id, seat_number, seat_status, seat_type, updated_at, seat_id) 
    values
        (?, ?, ?, ?, ?, ?, ?, default)
Hibernate: 
    insert 
    into
        seats
        (bus_id, created_at, reserved_booking_id, seat_number, seat_status, seat_type, updated_at, seat_id) 
    values
        (?, ?, ?, ?, ?, ?, ?, default)
2026-07-10T09:42:26.697+05:30 DEBUG 66787 --- [FastX-Test] [           main] org.hibernate.SQL                        : 
    insert 
    into
        seats
        (bus_id, created_at, reserved_booking_id, seat_number, seat_status, seat_type, updated_at, seat_id) 
    values
        (?, ?, ?, ?, ?, ?, ?, default)
Hibernate: 
    insert 
    into
        seats
        (bus_id, created_at, reserved_booking_id, seat_number, seat_status, seat_type, updated_at, seat_id) 
    values
        (?, ?, ?, ?, ?, ?, ?, default)
2026-07-10T09:42:26.697+05:30 DEBUG 66787 --- [FastX-Test] [           main] org.hibernate.SQL                        : 
    insert 
    into
        seats
        (bus_id, created_at, reserved_booking_id, seat_number, seat_status, seat_type, updated_at, seat_id) 
    values
        (?, ?, ?, ?, ?, ?, ?, default)
Hibernate: 
    insert 
    into
        seats
        (bus_id, created_at, reserved_booking_id, seat_number, seat_status, seat_type, updated_at, seat_id) 
    values
        (?, ?, ?, ?, ?, ?, ?, default)
2026-07-10T09:42:26.697+05:30 DEBUG 66787 --- [FastX-Test] [           main] org.hibernate.SQL                        : 
    insert 
    into
        seats
        (bus_id, created_at, reserved_booking_id, seat_number, seat_status, seat_type, updated_at, seat_id) 
    values
        (?, ?, ?, ?, ?, ?, ?, default)
Hibernate: 
    insert 
    into
        seats
        (bus_id, created_at, reserved_booking_id, seat_number, seat_status, seat_type, updated_at, seat_id) 
    values
        (?, ?, ?, ?, ?, ?, ?, default)
2026-07-10T09:42:26.698+05:30 DEBUG 66787 --- [FastX-Test] [           main] org.hibernate.SQL                        : 
    insert 
    into
        seats
        (bus_id, created_at, reserved_booking_id, seat_number, seat_status, seat_type, updated_at, seat_id) 
    values
        (?, ?, ?, ?, ?, ?, ?, default)
Hibernate: 
    insert 
    into
        seats
        (bus_id, created_at, reserved_booking_id, seat_number, seat_status, seat_type, updated_at, seat_id) 
    values
        (?, ?, ?, ?, ?, ?, ?, default)
2026-07-10T09:42:26.698+05:30 DEBUG 66787 --- [FastX-Test] [           main] org.hibernate.SQL                        : 
    insert 
    into
        seats
        (bus_id, created_at, reserved_booking_id, seat_number, seat_status, seat_type, updated_at, seat_id) 
    values
        (?, ?, ?, ?, ?, ?, ?, default)
Hibernate: 
    insert 
    into
        seats
        (bus_id, created_at, reserved_booking_id, seat_number, seat_status, seat_type, updated_at, seat_id) 
    values
        (?, ?, ?, ?, ?, ?, ?, default)
2026-07-10T09:42:26.699+05:30 DEBUG 66787 --- [FastX-Test] [           main] org.hibernate.SQL                        : 
    insert 
    into
        seats
        (bus_id, created_at, reserved_booking_id, seat_number, seat_status, seat_type, updated_at, seat_id) 
    values
        (?, ?, ?, ?, ?, ?, ?, default)
Hibernate: 
    insert 
    into
        seats
        (bus_id, created_at, reserved_booking_id, seat_number, seat_status, seat_type, updated_at, seat_id) 
    values
        (?, ?, ?, ?, ?, ?, ?, default)
2026-07-10T09:42:26.699+05:30 DEBUG 66787 --- [FastX-Test] [           main] org.hibernate.SQL                        : 
    insert 
    into
        seats
        (bus_id, created_at, reserved_booking_id, seat_number, seat_status, seat_type, updated_at, seat_id) 
    values
        (?, ?, ?, ?, ?, ?, ?, default)
Hibernate: 
    insert 
    into
        seats
        (bus_id, created_at, reserved_booking_id, seat_number, seat_status, seat_type, updated_at, seat_id) 
    values
        (?, ?, ?, ?, ?, ?, ?, default)
2026-07-10T09:42:26.699+05:30 DEBUG 66787 --- [FastX-Test] [           main] org.hibernate.SQL                        : 
    insert 
    into
        seats
        (bus_id, created_at, reserved_booking_id, seat_number, seat_status, seat_type, updated_at, seat_id) 
    values
        (?, ?, ?, ?, ?, ?, ?, default)
Hibernate: 
    insert 
    into
        seats
        (bus_id, created_at, reserved_booking_id, seat_number, seat_status, seat_type, updated_at, seat_id) 
    values
        (?, ?, ?, ?, ?, ?, ?, default)
2026-07-10T09:42:26.699+05:30 DEBUG 66787 --- [FastX-Test] [           main] org.hibernate.SQL                        : 
    insert 
    into
        seats
        (bus_id, created_at, reserved_booking_id, seat_number, seat_status, seat_type, updated_at, seat_id) 
    values
        (?, ?, ?, ?, ?, ?, ?, default)
Hibernate: 
    insert 
    into
        seats
        (bus_id, created_at, reserved_booking_id, seat_number, seat_status, seat_type, updated_at, seat_id) 
    values
        (?, ?, ?, ?, ?, ?, ?, default)
2026-07-10T09:42:26.700+05:30 DEBUG 66787 --- [FastX-Test] [           main] org.hibernate.SQL                        : 
    insert 
    into
        seats
        (bus_id, created_at, reserved_booking_id, seat_number, seat_status, seat_type, updated_at, seat_id) 
    values
        (?, ?, ?, ?, ?, ?, ?, default)
Hibernate: 
    insert 
    into
        seats
        (bus_id, created_at, reserved_booking_id, seat_number, seat_status, seat_type, updated_at, seat_id) 
    values
        (?, ?, ?, ?, ?, ?, ?, default)
2026-07-10T09:42:26.700+05:30 DEBUG 66787 --- [FastX-Test] [           main] org.hibernate.SQL                        : 
    insert 
    into
        seats
        (bus_id, created_at, reserved_booking_id, seat_number, seat_status, seat_type, updated_at, seat_id) 
    values
        (?, ?, ?, ?, ?, ?, ?, default)
Hibernate: 
    insert 
    into
        seats
        (bus_id, created_at, reserved_booking_id, seat_number, seat_status, seat_type, updated_at, seat_id) 
    values
        (?, ?, ?, ?, ?, ?, ?, default)
2026-07-10T09:42:26.701+05:30 DEBUG 66787 --- [FastX-Test] [           main] org.hibernate.SQL                        : 
    insert 
    into
        seats
        (bus_id, created_at, reserved_booking_id, seat_number, seat_status, seat_type, updated_at, seat_id) 
    values
        (?, ?, ?, ?, ?, ?, ?, default)
Hibernate: 
    insert 
    into
        seats
        (bus_id, created_at, reserved_booking_id, seat_number, seat_status, seat_type, updated_at, seat_id) 
    values
        (?, ?, ?, ?, ?, ?, ?, default)
2026-07-10T09:42:26.701+05:30 DEBUG 66787 --- [FastX-Test] [           main] org.hibernate.SQL                        : 
    insert 
    into
        seats
        (bus_id, created_at, reserved_booking_id, seat_number, seat_status, seat_type, updated_at, seat_id) 
    values
        (?, ?, ?, ?, ?, ?, ?, default)
Hibernate: 
    insert 
    into
        seats
        (bus_id, created_at, reserved_booking_id, seat_number, seat_status, seat_type, updated_at, seat_id) 
    values
        (?, ?, ?, ?, ?, ?, ?, default)
2026-07-10T09:42:26.701+05:30 DEBUG 66787 --- [FastX-Test] [           main] org.hibernate.SQL                        : 
    insert 
    into
        seats
        (bus_id, created_at, reserved_booking_id, seat_number, seat_status, seat_type, updated_at, seat_id) 
    values
        (?, ?, ?, ?, ?, ?, ?, default)
Hibernate: 
    insert 
    into
        seats
        (bus_id, created_at, reserved_booking_id, seat_number, seat_status, seat_type, updated_at, seat_id) 
    values
        (?, ?, ?, ?, ?, ?, ?, default)
2026-07-10T09:42:26.702+05:30 DEBUG 66787 --- [FastX-Test] [           main] org.hibernate.SQL                        : 
    insert 
    into
        seats
        (bus_id, created_at, reserved_booking_id, seat_number, seat_status, seat_type, updated_at, seat_id) 
    values
        (?, ?, ?, ?, ?, ?, ?, default)
Hibernate: 
    insert 
    into
        seats
        (bus_id, created_at, reserved_booking_id, seat_number, seat_status, seat_type, updated_at, seat_id) 
    values
        (?, ?, ?, ?, ?, ?, ?, default)
2026-07-10T09:42:26.702+05:30 DEBUG 66787 --- [FastX-Test] [           main] org.hibernate.SQL                        : 
    insert 
    into
        seats
        (bus_id, created_at, reserved_booking_id, seat_number, seat_status, seat_type, updated_at, seat_id) 
    values
        (?, ?, ?, ?, ?, ?, ?, default)
Hibernate: 
    insert 
    into
        seats
        (bus_id, created_at, reserved_booking_id, seat_number, seat_status, seat_type, updated_at, seat_id) 
    values
        (?, ?, ?, ?, ?, ?, ?, default)
2026-07-10T09:42:26.702+05:30 DEBUG 66787 --- [FastX-Test] [           main] org.hibernate.SQL                        : 
    insert 
    into
        seats
        (bus_id, created_at, reserved_booking_id, seat_number, seat_status, seat_type, updated_at, seat_id) 
    values
        (?, ?, ?, ?, ?, ?, ?, default)
Hibernate: 
    insert 
    into
        seats
        (bus_id, created_at, reserved_booking_id, seat_number, seat_status, seat_type, updated_at, seat_id) 
    values
        (?, ?, ?, ?, ?, ?, ?, default)
2026-07-10T09:42:26.703+05:30 DEBUG 66787 --- [FastX-Test] [           main] org.hibernate.SQL                        : 
    insert 
    into
        seats
        (bus_id, created_at, reserved_booking_id, seat_number, seat_status, seat_type, updated_at, seat_id) 
    values
        (?, ?, ?, ?, ?, ?, ?, default)
Hibernate: 
    insert 
    into
        seats
        (bus_id, created_at, reserved_booking_id, seat_number, seat_status, seat_type, updated_at, seat_id) 
    values
        (?, ?, ?, ?, ?, ?, ?, default)
2026-07-10T09:42:26.703+05:30 DEBUG 66787 --- [FastX-Test] [           main] org.hibernate.SQL                        : 
    insert 
    into
        seats
        (bus_id, created_at, reserved_booking_id, seat_number, seat_status, seat_type, updated_at, seat_id) 
    values
        (?, ?, ?, ?, ?, ?, ?, default)
Hibernate: 
    insert 
    into
        seats
        (bus_id, created_at, reserved_booking_id, seat_number, seat_status, seat_type, updated_at, seat_id) 
    values
        (?, ?, ?, ?, ?, ?, ?, default)
2026-07-10T09:42:26.703+05:30 DEBUG 66787 --- [FastX-Test] [           main] org.hibernate.SQL                        : 
    insert 
    into
        seats
        (bus_id, created_at, reserved_booking_id, seat_number, seat_status, seat_type, updated_at, seat_id) 
    values
        (?, ?, ?, ?, ?, ?, ?, default)
Hibernate: 
    insert 
    into
        seats
        (bus_id, created_at, reserved_booking_id, seat_number, seat_status, seat_type, updated_at, seat_id) 
    values
        (?, ?, ?, ?, ?, ?, ?, default)
2026-07-10T09:42:26.704+05:30 DEBUG 66787 --- [FastX-Test] [           main] org.hibernate.SQL                        : 
    insert 
    into
        seats
        (bus_id, created_at, reserved_booking_id, seat_number, seat_status, seat_type, updated_at, seat_id) 
    values
        (?, ?, ?, ?, ?, ?, ?, default)
Hibernate: 
    insert 
    into
        seats
        (bus_id, created_at, reserved_booking_id, seat_number, seat_status, seat_type, updated_at, seat_id) 
    values
        (?, ?, ?, ?, ?, ?, ?, default)
2026-07-10T09:42:26.704+05:30 DEBUG 66787 --- [FastX-Test] [           main] org.hibernate.SQL                        : 
    insert 
    into
        seats
        (bus_id, created_at, reserved_booking_id, seat_number, seat_status, seat_type, updated_at, seat_id) 
    values
        (?, ?, ?, ?, ?, ?, ?, default)
Hibernate: 
    insert 
    into
        seats
        (bus_id, created_at, reserved_booking_id, seat_number, seat_status, seat_type, updated_at, seat_id) 
    values
        (?, ?, ?, ?, ?, ?, ?, default)
2026-07-10T09:42:26.705+05:30 DEBUG 66787 --- [FastX-Test] [           main] org.hibernate.SQL                        : 
    insert 
    into
        seats
        (bus_id, created_at, reserved_booking_id, seat_number, seat_status, seat_type, updated_at, seat_id) 
    values
        (?, ?, ?, ?, ?, ?, ?, default)
Hibernate: 
    insert 
    into
        seats
        (bus_id, created_at, reserved_booking_id, seat_number, seat_status, seat_type, updated_at, seat_id) 
    values
        (?, ?, ?, ?, ?, ?, ?, default)
2026-07-10T09:42:26.705+05:30 DEBUG 66787 --- [FastX-Test] [           main] org.hibernate.SQL                        : 
    insert 
    into
        seats
        (bus_id, created_at, reserved_booking_id, seat_number, seat_status, seat_type, updated_at, seat_id) 
    values
        (?, ?, ?, ?, ?, ?, ?, default)
Hibernate: 
    insert 
    into
        seats
        (bus_id, created_at, reserved_booking_id, seat_number, seat_status, seat_type, updated_at, seat_id) 
    values
        (?, ?, ?, ?, ?, ?, ?, default)
2026-07-10T09:42:26.705+05:30 DEBUG 66787 --- [FastX-Test] [           main] org.hibernate.SQL                        : 
    insert 
    into
        seats
        (bus_id, created_at, reserved_booking_id, seat_number, seat_status, seat_type, updated_at, seat_id) 
    values
        (?, ?, ?, ?, ?, ?, ?, default)
Hibernate: 
    insert 
    into
        seats
        (bus_id, created_at, reserved_booking_id, seat_number, seat_status, seat_type, updated_at, seat_id) 
    values
        (?, ?, ?, ?, ?, ?, ?, default)
2026-07-10T09:42:26.706+05:30 DEBUG 66787 --- [FastX-Test] [           main] org.hibernate.SQL                        : 
    insert 
    into
        seats
        (bus_id, created_at, reserved_booking_id, seat_number, seat_status, seat_type, updated_at, seat_id) 
    values
        (?, ?, ?, ?, ?, ?, ?, default)
Hibernate: 
    insert 
    into
        seats
        (bus_id, created_at, reserved_booking_id, seat_number, seat_status, seat_type, updated_at, seat_id) 
    values
        (?, ?, ?, ?, ?, ?, ?, default)
2026-07-10T09:42:26.706+05:30 DEBUG 66787 --- [FastX-Test] [           main] org.hibernate.SQL                        : 
    insert 
    into
        seats
        (bus_id, created_at, reserved_booking_id, seat_number, seat_status, seat_type, updated_at, seat_id) 
    values
        (?, ?, ?, ?, ?, ?, ?, default)
Hibernate: 
    insert 
    into
        seats
        (bus_id, created_at, reserved_booking_id, seat_number, seat_status, seat_type, updated_at, seat_id) 
    values
        (?, ?, ?, ?, ?, ?, ?, default)
2026-07-10T09:42:26.706+05:30 DEBUG 66787 --- [FastX-Test] [           main] org.hibernate.SQL                        : 
    insert 
    into
        seats
        (bus_id, created_at, reserved_booking_id, seat_number, seat_status, seat_type, updated_at, seat_id) 
    values
        (?, ?, ?, ?, ?, ?, ?, default)
Hibernate: 
    insert 
    into
        seats
        (bus_id, created_at, reserved_booking_id, seat_number, seat_status, seat_type, updated_at, seat_id) 
    values
        (?, ?, ?, ?, ?, ?, ?, default)
2026-07-10T09:42:26.707+05:30 DEBUG 66787 --- [FastX-Test] [           main] org.hibernate.SQL                        : 
    insert 
    into
        seats
        (bus_id, created_at, reserved_booking_id, seat_number, seat_status, seat_type, updated_at, seat_id) 
    values
        (?, ?, ?, ?, ?, ?, ?, default)
Hibernate: 
    insert 
    into
        seats
        (bus_id, created_at, reserved_booking_id, seat_number, seat_status, seat_type, updated_at, seat_id) 
    values
        (?, ?, ?, ?, ?, ?, ?, default)
2026-07-10T09:42:26.707+05:30 DEBUG 66787 --- [FastX-Test] [           main] org.hibernate.SQL                        : 
    insert 
    into
        seats
        (bus_id, created_at, reserved_booking_id, seat_number, seat_status, seat_type, updated_at, seat_id) 
    values
        (?, ?, ?, ?, ?, ?, ?, default)
Hibernate: 
    insert 
    into
        seats
        (bus_id, created_at, reserved_booking_id, seat_number, seat_status, seat_type, updated_at, seat_id) 
    values
        (?, ?, ?, ?, ?, ?, ?, default)
2026-07-10T09:42:26.707+05:30 DEBUG 66787 --- [FastX-Test] [           main] org.hibernate.SQL                        : 
    insert 
    into
        seats
        (bus_id, created_at, reserved_booking_id, seat_number, seat_status, seat_type, updated_at, seat_id) 
    values
        (?, ?, ?, ?, ?, ?, ?, default)
Hibernate: 
    insert 
    into
        seats
        (bus_id, created_at, reserved_booking_id, seat_number, seat_status, seat_type, updated_at, seat_id) 
    values
        (?, ?, ?, ?, ?, ?, ?, default)
2026-07-10T09:42:26.708+05:30 DEBUG 66787 --- [FastX-Test] [           main] org.hibernate.SQL                        : 
    insert 
    into
        seats
        (bus_id, created_at, reserved_booking_id, seat_number, seat_status, seat_type, updated_at, seat_id) 
    values
        (?, ?, ?, ?, ?, ?, ?, default)
Hibernate: 
    insert 
    into
        seats
        (bus_id, created_at, reserved_booking_id, seat_number, seat_status, seat_type, updated_at, seat_id) 
    values
        (?, ?, ?, ?, ?, ?, ?, default)
2026-07-10T09:42:26.708+05:30 DEBUG 66787 --- [FastX-Test] [           main] org.hibernate.SQL                        : 
    insert 
    into
        seats
        (bus_id, created_at, reserved_booking_id, seat_number, seat_status, seat_type, updated_at, seat_id) 
    values
        (?, ?, ?, ?, ?, ?, ?, default)
Hibernate: 
    insert 
    into
        seats
        (bus_id, created_at, reserved_booking_id, seat_number, seat_status, seat_type, updated_at, seat_id) 
    values
        (?, ?, ?, ?, ?, ?, ?, default)
2026-07-10T09:42:26.708+05:30 DEBUG 66787 --- [FastX-Test] [           main] org.hibernate.SQL                        : 
    insert 
    into
        seats
        (bus_id, created_at, reserved_booking_id, seat_number, seat_status, seat_type, updated_at, seat_id) 
    values
        (?, ?, ?, ?, ?, ?, ?, default)
Hibernate: 
    insert 
    into
        seats
        (bus_id, created_at, reserved_booking_id, seat_number, seat_status, seat_type, updated_at, seat_id) 
    values
        (?, ?, ?, ?, ?, ?, ?, default)
2026-07-10T09:42:26.709+05:30 DEBUG 66787 --- [FastX-Test] [           main] org.hibernate.SQL                        : 
    insert 
    into
        seats
        (bus_id, created_at, reserved_booking_id, seat_number, seat_status, seat_type, updated_at, seat_id) 
    values
        (?, ?, ?, ?, ?, ?, ?, default)
Hibernate: 
    insert 
    into
        seats
        (bus_id, created_at, reserved_booking_id, seat_number, seat_status, seat_type, updated_at, seat_id) 
    values
        (?, ?, ?, ?, ?, ?, ?, default)
2026-07-10T09:42:26.709+05:30  INFO 66787 --- [FastX-Test] [           main] c.h.fastx.service.impl.BusServiceImpl    : 40 seats created for Bus ID: 6
2026-07-10T09:42:26.710+05:30 DEBUG 66787 --- [FastX-Test] [           main] org.hibernate.SQL                        : 
    select
        s1_0.seat_id,
        s1_0.bus_id,
        s1_0.created_at,
        s1_0.reserved_booking_id,
        s1_0.seat_number,
        s1_0.seat_status,
        s1_0.seat_type,
        s1_0.updated_at 
    from
        seats s1_0 
    where
        s1_0.bus_id=? 
        and s1_0.seat_status=?
Hibernate: 
    select
        s1_0.seat_id,
        s1_0.bus_id,
        s1_0.created_at,
        s1_0.reserved_booking_id,
        s1_0.seat_number,
        s1_0.seat_status,
        s1_0.seat_type,
        s1_0.updated_at 
    from
        seats s1_0 
    where
        s1_0.bus_id=? 
        and s1_0.seat_status=?
2026-07-10T09:42:26.710+05:30  INFO 66787 --- [FastX-Test] [           main] c.h.f.service.impl.BookingServiceImpl    : Creating booking for User ID: 6 on Bus ID: 6
2026-07-10T09:42:26.711+05:30  INFO 66787 --- [FastX-Test] [           main] c.h.f.service.impl.BookingServiceImpl    : Number of passengers: 1
2026-07-10T09:42:26.711+05:30 DEBUG 66787 --- [FastX-Test] [           main] org.hibernate.SQL                        : 
    select
        count(s1_0.seat_id) 
    from
        seats s1_0 
    where
        s1_0.bus_id=? 
        and s1_0.seat_status=?
Hibernate: 
    select
        count(s1_0.seat_id) 
    from
        seats s1_0 
    where
        s1_0.bus_id=? 
        and s1_0.seat_status=?
2026-07-10T09:42:26.711+05:30  INFO 66787 --- [FastX-Test] [           main] c.h.f.service.impl.BookingServiceImpl    : Total amount calculated: 500.0 (fare 500.0 x 1 passengers)
2026-07-10T09:42:26.712+05:30  INFO 66787 --- [FastX-Test] [           main] c.h.f.service.impl.BookingServiceImpl    : Reservation expires at: 2026-07-10T10:12:26.712032240 (30-minute window)
2026-07-10T09:42:26.712+05:30 DEBUG 66787 --- [FastX-Test] [           main] org.hibernate.SQL                        : 
    insert 
    into
        bookings
        (booking_date, booking_status, bus_id, created_at, reservation_expires_at, total_amount, updated_at, user_id, booking_id) 
    values
        (?, ?, ?, ?, ?, ?, ?, ?, default)
Hibernate: 
    insert 
    into
        bookings
        (booking_date, booking_status, bus_id, created_at, reservation_expires_at, total_amount, updated_at, user_id, booking_id) 
    values
        (?, ?, ?, ?, ?, ?, ?, ?, default)
2026-07-10T09:42:26.712+05:30  INFO 66787 --- [FastX-Test] [           main] c.h.f.service.impl.BookingServiceImpl    : Booking saved with auto-generated ID: 6. User will use this ID to complete payment.
2026-07-10T09:42:26.712+05:30  INFO 66787 --- [FastX-Test] [           main] c.h.fastx.service.impl.SeatServiceImpl   : Seat reserved (held for payment): B6-01 for Booking ID: 6
2026-07-10T09:42:26.713+05:30 DEBUG 66787 --- [FastX-Test] [           main] org.hibernate.SQL                        : 
    insert 
    into
        passengers
        (age, booking_id, created_at, gender, name, seat_id, updated_at, passenger_id) 
    values
        (?, ?, ?, ?, ?, ?, ?, default)
Hibernate: 
    insert 
    into
        passengers
        (age, booking_id, created_at, gender, name, seat_id, updated_at, passenger_id) 
    values
        (?, ?, ?, ?, ?, ?, ?, default)
2026-07-10T09:42:26.713+05:30  INFO 66787 --- [FastX-Test] [           main] c.h.f.service.impl.BookingServiceImpl    : Passenger added: Buddy (Age: 21) -> Seat: B6-01
2026-07-10T09:42:26.713+05:30 DEBUG 66787 --- [FastX-Test] [           main] org.hibernate.SQL                        : 
    insert 
    into
        payments
        (amount, booking_id, created_at, payment_date, payment_method, payment_status, transaction_id, updated_at, payment_id) 
    values
        (?, ?, ?, ?, ?, ?, ?, ?, default)
Hibernate: 
    insert 
    into
        payments
        (amount, booking_id, created_at, payment_date, payment_method, payment_status, transaction_id, updated_at, payment_id) 
    values
        (?, ?, ?, ?, ?, ?, ?, ?, default)
2026-07-10T09:42:26.714+05:30  INFO 66787 --- [FastX-Test] [           main] c.h.f.service.impl.BookingServiceImpl    : Pending payment record created for Booking ID: 6
2026-07-10T09:42:26.714+05:30  INFO 66787 --- [FastX-Test] [           main] c.h.f.service.impl.BookingServiceImpl    : Booking created successfully! Booking ID: 6 | Status: PENDING | Seats: RESERVED for 30 mins | Complete payment to confirm.
2026-07-10T09:42:26.714+05:30  INFO 66787 --- [FastX-Test] [           main] c.h.f.service.impl.BookingServiceImpl    : Cancelling booking with ID: 6 and reason: null
2026-07-10T09:42:26.714+05:30  INFO 66787 --- [FastX-Test] [           main] c.h.fastx.service.impl.SeatServiceImpl   : Seat released: B6-01
2026-07-10T09:42:26.714+05:30  INFO 66787 --- [FastX-Test] [           main] c.h.f.service.impl.BookingServiceImpl    : Released 1 seats for cancelled Booking ID: 6
2026-07-10T09:42:26.717+05:30 DEBUG 66787 --- [FastX-Test] [           main] org.hibernate.SQL                        : 
    update
        bookings 
    set
        booking_date=?,
        booking_status=?,
        bus_id=?,
        created_at=?,
        reservation_expires_at=?,
        total_amount=?,
        updated_at=?,
        user_id=? 
    where
        booking_id=?
Hibernate: 
    update
        bookings 
    set
        booking_date=?,
        booking_status=?,
        bus_id=?,
        created_at=?,
        reservation_expires_at=?,
        total_amount=?,
        updated_at=?,
        user_id=? 
    where
        booking_id=?
2026-07-10T09:42:26.718+05:30  INFO 66787 --- [FastX-Test] [           main] c.h.f.service.impl.BookingServiceImpl    : Deleted 1 passenger records for cancelled Booking ID: 6
2026-07-10T09:42:26.718+05:30  INFO 66787 --- [FastX-Test] [           main] c.h.f.service.impl.BookingServiceImpl    : No refund created for Booking ID: 6 — payment was not completed (status: PENDING/no payment)
2026-07-10T09:42:26.719+05:30  INFO 66787 --- [FastX-Test] [           main] c.h.f.service.impl.BookingServiceImpl    : Booking cancelled successfully. Booking ID: 6 | Refund created: false
]]></system-out>
  </testcase>
  <testcase name="testGetBookingById" classname="com.hexaware.fastx.service.BookingServiceTest" time="0.139">
    <system-out><![CDATA[2026-07-10T09:42:26.726+05:30 DEBUG 66787 --- [FastX-Test] [           main] org.hibernate.SQL                        : 
    insert 
    into
        roles
        (role_name, role_id) 
    values
        (?, default)
Hibernate: 
    insert 
    into
        roles
        (role_name, role_id) 
    values
        (?, default)
2026-07-10T09:42:26.726+05:30  INFO 66787 --- [FastX-Test] [           main] c.h.fastx.service.impl.RoleServiceImpl   : Role created with ID: 7
2026-07-10T09:42:26.727+05:30 DEBUG 66787 --- [FastX-Test] [           main] org.hibernate.SQL                        : 
    select
        u1_0.user_id 
    from
        users u1_0 
    where
        u1_0.email=? 
    fetch
        first ? rows only
Hibernate: 
    select
        u1_0.user_id 
    from
        users u1_0 
    where
        u1_0.email=? 
    fetch
        first ? rows only
2026-07-10T09:42:26.782+05:30 DEBUG 66787 --- [FastX-Test] [           main] org.hibernate.SQL                        : 
    insert 
    into
        users
        (address, auth_provider, created_at, email, full_name, gender, google_id, is_active, password, phone_number, role_id, updated_at, user_id) 
    values
        (?, ?, ?, ?, ?, ?, ?, ?, ?, ?, ?, ?, default)
Hibernate: 
    insert 
    into
        users
        (address, auth_provider, created_at, email, full_name, gender, google_id, is_active, password, phone_number, role_id, updated_at, user_id) 
    values
        (?, ?, ?, ?, ?, ?, ?, ?, ?, ?, ?, ?, default)
2026-07-10T09:42:26.783+05:30  INFO 66787 --- [FastX-Test] [           main] c.h.fastx.service.impl.UserServiceImpl   : User created with ID: 7
2026-07-10T09:42:26.837+05:30 DEBUG 66787 --- [FastX-Test] [           main] org.hibernate.SQL                        : 
    insert 
    into
        bus_operators
        (address, company_name, created_at, email, is_active, password, phone_number, updated_at, operator_id) 
    values
        (?, ?, ?, ?, ?, ?, ?, ?, default)
Hibernate: 
    insert 
    into
        bus_operators
        (address, company_name, created_at, email, is_active, password, phone_number, updated_at, operator_id) 
    values
        (?, ?, ?, ?, ?, ?, ?, ?, default)
2026-07-10T09:42:26.838+05:30  INFO 66787 --- [FastX-Test] [           main] c.h.f.s.impl.BusOperatorServiceImpl      : Bus Operator created with ID: 7
2026-07-10T09:42:26.838+05:30 DEBUG 66787 --- [FastX-Test] [           main] org.hibernate.SQL                        : 
    insert 
    into
        buses
        (arrival_time, bus_name, bus_number, operator_id, bus_type, created_at, departure_time, destination, fare, journey_date, origin, total_seats, updated_at, bus_id) 
    values
        (?, ?, ?, ?, ?, ?, ?, ?, ?, ?, ?, ?, ?, default)
Hibernate: 
    insert 
    into
        buses
        (arrival_time, bus_name, bus_number, operator_id, bus_type, created_at, departure_time, destination, fare, journey_date, origin, total_seats, updated_at, bus_id) 
    values
        (?, ?, ?, ?, ?, ?, ?, ?, ?, ?, ?, ?, ?, default)
2026-07-10T09:42:26.838+05:30  INFO 66787 --- [FastX-Test] [           main] c.h.fastx.service.impl.BusServiceImpl    : Bus added with ID: 7
2026-07-10T09:42:26.839+05:30 DEBUG 66787 --- [FastX-Test] [           main] org.hibernate.SQL                        : 
    insert 
    into
        seats
        (bus_id, created_at, reserved_booking_id, seat_number, seat_status, seat_type, updated_at, seat_id) 
    values
        (?, ?, ?, ?, ?, ?, ?, default)
Hibernate: 
    insert 
    into
        seats
        (bus_id, created_at, reserved_booking_id, seat_number, seat_status, seat_type, updated_at, seat_id) 
    values
        (?, ?, ?, ?, ?, ?, ?, default)
2026-07-10T09:42:26.839+05:30 DEBUG 66787 --- [FastX-Test] [           main] org.hibernate.SQL                        : 
    insert 
    into
        seats
        (bus_id, created_at, reserved_booking_id, seat_number, seat_status, seat_type, updated_at, seat_id) 
    values
        (?, ?, ?, ?, ?, ?, ?, default)
Hibernate: 
    insert 
    into
        seats
        (bus_id, created_at, reserved_booking_id, seat_number, seat_status, seat_type, updated_at, seat_id) 
    values
        (?, ?, ?, ?, ?, ?, ?, default)
2026-07-10T09:42:26.839+05:30 DEBUG 66787 --- [FastX-Test] [           main] org.hibernate.SQL                        : 
    insert 
    into
        seats
        (bus_id, created_at, reserved_booking_id, seat_number, seat_status, seat_type, updated_at, seat_id) 
    values
        (?, ?, ?, ?, ?, ?, ?, default)
Hibernate: 
    insert 
    into
        seats
        (bus_id, created_at, reserved_booking_id, seat_number, seat_status, seat_type, updated_at, seat_id) 
    values
        (?, ?, ?, ?, ?, ?, ?, default)
2026-07-10T09:42:26.840+05:30 DEBUG 66787 --- [FastX-Test] [           main] org.hibernate.SQL                        : 
    insert 
    into
        seats
        (bus_id, created_at, reserved_booking_id, seat_number, seat_status, seat_type, updated_at, seat_id) 
    values
        (?, ?, ?, ?, ?, ?, ?, default)
Hibernate: 
    insert 
    into
        seats
        (bus_id, created_at, reserved_booking_id, seat_number, seat_status, seat_type, updated_at, seat_id) 
    values
        (?, ?, ?, ?, ?, ?, ?, default)
2026-07-10T09:42:26.840+05:30 DEBUG 66787 --- [FastX-Test] [           main] org.hibernate.SQL                        : 
    insert 
    into
        seats
        (bus_id, created_at, reserved_booking_id, seat_number, seat_status, seat_type, updated_at, seat_id) 
    values
        (?, ?, ?, ?, ?, ?, ?, default)
Hibernate: 
    insert 
    into
        seats
        (bus_id, created_at, reserved_booking_id, seat_number, seat_status, seat_type, updated_at, seat_id) 
    values
        (?, ?, ?, ?, ?, ?, ?, default)
2026-07-10T09:42:26.840+05:30 DEBUG 66787 --- [FastX-Test] [           main] org.hibernate.SQL                        : 
    insert 
    into
        seats
        (bus_id, created_at, reserved_booking_id, seat_number, seat_status, seat_type, updated_at, seat_id) 
    values
        (?, ?, ?, ?, ?, ?, ?, default)
Hibernate: 
    insert 
    into
        seats
        (bus_id, created_at, reserved_booking_id, seat_number, seat_status, seat_type, updated_at, seat_id) 
    values
        (?, ?, ?, ?, ?, ?, ?, default)
2026-07-10T09:42:26.841+05:30 DEBUG 66787 --- [FastX-Test] [           main] org.hibernate.SQL                        : 
    insert 
    into
        seats
        (bus_id, created_at, reserved_booking_id, seat_number, seat_status, seat_type, updated_at, seat_id) 
    values
        (?, ?, ?, ?, ?, ?, ?, default)
Hibernate: 
    insert 
    into
        seats
        (bus_id, created_at, reserved_booking_id, seat_number, seat_status, seat_type, updated_at, seat_id) 
    values
        (?, ?, ?, ?, ?, ?, ?, default)
2026-07-10T09:42:26.841+05:30 DEBUG 66787 --- [FastX-Test] [           main] org.hibernate.SQL                        : 
    insert 
    into
        seats
        (bus_id, created_at, reserved_booking_id, seat_number, seat_status, seat_type, updated_at, seat_id) 
    values
        (?, ?, ?, ?, ?, ?, ?, default)
Hibernate: 
    insert 
    into
        seats
        (bus_id, created_at, reserved_booking_id, seat_number, seat_status, seat_type, updated_at, seat_id) 
    values
        (?, ?, ?, ?, ?, ?, ?, default)
2026-07-10T09:42:26.841+05:30 DEBUG 66787 --- [FastX-Test] [           main] org.hibernate.SQL                        : 
    insert 
    into
        seats
        (bus_id, created_at, reserved_booking_id, seat_number, seat_status, seat_type, updated_at, seat_id) 
    values
        (?, ?, ?, ?, ?, ?, ?, default)
Hibernate: 
    insert 
    into
        seats
        (bus_id, created_at, reserved_booking_id, seat_number, seat_status, seat_type, updated_at, seat_id) 
    values
        (?, ?, ?, ?, ?, ?, ?, default)
2026-07-10T09:42:26.842+05:30 DEBUG 66787 --- [FastX-Test] [           main] org.hibernate.SQL                        : 
    insert 
    into
        seats
        (bus_id, created_at, reserved_booking_id, seat_number, seat_status, seat_type, updated_at, seat_id) 
    values
        (?, ?, ?, ?, ?, ?, ?, default)
Hibernate: 
    insert 
    into
        seats
        (bus_id, created_at, reserved_booking_id, seat_number, seat_status, seat_type, updated_at, seat_id) 
    values
        (?, ?, ?, ?, ?, ?, ?, default)
2026-07-10T09:42:26.842+05:30 DEBUG 66787 --- [FastX-Test] [           main] org.hibernate.SQL                        : 
    insert 
    into
        seats
        (bus_id, created_at, reserved_booking_id, seat_number, seat_status, seat_type, updated_at, seat_id) 
    values
        (?, ?, ?, ?, ?, ?, ?, default)
Hibernate: 
    insert 
    into
        seats
        (bus_id, created_at, reserved_booking_id, seat_number, seat_status, seat_type, updated_at, seat_id) 
    values
        (?, ?, ?, ?, ?, ?, ?, default)
2026-07-10T09:42:26.842+05:30 DEBUG 66787 --- [FastX-Test] [           main] org.hibernate.SQL                        : 
    insert 
    into
        seats
        (bus_id, created_at, reserved_booking_id, seat_number, seat_status, seat_type, updated_at, seat_id) 
    values
        (?, ?, ?, ?, ?, ?, ?, default)
Hibernate: 
    insert 
    into
        seats
        (bus_id, created_at, reserved_booking_id, seat_number, seat_status, seat_type, updated_at, seat_id) 
    values
        (?, ?, ?, ?, ?, ?, ?, default)
2026-07-10T09:42:26.843+05:30 DEBUG 66787 --- [FastX-Test] [           main] org.hibernate.SQL                        : 
    insert 
    into
        seats
        (bus_id, created_at, reserved_booking_id, seat_number, seat_status, seat_type, updated_at, seat_id) 
    values
        (?, ?, ?, ?, ?, ?, ?, default)
Hibernate: 
    insert 
    into
        seats
        (bus_id, created_at, reserved_booking_id, seat_number, seat_status, seat_type, updated_at, seat_id) 
    values
        (?, ?, ?, ?, ?, ?, ?, default)
2026-07-10T09:42:26.843+05:30 DEBUG 66787 --- [FastX-Test] [           main] org.hibernate.SQL                        : 
    insert 
    into
        seats
        (bus_id, created_at, reserved_booking_id, seat_number, seat_status, seat_type, updated_at, seat_id) 
    values
        (?, ?, ?, ?, ?, ?, ?, default)
Hibernate: 
    insert 
    into
        seats
        (bus_id, created_at, reserved_booking_id, seat_number, seat_status, seat_type, updated_at, seat_id) 
    values
        (?, ?, ?, ?, ?, ?, ?, default)
2026-07-10T09:42:26.844+05:30 DEBUG 66787 --- [FastX-Test] [           main] org.hibernate.SQL                        : 
    insert 
    into
        seats
        (bus_id, created_at, reserved_booking_id, seat_number, seat_status, seat_type, updated_at, seat_id) 
    values
        (?, ?, ?, ?, ?, ?, ?, default)
Hibernate: 
    insert 
    into
        seats
        (bus_id, created_at, reserved_booking_id, seat_number, seat_status, seat_type, updated_at, seat_id) 
    values
        (?, ?, ?, ?, ?, ?, ?, default)
2026-07-10T09:42:26.844+05:30 DEBUG 66787 --- [FastX-Test] [           main] org.hibernate.SQL                        : 
    insert 
    into
        seats
        (bus_id, created_at, reserved_booking_id, seat_number, seat_status, seat_type, updated_at, seat_id) 
    values
        (?, ?, ?, ?, ?, ?, ?, default)
Hibernate: 
    insert 
    into
        seats
        (bus_id, created_at, reserved_booking_id, seat_number, seat_status, seat_type, updated_at, seat_id) 
    values
        (?, ?, ?, ?, ?, ?, ?, default)
2026-07-10T09:42:26.844+05:30 DEBUG 66787 --- [FastX-Test] [           main] org.hibernate.SQL                        : 
    insert 
    into
        seats
        (bus_id, created_at, reserved_booking_id, seat_number, seat_status, seat_type, updated_at, seat_id) 
    values
        (?, ?, ?, ?, ?, ?, ?, default)
Hibernate: 
    insert 
    into
        seats
        (bus_id, created_at, reserved_booking_id, seat_number, seat_status, seat_type, updated_at, seat_id) 
    values
        (?, ?, ?, ?, ?, ?, ?, default)
2026-07-10T09:42:26.845+05:30 DEBUG 66787 --- [FastX-Test] [           main] org.hibernate.SQL                        : 
    insert 
    into
        seats
        (bus_id, created_at, reserved_booking_id, seat_number, seat_status, seat_type, updated_at, seat_id) 
    values
        (?, ?, ?, ?, ?, ?, ?, default)
Hibernate: 
    insert 
    into
        seats
        (bus_id, created_at, reserved_booking_id, seat_number, seat_status, seat_type, updated_at, seat_id) 
    values
        (?, ?, ?, ?, ?, ?, ?, default)
2026-07-10T09:42:26.845+05:30 DEBUG 66787 --- [FastX-Test] [           main] org.hibernate.SQL                        : 
    insert 
    into
        seats
        (bus_id, created_at, reserved_booking_id, seat_number, seat_status, seat_type, updated_at, seat_id) 
    values
        (?, ?, ?, ?, ?, ?, ?, default)
Hibernate: 
    insert 
    into
        seats
        (bus_id, created_at, reserved_booking_id, seat_number, seat_status, seat_type, updated_at, seat_id) 
    values
        (?, ?, ?, ?, ?, ?, ?, default)
2026-07-10T09:42:26.846+05:30 DEBUG 66787 --- [FastX-Test] [           main] org.hibernate.SQL                        : 
    insert 
    into
        seats
        (bus_id, created_at, reserved_booking_id, seat_number, seat_status, seat_type, updated_at, seat_id) 
    values
        (?, ?, ?, ?, ?, ?, ?, default)
Hibernate: 
    insert 
    into
        seats
        (bus_id, created_at, reserved_booking_id, seat_number, seat_status, seat_type, updated_at, seat_id) 
    values
        (?, ?, ?, ?, ?, ?, ?, default)
2026-07-10T09:42:26.848+05:30 DEBUG 66787 --- [FastX-Test] [           main] org.hibernate.SQL                        : 
    insert 
    into
        seats
        (bus_id, created_at, reserved_booking_id, seat_number, seat_status, seat_type, updated_at, seat_id) 
    values
        (?, ?, ?, ?, ?, ?, ?, default)
Hibernate: 
    insert 
    into
        seats
        (bus_id, created_at, reserved_booking_id, seat_number, seat_status, seat_type, updated_at, seat_id) 
    values
        (?, ?, ?, ?, ?, ?, ?, default)
2026-07-10T09:42:26.848+05:30 DEBUG 66787 --- [FastX-Test] [           main] org.hibernate.SQL                        : 
    insert 
    into
        seats
        (bus_id, created_at, reserved_booking_id, seat_number, seat_status, seat_type, updated_at, seat_id) 
    values
        (?, ?, ?, ?, ?, ?, ?, default)
Hibernate: 
    insert 
    into
        seats
        (bus_id, created_at, reserved_booking_id, seat_number, seat_status, seat_type, updated_at, seat_id) 
    values
        (?, ?, ?, ?, ?, ?, ?, default)
2026-07-10T09:42:26.848+05:30 DEBUG 66787 --- [FastX-Test] [           main] org.hibernate.SQL                        : 
    insert 
    into
        seats
        (bus_id, created_at, reserved_booking_id, seat_number, seat_status, seat_type, updated_at, seat_id) 
    values
        (?, ?, ?, ?, ?, ?, ?, default)
Hibernate: 
    insert 
    into
        seats
        (bus_id, created_at, reserved_booking_id, seat_number, seat_status, seat_type, updated_at, seat_id) 
    values
        (?, ?, ?, ?, ?, ?, ?, default)
2026-07-10T09:42:26.849+05:30 DEBUG 66787 --- [FastX-Test] [           main] org.hibernate.SQL                        : 
    insert 
    into
        seats
        (bus_id, created_at, reserved_booking_id, seat_number, seat_status, seat_type, updated_at, seat_id) 
    values
        (?, ?, ?, ?, ?, ?, ?, default)
Hibernate: 
    insert 
    into
        seats
        (bus_id, created_at, reserved_booking_id, seat_number, seat_status, seat_type, updated_at, seat_id) 
    values
        (?, ?, ?, ?, ?, ?, ?, default)
2026-07-10T09:42:26.849+05:30 DEBUG 66787 --- [FastX-Test] [           main] org.hibernate.SQL                        : 
    insert 
    into
        seats
        (bus_id, created_at, reserved_booking_id, seat_number, seat_status, seat_type, updated_at, seat_id) 
    values
        (?, ?, ?, ?, ?, ?, ?, default)
Hibernate: 
    insert 
    into
        seats
        (bus_id, created_at, reserved_booking_id, seat_number, seat_status, seat_type, updated_at, seat_id) 
    values
        (?, ?, ?, ?, ?, ?, ?, default)
2026-07-10T09:42:26.849+05:30 DEBUG 66787 --- [FastX-Test] [           main] org.hibernate.SQL                        : 
    insert 
    into
        seats
        (bus_id, created_at, reserved_booking_id, seat_number, seat_status, seat_type, updated_at, seat_id) 
    values
        (?, ?, ?, ?, ?, ?, ?, default)
Hibernate: 
    insert 
    into
        seats
        (bus_id, created_at, reserved_booking_id, seat_number, seat_status, seat_type, updated_at, seat_id) 
    values
        (?, ?, ?, ?, ?, ?, ?, default)
2026-07-10T09:42:26.850+05:30 DEBUG 66787 --- [FastX-Test] [           main] org.hibernate.SQL                        : 
    insert 
    into
        seats
        (bus_id, created_at, reserved_booking_id, seat_number, seat_status, seat_type, updated_at, seat_id) 
    values
        (?, ?, ?, ?, ?, ?, ?, default)
Hibernate: 
    insert 
    into
        seats
        (bus_id, created_at, reserved_booking_id, seat_number, seat_status, seat_type, updated_at, seat_id) 
    values
        (?, ?, ?, ?, ?, ?, ?, default)
2026-07-10T09:42:26.850+05:30 DEBUG 66787 --- [FastX-Test] [           main] org.hibernate.SQL                        : 
    insert 
    into
        seats
        (bus_id, created_at, reserved_booking_id, seat_number, seat_status, seat_type, updated_at, seat_id) 
    values
        (?, ?, ?, ?, ?, ?, ?, default)
Hibernate: 
    insert 
    into
        seats
        (bus_id, created_at, reserved_booking_id, seat_number, seat_status, seat_type, updated_at, seat_id) 
    values
        (?, ?, ?, ?, ?, ?, ?, default)
2026-07-10T09:42:26.850+05:30 DEBUG 66787 --- [FastX-Test] [           main] org.hibernate.SQL                        : 
    insert 
    into
        seats
        (bus_id, created_at, reserved_booking_id, seat_number, seat_status, seat_type, updated_at, seat_id) 
    values
        (?, ?, ?, ?, ?, ?, ?, default)
Hibernate: 
    insert 
    into
        seats
        (bus_id, created_at, reserved_booking_id, seat_number, seat_status, seat_type, updated_at, seat_id) 
    values
        (?, ?, ?, ?, ?, ?, ?, default)
2026-07-10T09:42:26.851+05:30 DEBUG 66787 --- [FastX-Test] [           main] org.hibernate.SQL                        : 
    insert 
    into
        seats
        (bus_id, created_at, reserved_booking_id, seat_number, seat_status, seat_type, updated_at, seat_id) 
    values
        (?, ?, ?, ?, ?, ?, ?, default)
Hibernate: 
    insert 
    into
        seats
        (bus_id, created_at, reserved_booking_id, seat_number, seat_status, seat_type, updated_at, seat_id) 
    values
        (?, ?, ?, ?, ?, ?, ?, default)
2026-07-10T09:42:26.851+05:30 DEBUG 66787 --- [FastX-Test] [           main] org.hibernate.SQL                        : 
    insert 
    into
        seats
        (bus_id, created_at, reserved_booking_id, seat_number, seat_status, seat_type, updated_at, seat_id) 
    values
        (?, ?, ?, ?, ?, ?, ?, default)
Hibernate: 
    insert 
    into
        seats
        (bus_id, created_at, reserved_booking_id, seat_number, seat_status, seat_type, updated_at, seat_id) 
    values
        (?, ?, ?, ?, ?, ?, ?, default)
2026-07-10T09:42:26.851+05:30 DEBUG 66787 --- [FastX-Test] [           main] org.hibernate.SQL                        : 
    insert 
    into
        seats
        (bus_id, created_at, reserved_booking_id, seat_number, seat_status, seat_type, updated_at, seat_id) 
    values
        (?, ?, ?, ?, ?, ?, ?, default)
Hibernate: 
    insert 
    into
        seats
        (bus_id, created_at, reserved_booking_id, seat_number, seat_status, seat_type, updated_at, seat_id) 
    values
        (?, ?, ?, ?, ?, ?, ?, default)
2026-07-10T09:42:26.852+05:30 DEBUG 66787 --- [FastX-Test] [           main] org.hibernate.SQL                        : 
    insert 
    into
        seats
        (bus_id, created_at, reserved_booking_id, seat_number, seat_status, seat_type, updated_at, seat_id) 
    values
        (?, ?, ?, ?, ?, ?, ?, default)
Hibernate: 
    insert 
    into
        seats
        (bus_id, created_at, reserved_booking_id, seat_number, seat_status, seat_type, updated_at, seat_id) 
    values
        (?, ?, ?, ?, ?, ?, ?, default)
2026-07-10T09:42:26.852+05:30 DEBUG 66787 --- [FastX-Test] [           main] org.hibernate.SQL                        : 
    insert 
    into
        seats
        (bus_id, created_at, reserved_booking_id, seat_number, seat_status, seat_type, updated_at, seat_id) 
    values
        (?, ?, ?, ?, ?, ?, ?, default)
Hibernate: 
    insert 
    into
        seats
        (bus_id, created_at, reserved_booking_id, seat_number, seat_status, seat_type, updated_at, seat_id) 
    values
        (?, ?, ?, ?, ?, ?, ?, default)
2026-07-10T09:42:26.853+05:30 DEBUG 66787 --- [FastX-Test] [           main] org.hibernate.SQL                        : 
    insert 
    into
        seats
        (bus_id, created_at, reserved_booking_id, seat_number, seat_status, seat_type, updated_at, seat_id) 
    values
        (?, ?, ?, ?, ?, ?, ?, default)
Hibernate: 
    insert 
    into
        seats
        (bus_id, created_at, reserved_booking_id, seat_number, seat_status, seat_type, updated_at, seat_id) 
    values
        (?, ?, ?, ?, ?, ?, ?, default)
2026-07-10T09:42:26.853+05:30 DEBUG 66787 --- [FastX-Test] [           main] org.hibernate.SQL                        : 
    insert 
    into
        seats
        (bus_id, created_at, reserved_booking_id, seat_number, seat_status, seat_type, updated_at, seat_id) 
    values
        (?, ?, ?, ?, ?, ?, ?, default)
Hibernate: 
    insert 
    into
        seats
        (bus_id, created_at, reserved_booking_id, seat_number, seat_status, seat_type, updated_at, seat_id) 
    values
        (?, ?, ?, ?, ?, ?, ?, default)
2026-07-10T09:42:26.853+05:30 DEBUG 66787 --- [FastX-Test] [           main] org.hibernate.SQL                        : 
    insert 
    into
        seats
        (bus_id, created_at, reserved_booking_id, seat_number, seat_status, seat_type, updated_at, seat_id) 
    values
        (?, ?, ?, ?, ?, ?, ?, default)
Hibernate: 
    insert 
    into
        seats
        (bus_id, created_at, reserved_booking_id, seat_number, seat_status, seat_type, updated_at, seat_id) 
    values
        (?, ?, ?, ?, ?, ?, ?, default)
2026-07-10T09:42:26.854+05:30 DEBUG 66787 --- [FastX-Test] [           main] org.hibernate.SQL                        : 
    insert 
    into
        seats
        (bus_id, created_at, reserved_booking_id, seat_number, seat_status, seat_type, updated_at, seat_id) 
    values
        (?, ?, ?, ?, ?, ?, ?, default)
Hibernate: 
    insert 
    into
        seats
        (bus_id, created_at, reserved_booking_id, seat_number, seat_status, seat_type, updated_at, seat_id) 
    values
        (?, ?, ?, ?, ?, ?, ?, default)
2026-07-10T09:42:26.854+05:30 DEBUG 66787 --- [FastX-Test] [           main] org.hibernate.SQL                        : 
    insert 
    into
        seats
        (bus_id, created_at, reserved_booking_id, seat_number, seat_status, seat_type, updated_at, seat_id) 
    values
        (?, ?, ?, ?, ?, ?, ?, default)
Hibernate: 
    insert 
    into
        seats
        (bus_id, created_at, reserved_booking_id, seat_number, seat_status, seat_type, updated_at, seat_id) 
    values
        (?, ?, ?, ?, ?, ?, ?, default)
2026-07-10T09:42:26.854+05:30 DEBUG 66787 --- [FastX-Test] [           main] org.hibernate.SQL                        : 
    insert 
    into
        seats
        (bus_id, created_at, reserved_booking_id, seat_number, seat_status, seat_type, updated_at, seat_id) 
    values
        (?, ?, ?, ?, ?, ?, ?, default)
Hibernate: 
    insert 
    into
        seats
        (bus_id, created_at, reserved_booking_id, seat_number, seat_status, seat_type, updated_at, seat_id) 
    values
        (?, ?, ?, ?, ?, ?, ?, default)
2026-07-10T09:42:26.855+05:30  INFO 66787 --- [FastX-Test] [           main] c.h.fastx.service.impl.BusServiceImpl    : 40 seats created for Bus ID: 7
2026-07-10T09:42:26.855+05:30 DEBUG 66787 --- [FastX-Test] [           main] org.hibernate.SQL                        : 
    select
        s1_0.seat_id,
        s1_0.bus_id,
        s1_0.created_at,
        s1_0.reserved_booking_id,
        s1_0.seat_number,
        s1_0.seat_status,
        s1_0.seat_type,
        s1_0.updated_at 
    from
        seats s1_0 
    where
        s1_0.bus_id=? 
        and s1_0.seat_status=?
Hibernate: 
    select
        s1_0.seat_id,
        s1_0.bus_id,
        s1_0.created_at,
        s1_0.reserved_booking_id,
        s1_0.seat_number,
        s1_0.seat_status,
        s1_0.seat_type,
        s1_0.updated_at 
    from
        seats s1_0 
    where
        s1_0.bus_id=? 
        and s1_0.seat_status=?
2026-07-10T09:42:26.856+05:30  INFO 66787 --- [FastX-Test] [           main] c.h.f.service.impl.BookingServiceImpl    : Creating booking for User ID: 7 on Bus ID: 7
2026-07-10T09:42:26.856+05:30  INFO 66787 --- [FastX-Test] [           main] c.h.f.service.impl.BookingServiceImpl    : Number of passengers: 1
2026-07-10T09:42:26.857+05:30 DEBUG 66787 --- [FastX-Test] [           main] org.hibernate.SQL                        : 
    select
        count(s1_0.seat_id) 
    from
        seats s1_0 
    where
        s1_0.bus_id=? 
        and s1_0.seat_status=?
Hibernate: 
    select
        count(s1_0.seat_id) 
    from
        seats s1_0 
    where
        s1_0.bus_id=? 
        and s1_0.seat_status=?
2026-07-10T09:42:26.857+05:30  INFO 66787 --- [FastX-Test] [           main] c.h.f.service.impl.BookingServiceImpl    : Total amount calculated: 500.0 (fare 500.0 x 1 passengers)
2026-07-10T09:42:26.857+05:30  INFO 66787 --- [FastX-Test] [           main] c.h.f.service.impl.BookingServiceImpl    : Reservation expires at: 2026-07-10T10:12:26.857894295 (30-minute window)
2026-07-10T09:42:26.858+05:30 DEBUG 66787 --- [FastX-Test] [           main] org.hibernate.SQL                        : 
    insert 
    into
        bookings
        (booking_date, booking_status, bus_id, created_at, reservation_expires_at, total_amount, updated_at, user_id, booking_id) 
    values
        (?, ?, ?, ?, ?, ?, ?, ?, default)
Hibernate: 
    insert 
    into
        bookings
        (booking_date, booking_status, bus_id, created_at, reservation_expires_at, total_amount, updated_at, user_id, booking_id) 
    values
        (?, ?, ?, ?, ?, ?, ?, ?, default)
2026-07-10T09:42:26.858+05:30  INFO 66787 --- [FastX-Test] [           main] c.h.f.service.impl.BookingServiceImpl    : Booking saved with auto-generated ID: 7. User will use this ID to complete payment.
2026-07-10T09:42:26.858+05:30  INFO 66787 --- [FastX-Test] [           main] c.h.fastx.service.impl.SeatServiceImpl   : Seat reserved (held for payment): B7-01 for Booking ID: 7
2026-07-10T09:42:26.859+05:30 DEBUG 66787 --- [FastX-Test] [           main] org.hibernate.SQL                        : 
    insert 
    into
        passengers
        (age, booking_id, created_at, gender, name, seat_id, updated_at, passenger_id) 
    values
        (?, ?, ?, ?, ?, ?, ?, default)
Hibernate: 
    insert 
    into
        passengers
        (age, booking_id, created_at, gender, name, seat_id, updated_at, passenger_id) 
    values
        (?, ?, ?, ?, ?, ?, ?, default)
2026-07-10T09:42:26.859+05:30  INFO 66787 --- [FastX-Test] [           main] c.h.f.service.impl.BookingServiceImpl    : Passenger added: Buddy (Age: 21) -> Seat: B7-01
2026-07-10T09:42:26.859+05:30 DEBUG 66787 --- [FastX-Test] [           main] org.hibernate.SQL                        : 
    insert 
    into
        payments
        (amount, booking_id, created_at, payment_date, payment_method, payment_status, transaction_id, updated_at, payment_id) 
    values
        (?, ?, ?, ?, ?, ?, ?, ?, default)
Hibernate: 
    insert 
    into
        payments
        (amount, booking_id, created_at, payment_date, payment_method, payment_status, transaction_id, updated_at, payment_id) 
    values
        (?, ?, ?, ?, ?, ?, ?, ?, default)
2026-07-10T09:42:26.859+05:30  INFO 66787 --- [FastX-Test] [           main] c.h.f.service.impl.BookingServiceImpl    : Pending payment record created for Booking ID: 7
2026-07-10T09:42:26.859+05:30  INFO 66787 --- [FastX-Test] [           main] c.h.f.service.impl.BookingServiceImpl    : Booking created successfully! Booking ID: 7 | Status: PENDING | Seats: RESERVED for 30 mins | Complete payment to confirm.
2026-07-10T09:42:26.859+05:30  INFO 66787 --- [FastX-Test] [           main] c.h.f.service.impl.BookingServiceImpl    : Fetching booking with ID: 7
]]></system-out>
  </testcase>
  <testcase name="testCancelBooking" classname="com.hexaware.fastx.service.BookingServiceTest" time="0.139">
    <system-out><![CDATA[2026-07-10T09:42:26.866+05:30 DEBUG 66787 --- [FastX-Test] [           main] org.hibernate.SQL                        : 
    insert 
    into
        roles
        (role_name, role_id) 
    values
        (?, default)
Hibernate: 
    insert 
    into
        roles
        (role_name, role_id) 
    values
        (?, default)
2026-07-10T09:42:26.866+05:30  INFO 66787 --- [FastX-Test] [           main] c.h.fastx.service.impl.RoleServiceImpl   : Role created with ID: 8
2026-07-10T09:42:26.867+05:30 DEBUG 66787 --- [FastX-Test] [           main] org.hibernate.SQL                        : 
    select
        u1_0.user_id 
    from
        users u1_0 
    where
        u1_0.email=? 
    fetch
        first ? rows only
Hibernate: 
    select
        u1_0.user_id 
    from
        users u1_0 
    where
        u1_0.email=? 
    fetch
        first ? rows only
2026-07-10T09:42:26.922+05:30 DEBUG 66787 --- [FastX-Test] [           main] org.hibernate.SQL                        : 
    insert 
    into
        users
        (address, auth_provider, created_at, email, full_name, gender, google_id, is_active, password, phone_number, role_id, updated_at, user_id) 
    values
        (?, ?, ?, ?, ?, ?, ?, ?, ?, ?, ?, ?, default)
Hibernate: 
    insert 
    into
        users
        (address, auth_provider, created_at, email, full_name, gender, google_id, is_active, password, phone_number, role_id, updated_at, user_id) 
    values
        (?, ?, ?, ?, ?, ?, ?, ?, ?, ?, ?, ?, default)
2026-07-10T09:42:26.923+05:30  INFO 66787 --- [FastX-Test] [           main] c.h.fastx.service.impl.UserServiceImpl   : User created with ID: 8
2026-07-10T09:42:26.977+05:30 DEBUG 66787 --- [FastX-Test] [           main] org.hibernate.SQL                        : 
    insert 
    into
        bus_operators
        (address, company_name, created_at, email, is_active, password, phone_number, updated_at, operator_id) 
    values
        (?, ?, ?, ?, ?, ?, ?, ?, default)
Hibernate: 
    insert 
    into
        bus_operators
        (address, company_name, created_at, email, is_active, password, phone_number, updated_at, operator_id) 
    values
        (?, ?, ?, ?, ?, ?, ?, ?, default)
2026-07-10T09:42:26.977+05:30  INFO 66787 --- [FastX-Test] [           main] c.h.f.s.impl.BusOperatorServiceImpl      : Bus Operator created with ID: 8
2026-07-10T09:42:26.978+05:30 DEBUG 66787 --- [FastX-Test] [           main] org.hibernate.SQL                        : 
    insert 
    into
        buses
        (arrival_time, bus_name, bus_number, operator_id, bus_type, created_at, departure_time, destination, fare, journey_date, origin, total_seats, updated_at, bus_id) 
    values
        (?, ?, ?, ?, ?, ?, ?, ?, ?, ?, ?, ?, ?, default)
Hibernate: 
    insert 
    into
        buses
        (arrival_time, bus_name, bus_number, operator_id, bus_type, created_at, departure_time, destination, fare, journey_date, origin, total_seats, updated_at, bus_id) 
    values
        (?, ?, ?, ?, ?, ?, ?, ?, ?, ?, ?, ?, ?, default)
2026-07-10T09:42:26.978+05:30  INFO 66787 --- [FastX-Test] [           main] c.h.fastx.service.impl.BusServiceImpl    : Bus added with ID: 8
2026-07-10T09:42:26.978+05:30 DEBUG 66787 --- [FastX-Test] [           main] org.hibernate.SQL                        : 
    insert 
    into
        seats
        (bus_id, created_at, reserved_booking_id, seat_number, seat_status, seat_type, updated_at, seat_id) 
    values
        (?, ?, ?, ?, ?, ?, ?, default)
Hibernate: 
    insert 
    into
        seats
        (bus_id, created_at, reserved_booking_id, seat_number, seat_status, seat_type, updated_at, seat_id) 
    values
        (?, ?, ?, ?, ?, ?, ?, default)
2026-07-10T09:42:26.979+05:30 DEBUG 66787 --- [FastX-Test] [           main] org.hibernate.SQL                        : 
    insert 
    into
        seats
        (bus_id, created_at, reserved_booking_id, seat_number, seat_status, seat_type, updated_at, seat_id) 
    values
        (?, ?, ?, ?, ?, ?, ?, default)
Hibernate: 
    insert 
    into
        seats
        (bus_id, created_at, reserved_booking_id, seat_number, seat_status, seat_type, updated_at, seat_id) 
    values
        (?, ?, ?, ?, ?, ?, ?, default)
2026-07-10T09:42:26.979+05:30 DEBUG 66787 --- [FastX-Test] [           main] org.hibernate.SQL                        : 
    insert 
    into
        seats
        (bus_id, created_at, reserved_booking_id, seat_number, seat_status, seat_type, updated_at, seat_id) 
    values
        (?, ?, ?, ?, ?, ?, ?, default)
Hibernate: 
    insert 
    into
        seats
        (bus_id, created_at, reserved_booking_id, seat_number, seat_status, seat_type, updated_at, seat_id) 
    values
        (?, ?, ?, ?, ?, ?, ?, default)
2026-07-10T09:42:26.979+05:30 DEBUG 66787 --- [FastX-Test] [           main] org.hibernate.SQL                        : 
    insert 
    into
        seats
        (bus_id, created_at, reserved_booking_id, seat_number, seat_status, seat_type, updated_at, seat_id) 
    values
        (?, ?, ?, ?, ?, ?, ?, default)
Hibernate: 
    insert 
    into
        seats
        (bus_id, created_at, reserved_booking_id, seat_number, seat_status, seat_type, updated_at, seat_id) 
    values
        (?, ?, ?, ?, ?, ?, ?, default)
2026-07-10T09:42:26.979+05:30 DEBUG 66787 --- [FastX-Test] [           main] org.hibernate.SQL                        : 
    insert 
    into
        seats
        (bus_id, created_at, reserved_booking_id, seat_number, seat_status, seat_type, updated_at, seat_id) 
    values
        (?, ?, ?, ?, ?, ?, ?, default)
Hibernate: 
    insert 
    into
        seats
        (bus_id, created_at, reserved_booking_id, seat_number, seat_status, seat_type, updated_at, seat_id) 
    values
        (?, ?, ?, ?, ?, ?, ?, default)
2026-07-10T09:42:26.980+05:30 DEBUG 66787 --- [FastX-Test] [           main] org.hibernate.SQL                        : 
    insert 
    into
        seats
        (bus_id, created_at, reserved_booking_id, seat_number, seat_status, seat_type, updated_at, seat_id) 
    values
        (?, ?, ?, ?, ?, ?, ?, default)
Hibernate: 
    insert 
    into
        seats
        (bus_id, created_at, reserved_booking_id, seat_number, seat_status, seat_type, updated_at, seat_id) 
    values
        (?, ?, ?, ?, ?, ?, ?, default)
2026-07-10T09:42:26.980+05:30 DEBUG 66787 --- [FastX-Test] [           main] org.hibernate.SQL                        : 
    insert 
    into
        seats
        (bus_id, created_at, reserved_booking_id, seat_number, seat_status, seat_type, updated_at, seat_id) 
    values
        (?, ?, ?, ?, ?, ?, ?, default)
Hibernate: 
    insert 
    into
        seats
        (bus_id, created_at, reserved_booking_id, seat_number, seat_status, seat_type, updated_at, seat_id) 
    values
        (?, ?, ?, ?, ?, ?, ?, default)
2026-07-10T09:42:26.980+05:30 DEBUG 66787 --- [FastX-Test] [           main] org.hibernate.SQL                        : 
    insert 
    into
        seats
        (bus_id, created_at, reserved_booking_id, seat_number, seat_status, seat_type, updated_at, seat_id) 
    values
        (?, ?, ?, ?, ?, ?, ?, default)
Hibernate: 
    insert 
    into
        seats
        (bus_id, created_at, reserved_booking_id, seat_number, seat_status, seat_type, updated_at, seat_id) 
    values
        (?, ?, ?, ?, ?, ?, ?, default)
2026-07-10T09:42:26.981+05:30 DEBUG 66787 --- [FastX-Test] [           main] org.hibernate.SQL                        : 
    insert 
    into
        seats
        (bus_id, created_at, reserved_booking_id, seat_number, seat_status, seat_type, updated_at, seat_id) 
    values
        (?, ?, ?, ?, ?, ?, ?, default)
Hibernate: 
    insert 
    into
        seats
        (bus_id, created_at, reserved_booking_id, seat_number, seat_status, seat_type, updated_at, seat_id) 
    values
        (?, ?, ?, ?, ?, ?, ?, default)
2026-07-10T09:42:26.981+05:30 DEBUG 66787 --- [FastX-Test] [           main] org.hibernate.SQL                        : 
    insert 
    into
        seats
        (bus_id, created_at, reserved_booking_id, seat_number, seat_status, seat_type, updated_at, seat_id) 
    values
        (?, ?, ?, ?, ?, ?, ?, default)
Hibernate: 
    insert 
    into
        seats
        (bus_id, created_at, reserved_booking_id, seat_number, seat_status, seat_type, updated_at, seat_id) 
    values
        (?, ?, ?, ?, ?, ?, ?, default)
2026-07-10T09:42:26.982+05:30 DEBUG 66787 --- [FastX-Test] [           main] org.hibernate.SQL                        : 
    insert 
    into
        seats
        (bus_id, created_at, reserved_booking_id, seat_number, seat_status, seat_type, updated_at, seat_id) 
    values
        (?, ?, ?, ?, ?, ?, ?, default)
Hibernate: 
    insert 
    into
        seats
        (bus_id, created_at, reserved_booking_id, seat_number, seat_status, seat_type, updated_at, seat_id) 
    values
        (?, ?, ?, ?, ?, ?, ?, default)
2026-07-10T09:42:26.982+05:30 DEBUG 66787 --- [FastX-Test] [           main] org.hibernate.SQL                        : 
    insert 
    into
        seats
        (bus_id, created_at, reserved_booking_id, seat_number, seat_status, seat_type, updated_at, seat_id) 
    values
        (?, ?, ?, ?, ?, ?, ?, default)
Hibernate: 
    insert 
    into
        seats
        (bus_id, created_at, reserved_booking_id, seat_number, seat_status, seat_type, updated_at, seat_id) 
    values
        (?, ?, ?, ?, ?, ?, ?, default)
2026-07-10T09:42:26.982+05:30 DEBUG 66787 --- [FastX-Test] [           main] org.hibernate.SQL                        : 
    insert 
    into
        seats
        (bus_id, created_at, reserved_booking_id, seat_number, seat_status, seat_type, updated_at, seat_id) 
    values
        (?, ?, ?, ?, ?, ?, ?, default)
Hibernate: 
    insert 
    into
        seats
        (bus_id, created_at, reserved_booking_id, seat_number, seat_status, seat_type, updated_at, seat_id) 
    values
        (?, ?, ?, ?, ?, ?, ?, default)
2026-07-10T09:42:26.982+05:30 DEBUG 66787 --- [FastX-Test] [           main] org.hibernate.SQL                        : 
    insert 
    into
        seats
        (bus_id, created_at, reserved_booking_id, seat_number, seat_status, seat_type, updated_at, seat_id) 
    values
        (?, ?, ?, ?, ?, ?, ?, default)
Hibernate: 
    insert 
    into
        seats
        (bus_id, created_at, reserved_booking_id, seat_number, seat_status, seat_type, updated_at, seat_id) 
    values
        (?, ?, ?, ?, ?, ?, ?, default)
2026-07-10T09:42:26.983+05:30 DEBUG 66787 --- [FastX-Test] [           main] org.hibernate.SQL                        : 
    insert 
    into
        seats
        (bus_id, created_at, reserved_booking_id, seat_number, seat_status, seat_type, updated_at, seat_id) 
    values
        (?, ?, ?, ?, ?, ?, ?, default)
Hibernate: 
    insert 
    into
        seats
        (bus_id, created_at, reserved_booking_id, seat_number, seat_status, seat_type, updated_at, seat_id) 
    values
        (?, ?, ?, ?, ?, ?, ?, default)
2026-07-10T09:42:26.983+05:30 DEBUG 66787 --- [FastX-Test] [           main] org.hibernate.SQL                        : 
    insert 
    into
        seats
        (bus_id, created_at, reserved_booking_id, seat_number, seat_status, seat_type, updated_at, seat_id) 
    values
        (?, ?, ?, ?, ?, ?, ?, default)
Hibernate: 
    insert 
    into
        seats
        (bus_id, created_at, reserved_booking_id, seat_number, seat_status, seat_type, updated_at, seat_id) 
    values
        (?, ?, ?, ?, ?, ?, ?, default)
2026-07-10T09:42:26.984+05:30 DEBUG 66787 --- [FastX-Test] [           main] org.hibernate.SQL                        : 
    insert 
    into
        seats
        (bus_id, created_at, reserved_booking_id, seat_number, seat_status, seat_type, updated_at, seat_id) 
    values
        (?, ?, ?, ?, ?, ?, ?, default)
Hibernate: 
    insert 
    into
        seats
        (bus_id, created_at, reserved_booking_id, seat_number, seat_status, seat_type, updated_at, seat_id) 
    values
        (?, ?, ?, ?, ?, ?, ?, default)
2026-07-10T09:42:26.984+05:30 DEBUG 66787 --- [FastX-Test] [           main] org.hibernate.SQL                        : 
    insert 
    into
        seats
        (bus_id, created_at, reserved_booking_id, seat_number, seat_status, seat_type, updated_at, seat_id) 
    values
        (?, ?, ?, ?, ?, ?, ?, default)
Hibernate: 
    insert 
    into
        seats
        (bus_id, created_at, reserved_booking_id, seat_number, seat_status, seat_type, updated_at, seat_id) 
    values
        (?, ?, ?, ?, ?, ?, ?, default)
2026-07-10T09:42:26.984+05:30 DEBUG 66787 --- [FastX-Test] [           main] org.hibernate.SQL                        : 
    insert 
    into
        seats
        (bus_id, created_at, reserved_booking_id, seat_number, seat_status, seat_type, updated_at, seat_id) 
    values
        (?, ?, ?, ?, ?, ?, ?, default)
Hibernate: 
    insert 
    into
        seats
        (bus_id, created_at, reserved_booking_id, seat_number, seat_status, seat_type, updated_at, seat_id) 
    values
        (?, ?, ?, ?, ?, ?, ?, default)
2026-07-10T09:42:26.984+05:30 DEBUG 66787 --- [FastX-Test] [           main] org.hibernate.SQL                        : 
    insert 
    into
        seats
        (bus_id, created_at, reserved_booking_id, seat_number, seat_status, seat_type, updated_at, seat_id) 
    values
        (?, ?, ?, ?, ?, ?, ?, default)
Hibernate: 
    insert 
    into
        seats
        (bus_id, created_at, reserved_booking_id, seat_number, seat_status, seat_type, updated_at, seat_id) 
    values
        (?, ?, ?, ?, ?, ?, ?, default)
2026-07-10T09:42:26.985+05:30 DEBUG 66787 --- [FastX-Test] [           main] org.hibernate.SQL                        : 
    insert 
    into
        seats
        (bus_id, created_at, reserved_booking_id, seat_number, seat_status, seat_type, updated_at, seat_id) 
    values
        (?, ?, ?, ?, ?, ?, ?, default)
Hibernate: 
    insert 
    into
        seats
        (bus_id, created_at, reserved_booking_id, seat_number, seat_status, seat_type, updated_at, seat_id) 
    values
        (?, ?, ?, ?, ?, ?, ?, default)
2026-07-10T09:42:26.985+05:30 DEBUG 66787 --- [FastX-Test] [           main] org.hibernate.SQL                        : 
    insert 
    into
        seats
        (bus_id, created_at, reserved_booking_id, seat_number, seat_status, seat_type, updated_at, seat_id) 
    values
        (?, ?, ?, ?, ?, ?, ?, default)
Hibernate: 
    insert 
    into
        seats
        (bus_id, created_at, reserved_booking_id, seat_number, seat_status, seat_type, updated_at, seat_id) 
    values
        (?, ?, ?, ?, ?, ?, ?, default)
2026-07-10T09:42:26.985+05:30 DEBUG 66787 --- [FastX-Test] [           main] org.hibernate.SQL                        : 
    insert 
    into
        seats
        (bus_id, created_at, reserved_booking_id, seat_number, seat_status, seat_type, updated_at, seat_id) 
    values
        (?, ?, ?, ?, ?, ?, ?, default)
Hibernate: 
    insert 
    into
        seats
        (bus_id, created_at, reserved_booking_id, seat_number, seat_status, seat_type, updated_at, seat_id) 
    values
        (?, ?, ?, ?, ?, ?, ?, default)
2026-07-10T09:42:26.986+05:30 DEBUG 66787 --- [FastX-Test] [           main] org.hibernate.SQL                        : 
    insert 
    into
        seats
        (bus_id, created_at, reserved_booking_id, seat_number, seat_status, seat_type, updated_at, seat_id) 
    values
        (?, ?, ?, ?, ?, ?, ?, default)
Hibernate: 
    insert 
    into
        seats
        (bus_id, created_at, reserved_booking_id, seat_number, seat_status, seat_type, updated_at, seat_id) 
    values
        (?, ?, ?, ?, ?, ?, ?, default)
2026-07-10T09:42:26.986+05:30 DEBUG 66787 --- [FastX-Test] [           main] org.hibernate.SQL                        : 
    insert 
    into
        seats
        (bus_id, created_at, reserved_booking_id, seat_number, seat_status, seat_type, updated_at, seat_id) 
    values
        (?, ?, ?, ?, ?, ?, ?, default)
Hibernate: 
    insert 
    into
        seats
        (bus_id, created_at, reserved_booking_id, seat_number, seat_status, seat_type, updated_at, seat_id) 
    values
        (?, ?, ?, ?, ?, ?, ?, default)
2026-07-10T09:42:26.986+05:30 DEBUG 66787 --- [FastX-Test] [           main] org.hibernate.SQL                        : 
    insert 
    into
        seats
        (bus_id, created_at, reserved_booking_id, seat_number, seat_status, seat_type, updated_at, seat_id) 
    values
        (?, ?, ?, ?, ?, ?, ?, default)
Hibernate: 
    insert 
    into
        seats
        (bus_id, created_at, reserved_booking_id, seat_number, seat_status, seat_type, updated_at, seat_id) 
    values
        (?, ?, ?, ?, ?, ?, ?, default)
2026-07-10T09:42:26.987+05:30 DEBUG 66787 --- [FastX-Test] [           main] org.hibernate.SQL                        : 
    insert 
    into
        seats
        (bus_id, created_at, reserved_booking_id, seat_number, seat_status, seat_type, updated_at, seat_id) 
    values
        (?, ?, ?, ?, ?, ?, ?, default)
Hibernate: 
    insert 
    into
        seats
        (bus_id, created_at, reserved_booking_id, seat_number, seat_status, seat_type, updated_at, seat_id) 
    values
        (?, ?, ?, ?, ?, ?, ?, default)
2026-07-10T09:42:26.987+05:30 DEBUG 66787 --- [FastX-Test] [           main] org.hibernate.SQL                        : 
    insert 
    into
        seats
        (bus_id, created_at, reserved_booking_id, seat_number, seat_status, seat_type, updated_at, seat_id) 
    values
        (?, ?, ?, ?, ?, ?, ?, default)
Hibernate: 
    insert 
    into
        seats
        (bus_id, created_at, reserved_booking_id, seat_number, seat_status, seat_type, updated_at, seat_id) 
    values
        (?, ?, ?, ?, ?, ?, ?, default)
2026-07-10T09:42:26.987+05:30 DEBUG 66787 --- [FastX-Test] [           main] org.hibernate.SQL                        : 
    insert 
    into
        seats
        (bus_id, created_at, reserved_booking_id, seat_number, seat_status, seat_type, updated_at, seat_id) 
    values
        (?, ?, ?, ?, ?, ?, ?, default)
Hibernate: 
    insert 
    into
        seats
        (bus_id, created_at, reserved_booking_id, seat_number, seat_status, seat_type, updated_at, seat_id) 
    values
        (?, ?, ?, ?, ?, ?, ?, default)
2026-07-10T09:42:26.988+05:30 DEBUG 66787 --- [FastX-Test] [           main] org.hibernate.SQL                        : 
    insert 
    into
        seats
        (bus_id, created_at, reserved_booking_id, seat_number, seat_status, seat_type, updated_at, seat_id) 
    values
        (?, ?, ?, ?, ?, ?, ?, default)
Hibernate: 
    insert 
    into
        seats
        (bus_id, created_at, reserved_booking_id, seat_number, seat_status, seat_type, updated_at, seat_id) 
    values
        (?, ?, ?, ?, ?, ?, ?, default)
2026-07-10T09:42:26.988+05:30 DEBUG 66787 --- [FastX-Test] [           main] org.hibernate.SQL                        : 
    insert 
    into
        seats
        (bus_id, created_at, reserved_booking_id, seat_number, seat_status, seat_type, updated_at, seat_id) 
    values
        (?, ?, ?, ?, ?, ?, ?, default)
Hibernate: 
    insert 
    into
        seats
        (bus_id, created_at, reserved_booking_id, seat_number, seat_status, seat_type, updated_at, seat_id) 
    values
        (?, ?, ?, ?, ?, ?, ?, default)
2026-07-10T09:42:26.988+05:30 DEBUG 66787 --- [FastX-Test] [           main] org.hibernate.SQL                        : 
    insert 
    into
        seats
[...]
    insert 
    into
        seats
        (bus_id, created_at, reserved_booking_id, seat_number, seat_status, seat_type, updated_at, seat_id) 
    values
        (?, ?, ?, ?, ?, ?, ?, default)
Hibernate: 
    insert 
    into
        seats
        (bus_id, created_at, reserved_booking_id, seat_number, seat_status, seat_type, updated_at, seat_id) 
    values
        (?, ?, ?, ?, ?, ?, ?, default)
2026-07-10T09:42:27.957+05:30 DEBUG 66787 --- [FastX-Test] [           main] org.hibernate.SQL                        : 
    insert 
    into
        seats
        (bus_id, created_at, reserved_booking_id, seat_number, seat_status, seat_type, updated_at, seat_id) 
    values
        (?, ?, ?, ?, ?, ?, ?, default)
Hibernate: 
    insert 
    into
        seats
        (bus_id, created_at, reserved_booking_id, seat_number, seat_status, seat_type, updated_at, seat_id) 
    values
        (?, ?, ?, ?, ?, ?, ?, default)
2026-07-10T09:42:27.957+05:30 DEBUG 66787 --- [FastX-Test] [           main] org.hibernate.SQL                        : 
    insert 
    into
        seats
        (bus_id, created_at, reserved_booking_id, seat_number, seat_status, seat_type, updated_at, seat_id) 
    values
        (?, ?, ?, ?, ?, ?, ?, default)
Hibernate: 
    insert 
    into
        seats
        (bus_id, created_at, reserved_booking_id, seat_number, seat_status, seat_type, updated_at, seat_id) 
    values
        (?, ?, ?, ?, ?, ?, ?, default)
2026-07-10T09:42:27.957+05:30 DEBUG 66787 --- [FastX-Test] [           main] org.hibernate.SQL                        : 
    insert 
    into
        seats
        (bus_id, created_at, reserved_booking_id, seat_number, seat_status, seat_type, updated_at, seat_id) 
    values
        (?, ?, ?, ?, ?, ?, ?, default)
Hibernate: 
    insert 
    into
        seats
        (bus_id, created_at, reserved_booking_id, seat_number, seat_status, seat_type, updated_at, seat_id) 
    values
        (?, ?, ?, ?, ?, ?, ?, default)
2026-07-10T09:42:27.958+05:30 DEBUG 66787 --- [FastX-Test] [           main] org.hibernate.SQL                        : 
    insert 
    into
        seats
        (bus_id, created_at, reserved_booking_id, seat_number, seat_status, seat_type, updated_at, seat_id) 
    values
        (?, ?, ?, ?, ?, ?, ?, default)
Hibernate: 
    insert 
    into
        seats
        (bus_id, created_at, reserved_booking_id, seat_number, seat_status, seat_type, updated_at, seat_id) 
    values
        (?, ?, ?, ?, ?, ?, ?, default)
2026-07-10T09:42:27.958+05:30 DEBUG 66787 --- [FastX-Test] [           main] org.hibernate.SQL                        : 
    insert 
    into
        seats
        (bus_id, created_at, reserved_booking_id, seat_number, seat_status, seat_type, updated_at, seat_id) 
    values
        (?, ?, ?, ?, ?, ?, ?, default)
Hibernate: 
    insert 
    into
        seats
        (bus_id, created_at, reserved_booking_id, seat_number, seat_status, seat_type, updated_at, seat_id) 
    values
        (?, ?, ?, ?, ?, ?, ?, default)
2026-07-10T09:42:27.958+05:30 DEBUG 66787 --- [FastX-Test] [           main] org.hibernate.SQL                        : 
    insert 
    into
        seats
        (bus_id, created_at, reserved_booking_id, seat_number, seat_status, seat_type, updated_at, seat_id) 
    values
        (?, ?, ?, ?, ?, ?, ?, default)
Hibernate: 
    insert 
    into
        seats
        (bus_id, created_at, reserved_booking_id, seat_number, seat_status, seat_type, updated_at, seat_id) 
    values
        (?, ?, ?, ?, ?, ?, ?, default)
2026-07-10T09:42:27.958+05:30 DEBUG 66787 --- [FastX-Test] [           main] org.hibernate.SQL                        : 
    insert 
    into
        seats
        (bus_id, created_at, reserved_booking_id, seat_number, seat_status, seat_type, updated_at, seat_id) 
    values
        (?, ?, ?, ?, ?, ?, ?, default)
Hibernate: 
    insert 
    into
        seats
        (bus_id, created_at, reserved_booking_id, seat_number, seat_status, seat_type, updated_at, seat_id) 
    values
        (?, ?, ?, ?, ?, ?, ?, default)
2026-07-10T09:42:27.958+05:30 DEBUG 66787 --- [FastX-Test] [           main] org.hibernate.SQL                        : 
    insert 
    into
        seats
        (bus_id, created_at, reserved_booking_id, seat_number, seat_status, seat_type, updated_at, seat_id) 
    values
        (?, ?, ?, ?, ?, ?, ?, default)
Hibernate: 
    insert 
    into
        seats
        (bus_id, created_at, reserved_booking_id, seat_number, seat_status, seat_type, updated_at, seat_id) 
    values
        (?, ?, ?, ?, ?, ?, ?, default)
2026-07-10T09:42:27.958+05:30 DEBUG 66787 --- [FastX-Test] [           main] org.hibernate.SQL                        : 
    insert 
    into
        seats
        (bus_id, created_at, reserved_booking_id, seat_number, seat_status, seat_type, updated_at, seat_id) 
    values
        (?, ?, ?, ?, ?, ?, ?, default)
Hibernate: 
    insert 
    into
        seats
        (bus_id, created_at, reserved_booking_id, seat_number, seat_status, seat_type, updated_at, seat_id) 
    values
        (?, ?, ?, ?, ?, ?, ?, default)
2026-07-10T09:42:27.958+05:30 DEBUG 66787 --- [FastX-Test] [           main] org.hibernate.SQL                        : 
    insert 
    into
        seats
        (bus_id, created_at, reserved_booking_id, seat_number, seat_status, seat_type, updated_at, seat_id) 
    values
        (?, ?, ?, ?, ?, ?, ?, default)
Hibernate: 
    insert 
    into
        seats
        (bus_id, created_at, reserved_booking_id, seat_number, seat_status, seat_type, updated_at, seat_id) 
    values
        (?, ?, ?, ?, ?, ?, ?, default)
2026-07-10T09:42:27.959+05:30 DEBUG 66787 --- [FastX-Test] [           main] org.hibernate.SQL                        : 
    insert 
    into
        seats
        (bus_id, created_at, reserved_booking_id, seat_number, seat_status, seat_type, updated_at, seat_id) 
    values
        (?, ?, ?, ?, ?, ?, ?, default)
Hibernate: 
    insert 
    into
        seats
        (bus_id, created_at, reserved_booking_id, seat_number, seat_status, seat_type, updated_at, seat_id) 
    values
        (?, ?, ?, ?, ?, ?, ?, default)
2026-07-10T09:42:27.959+05:30 DEBUG 66787 --- [FastX-Test] [           main] org.hibernate.SQL                        : 
    insert 
    into
        seats
        (bus_id, created_at, reserved_booking_id, seat_number, seat_status, seat_type, updated_at, seat_id) 
    values
        (?, ?, ?, ?, ?, ?, ?, default)
Hibernate: 
    insert 
    into
        seats
        (bus_id, created_at, reserved_booking_id, seat_number, seat_status, seat_type, updated_at, seat_id) 
    values
        (?, ?, ?, ?, ?, ?, ?, default)
2026-07-10T09:42:27.959+05:30 DEBUG 66787 --- [FastX-Test] [           main] org.hibernate.SQL                        : 
    insert 
    into
        seats
        (bus_id, created_at, reserved_booking_id, seat_number, seat_status, seat_type, updated_at, seat_id) 
    values
        (?, ?, ?, ?, ?, ?, ?, default)
Hibernate: 
    insert 
    into
        seats
        (bus_id, created_at, reserved_booking_id, seat_number, seat_status, seat_type, updated_at, seat_id) 
    values
        (?, ?, ?, ?, ?, ?, ?, default)
2026-07-10T09:42:27.959+05:30 DEBUG 66787 --- [FastX-Test] [           main] org.hibernate.SQL                        : 
    insert 
    into
        seats
        (bus_id, created_at, reserved_booking_id, seat_number, seat_status, seat_type, updated_at, seat_id) 
    values
        (?, ?, ?, ?, ?, ?, ?, default)
Hibernate: 
    insert 
    into
        seats
        (bus_id, created_at, reserved_booking_id, seat_number, seat_status, seat_type, updated_at, seat_id) 
    values
        (?, ?, ?, ?, ?, ?, ?, default)
2026-07-10T09:42:27.959+05:30 DEBUG 66787 --- [FastX-Test] [           main] org.hibernate.SQL                        : 
    insert 
    into
        seats
        (bus_id, created_at, reserved_booking_id, seat_number, seat_status, seat_type, updated_at, seat_id) 
    values
        (?, ?, ?, ?, ?, ?, ?, default)
Hibernate: 
    insert 
    into
        seats
        (bus_id, created_at, reserved_booking_id, seat_number, seat_status, seat_type, updated_at, seat_id) 
    values
        (?, ?, ?, ?, ?, ?, ?, default)
2026-07-10T09:42:27.960+05:30 DEBUG 66787 --- [FastX-Test] [           main] org.hibernate.SQL                        : 
    insert 
    into
        seats
        (bus_id, created_at, reserved_booking_id, seat_number, seat_status, seat_type, updated_at, seat_id) 
    values
        (?, ?, ?, ?, ?, ?, ?, default)
Hibernate: 
    insert 
    into
        seats
        (bus_id, created_at, reserved_booking_id, seat_number, seat_status, seat_type, updated_at, seat_id) 
    values
        (?, ?, ?, ?, ?, ?, ?, default)
2026-07-10T09:42:27.960+05:30 DEBUG 66787 --- [FastX-Test] [           main] org.hibernate.SQL                        : 
    insert 
    into
        seats
        (bus_id, created_at, reserved_booking_id, seat_number, seat_status, seat_type, updated_at, seat_id) 
    values
        (?, ?, ?, ?, ?, ?, ?, default)
Hibernate: 
    insert 
    into
        seats
        (bus_id, created_at, reserved_booking_id, seat_number, seat_status, seat_type, updated_at, seat_id) 
    values
        (?, ?, ?, ?, ?, ?, ?, default)
2026-07-10T09:42:27.960+05:30 DEBUG 66787 --- [FastX-Test] [           main] org.hibernate.SQL                        : 
    insert 
    into
        seats
        (bus_id, created_at, reserved_booking_id, seat_number, seat_status, seat_type, updated_at, seat_id) 
    values
        (?, ?, ?, ?, ?, ?, ?, default)
Hibernate: 
    insert 
    into
        seats
        (bus_id, created_at, reserved_booking_id, seat_number, seat_status, seat_type, updated_at, seat_id) 
    values
        (?, ?, ?, ?, ?, ?, ?, default)
2026-07-10T09:42:27.960+05:30  INFO 66787 --- [FastX-Test] [           main] c.h.fastx.service.impl.BusServiceImpl    : 40 seats created for Bus ID: 15
2026-07-10T09:42:27.961+05:30 DEBUG 66787 --- [FastX-Test] [           main] org.hibernate.SQL                        : 
    select
        s1_0.seat_id,
        s1_0.bus_id,
        s1_0.created_at,
        s1_0.reserved_booking_id,
        s1_0.seat_number,
        s1_0.seat_status,
        s1_0.seat_type,
        s1_0.updated_at 
    from
        seats s1_0 
    where
        s1_0.bus_id=? 
        and s1_0.seat_status=?
Hibernate: 
    select
        s1_0.seat_id,
        s1_0.bus_id,
        s1_0.created_at,
        s1_0.reserved_booking_id,
        s1_0.seat_number,
        s1_0.seat_status,
        s1_0.seat_type,
        s1_0.updated_at 
    from
        seats s1_0 
    where
        s1_0.bus_id=? 
        and s1_0.seat_status=?
2026-07-10T09:42:27.962+05:30  INFO 66787 --- [FastX-Test] [           main] c.h.f.service.impl.BookingServiceImpl    : Creating booking for User ID: 15 on Bus ID: 15
2026-07-10T09:42:27.962+05:30  INFO 66787 --- [FastX-Test] [           main] c.h.f.service.impl.BookingServiceImpl    : Number of passengers: 1
2026-07-10T09:42:27.963+05:30 DEBUG 66787 --- [FastX-Test] [           main] org.hibernate.SQL                        : 
    select
        count(s1_0.seat_id) 
    from
        seats s1_0 
    where
        s1_0.bus_id=? 
        and s1_0.seat_status=?
Hibernate: 
    select
        count(s1_0.seat_id) 
    from
        seats s1_0 
    where
        s1_0.bus_id=? 
        and s1_0.seat_status=?
2026-07-10T09:42:27.963+05:30  INFO 66787 --- [FastX-Test] [           main] c.h.f.service.impl.BookingServiceImpl    : Total amount calculated: 500.0 (fare 500.0 x 1 passengers)
2026-07-10T09:42:27.963+05:30  INFO 66787 --- [FastX-Test] [           main] c.h.f.service.impl.BookingServiceImpl    : Reservation expires at: 2026-07-10T10:12:27.963759339 (30-minute window)
2026-07-10T09:42:27.963+05:30 DEBUG 66787 --- [FastX-Test] [           main] org.hibernate.SQL                        : 
    insert 
    into
        bookings
        (booking_date, booking_status, bus_id, created_at, reservation_expires_at, total_amount, updated_at, user_id, booking_id) 
    values
        (?, ?, ?, ?, ?, ?, ?, ?, default)
Hibernate: 
    insert 
    into
        bookings
        (booking_date, booking_status, bus_id, created_at, reservation_expires_at, total_amount, updated_at, user_id, booking_id) 
    values
        (?, ?, ?, ?, ?, ?, ?, ?, default)
2026-07-10T09:42:27.964+05:30  INFO 66787 --- [FastX-Test] [           main] c.h.f.service.impl.BookingServiceImpl    : Booking saved with auto-generated ID: 14. User will use this ID to complete payment.
2026-07-10T09:42:27.964+05:30  INFO 66787 --- [FastX-Test] [           main] c.h.fastx.service.impl.SeatServiceImpl   : Seat reserved (held for payment): B15-01 for Booking ID: 14
2026-07-10T09:42:27.964+05:30 DEBUG 66787 --- [FastX-Test] [           main] org.hibernate.SQL                        : 
    insert 
    into
        passengers
        (age, booking_id, created_at, gender, name, seat_id, updated_at, passenger_id) 
    values
        (?, ?, ?, ?, ?, ?, ?, default)
Hibernate: 
    insert 
    into
        passengers
        (age, booking_id, created_at, gender, name, seat_id, updated_at, passenger_id) 
    values
        (?, ?, ?, ?, ?, ?, ?, default)
2026-07-10T09:42:27.964+05:30  INFO 66787 --- [FastX-Test] [           main] c.h.f.service.impl.BookingServiceImpl    : Passenger added: Buddy (Age: 21) -> Seat: B15-01
2026-07-10T09:42:27.965+05:30 DEBUG 66787 --- [FastX-Test] [           main] org.hibernate.SQL                        : 
    insert 
    into
        payments
        (amount, booking_id, created_at, payment_date, payment_method, payment_status, transaction_id, updated_at, payment_id) 
    values
        (?, ?, ?, ?, ?, ?, ?, ?, default)
Hibernate: 
    insert 
    into
        payments
        (amount, booking_id, created_at, payment_date, payment_method, payment_status, transaction_id, updated_at, payment_id) 
    values
        (?, ?, ?, ?, ?, ?, ?, ?, default)
2026-07-10T09:42:27.965+05:30  INFO 66787 --- [FastX-Test] [           main] c.h.f.service.impl.BookingServiceImpl    : Pending payment record created for Booking ID: 14
2026-07-10T09:42:27.965+05:30  INFO 66787 --- [FastX-Test] [           main] c.h.f.service.impl.BookingServiceImpl    : Booking created successfully! Booking ID: 14 | Status: PENDING | Seats: RESERVED for 30 mins | Complete payment to confirm.
2026-07-10T09:42:27.968+05:30 DEBUG 66787 --- [FastX-Test] [           main] org.hibernate.SQL                        : 
    select
        p1_0.payment_id,
        p1_0.amount,
        p1_0.booking_id,
        p1_0.created_at,
        p1_0.payment_date,
        p1_0.payment_method,
        p1_0.payment_status,
        p1_0.transaction_id,
        p1_0.updated_at 
    from
        payments p1_0 
    where
        p1_0.booking_id=?
Hibernate: 
    select
        p1_0.payment_id,
        p1_0.amount,
        p1_0.booking_id,
        p1_0.created_at,
        p1_0.payment_date,
        p1_0.payment_method,
        p1_0.payment_status,
        p1_0.transaction_id,
        p1_0.updated_at 
    from
        payments p1_0 
    where
        p1_0.booking_id=?
2026-07-10T09:42:27.969+05:30  INFO 66787 --- [FastX-Test] [           main] c.h.f.service.impl.PaymentServiceImpl    : Payment processed successfully for Booking ID: 14. Transaction ID: 9c378af2-cc75-40e4-9edb-a59d5655925a
2026-07-10T09:42:27.969+05:30  INFO 66787 --- [FastX-Test] [           main] c.h.f.service.impl.BookingServiceImpl    : Confirming booking with ID: 14
2026-07-10T09:42:27.969+05:30  INFO 66787 --- [FastX-Test] [           main] c.h.fastx.service.impl.SeatServiceImpl   : Seat confirmed (BOOKED): B15-01
2026-07-10T09:42:27.969+05:30  INFO 66787 --- [FastX-Test] [           main] c.h.f.service.impl.BookingServiceImpl    : Seats confirmed (RESERVED -> BOOKED) for Booking ID: 14
2026-07-10T09:42:27.969+05:30  INFO 66787 --- [FastX-Test] [           main] c.h.f.service.impl.BookingServiceImpl    : Booking confirmed successfully. Booking ID: 14 | Seats are now permanently BOOKED.
2026-07-10T09:42:27.969+05:30  INFO 66787 --- [FastX-Test] [           main] c.h.f.service.impl.PaymentServiceImpl    : Booking auto-confirmed after payment. Booking ID: 14 | Seats are now permanently BOOKED.
2026-07-10T09:42:27.969+05:30  INFO 66787 --- [FastX-Test] [           main] c.h.f.service.impl.BookingServiceImpl    : Cancelling booking with ID: 14 and reason: null
2026-07-10T09:42:27.970+05:30  INFO 66787 --- [FastX-Test] [           main] c.h.fastx.service.impl.SeatServiceImpl   : Seat released: B15-01
2026-07-10T09:42:27.970+05:30  INFO 66787 --- [FastX-Test] [           main] c.h.f.service.impl.BookingServiceImpl    : Released 1 seats for cancelled Booking ID: 14
2026-07-10T09:42:27.970+05:30 DEBUG 66787 --- [FastX-Test] [           main] org.hibernate.SQL                        : 
    update
        bookings 
    set
        booking_date=?,
        booking_status=?,
        bus_id=?,
        created_at=?,
        reservation_expires_at=?,
        total_amount=?,
        updated_at=?,
        user_id=? 
    where
        booking_id=?
Hibernate: 
    update
        bookings 
    set
        booking_date=?,
        booking_status=?,
        bus_id=?,
        created_at=?,
        reservation_expires_at=?,
        total_amount=?,
        updated_at=?,
        user_id=? 
    where
        booking_id=?
2026-07-10T09:42:27.971+05:30 DEBUG 66787 --- [FastX-Test] [           main] org.hibernate.SQL                        : 
    update
        payments 
    set
        amount=?,
        booking_id=?,
        created_at=?,
        payment_date=?,
        payment_method=?,
        payment_status=?,
        transaction_id=?,
        updated_at=? 
    where
        payment_id=?
Hibernate: 
    update
        payments 
    set
        amount=?,
        booking_id=?,
        created_at=?,
        payment_date=?,
        payment_method=?,
        payment_status=?,
        transaction_id=?,
        updated_at=? 
    where
        payment_id=?
2026-07-10T09:42:27.971+05:30  INFO 66787 --- [FastX-Test] [           main] c.h.f.service.impl.BookingServiceImpl    : Deleted 1 passenger records for cancelled Booking ID: 14
2026-07-10T09:42:27.974+05:30 DEBUG 66787 --- [FastX-Test] [           main] org.hibernate.SQL                        : 
    select
        r1_0.refund_id,
        r1_0.booking_id,
        r1_0.created_at,
        r1_0.reason,
        r1_0.refund_amount,
        r1_0.refund_date,
        r1_0.refund_status,
        r1_0.updated_at 
    from
        refunds r1_0 
    where
        r1_0.booking_id=?
Hibernate: 
    select
        r1_0.refund_id,
        r1_0.booking_id,
        r1_0.created_at,
        r1_0.reason,
        r1_0.refund_amount,
        r1_0.refund_date,
        r1_0.refund_status,
        r1_0.updated_at 
    from
        refunds r1_0 
    where
        r1_0.booking_id=?
2026-07-10T09:42:27.975+05:30 DEBUG 66787 --- [FastX-Test] [           main] org.hibernate.SQL                        : 
    insert 
    into
        refunds
        (booking_id, created_at, reason, refund_amount, refund_date, refund_status, updated_at, refund_id) 
    values
        (?, ?, ?, ?, ?, ?, ?, default)
Hibernate: 
    insert 
    into
        refunds
        (booking_id, created_at, reason, refund_amount, refund_date, refund_status, updated_at, refund_id) 
    values
        (?, ?, ?, ?, ?, ?, ?, default)
2026-07-10T09:42:27.976+05:30  INFO 66787 --- [FastX-Test] [           main] c.h.f.service.impl.BookingServiceImpl    : Refund auto-created for cancelled Booking ID: 14. Amount: 500.0
2026-07-10T09:42:27.976+05:30  INFO 66787 --- [FastX-Test] [           main] c.h.f.service.impl.BookingServiceImpl    : Payment marked as REFUNDED for Booking ID: 14
2026-07-10T09:42:27.976+05:30  INFO 66787 --- [FastX-Test] [           main] c.h.f.service.impl.BookingServiceImpl    : Booking cancelled successfully. Booking ID: 14 | Refund created: true
]]></system-out>
  </testcase>
</testsuite>